<?xml version="1.0" encoding="UTF-8"?>
<testsuite xmlns:xsi="http://www.w3.org/2001/XMLSchema-instance" xsi:noNamespaceSchemaLocation="https://maven.apache.org/surefire/maven-surefire-plugin/xsd/surefire-test-report-3.0.xsd" version="3.0" name="com.cas.Phase1ApplicationTest" time="1.358" tests="4" errors="0" skipped="0" failures="0">
  <properties>
[...]
</properties>
  <testcase name="should_load_application_context" classname="com.cas.Phase1ApplicationTest" time="0.006">
    <system-out><![CDATA[2026-06-14T00:47:09.871+08:00  INFO 42060 --- [           main] t.c.s.AnnotationConfigContextLoaderUtils : Could not detect default configuration classes for test class [com.cas.Phase1ApplicationTest]: Phase1ApplicationTest does not declare any static, non-private, non-final, nested classes annotated with @Configuration.
2026-06-14T00:47:09.873+08:00  INFO 42060 --- [           main] .b.t.c.SpringBootTestContextBootstrapper : Found @SpringBootConfiguration com.cas.CasApplication for test class com.cas.Phase1ApplicationTest

  .   ____          _            __ _ _
 /\\ / ___'_ __ _ _(_)_ __  __ _ \ \ \ \
( ( )\___ | '_ | '_| | '_ \/ _` | \ \ \ \
 \\/  ___)| |_)| | | | | || (_| |  ) ) ) )
  '  |____| .__|_| |_|_| |_\__, | / / / /
 =========|_|==============|___/=/_/_/_/
 :: Spring Boot ::                (v3.2.5)

2026-06-14T00:47:09.903+08:00  INFO 42060 --- [           main] com.cas.Phase1ApplicationTest            : Starting Phase1ApplicationTest using Java 17.0.9 with PID 42060 (started by 方鸿达1 in D:\project_reopsitory\CAS\backend)
2026-06-14T00:47:09.904+08:00  INFO 42060 --- [           main] com.cas.Phase1ApplicationTest            : No active profile set, falling back to 1 default profile: "default"
2026-06-14T00:47:10.198+08:00  INFO 42060 --- [           main] .s.d.r.c.RepositoryConfigurationDelegate : Multiple Spring Data modules found, entering strict repository configuration mode
2026-06-14T00:47:10.198+08:00  INFO 42060 --- [           main] .s.d.r.c.RepositoryConfigurationDelegate : Bootstrapping Spring Data Redis repositories in DEFAULT mode.
2026-06-14T00:47:10.215+08:00  INFO 42060 --- [           main] .s.d.r.c.RepositoryConfigurationDelegate : Finished Spring Data repository scanning in 16 ms. Found 0 Redis repository interfaces.
Logging initialized using 'class org.apache.ibatis.logging.stdout.StdOutImpl' adapter.
Get /172.17.64.1 network interface 
Get network interface info: name:eth17 (Hyper-V Virtual Ethernet Adapter #2)
Initialization Sequence datacenterId:9 workerId:19
 _ _   |_  _ _|_. ___ _ |    _ 
| | |\/|_)(_| | |_\  |_)||_|_\ 
     /               |         
                        3.5.7 
2026-06-14T00:47:10.521+08:00  INFO 42060 --- [           main] com.zaxxer.hikari.HikariDataSource       : HikariPool-2 - Starting...
2026-06-14T00:47:10.543+08:00  INFO 42060 --- [           main] com.zaxxer.hikari.pool.HikariPool        : HikariPool-2 - Added connection com.mysql.cj.jdbc.ConnectionImpl@67dc8aa8
2026-06-14T00:47:10.544+08:00  INFO 42060 --- [           main] com.zaxxer.hikari.HikariDataSource       : HikariPool-2 - Start completed.
2026-06-14T00:47:10.556+08:00  INFO 42060 --- [           main] org.flywaydb.core.FlywayExecutor         : Database: jdbc:mysql://localhost:3306/cas (MySQL 8.0)
2026-06-14T00:47:10.583+08:00  INFO 42060 --- [           main] o.f.core.internal.command.DbValidate     : Successfully validated 2 migrations (execution time 00:00.012s)
2026-06-14T00:47:10.605+08:00  INFO 42060 --- [           main] o.f.core.internal.command.DbMigrate      : Current version of schema `cas`: 2
2026-06-14T00:47:10.607+08:00  INFO 42060 --- [           main] o.f.core.internal.command.DbMigrate      : Schema `cas` is up to date. No migration necessary.
2026-06-14T00:47:10.990+08:00  INFO 42060 --- [           main] o.s.s.web.DefaultSecurityFilterChain     : Will secure any request with [org.springframework.security.web.session.DisableEncodeUrlFilter@7b6824db, org.springframework.security.web.context.request.async.WebAsyncManagerIntegrationFilter@509d0d21, org.springframework.security.web.context.SecurityContextHolderFilter@60ab906e, org.springframework.security.web.header.HeaderWriterFilter@13c147f8, org.springframework.web.filter.CorsFilter@635900ef, org.springframework.security.web.authentication.logout.LogoutFilter@435b944c, com.cas.auth.JwtAuthenticationFilter@3e272f0, org.springframework.security.web.savedrequest.RequestCacheAwareFilter@8551ee6, org.springframework.security.web.servletapi.SecurityContextHolderAwareRequestFilter@11b26693, org.springframework.security.web.authentication.AnonymousAuthenticationFilter@5a6dd1e7, org.springframework.security.web.session.SessionManagementFilter@5936e4ba, org.springframework.security.web.access.ExceptionTranslationFilter@7a725c89, org.springframework.security.web.access.intercept.AuthorizationFilter@648e25f2]
2026-06-14T00:47:11.131+08:00  INFO 42060 --- [           main] o.s.a.r.c.CachingConnectionFactory       : Attempting to connect to: [localhost:5672]
2026-06-14T00:47:11.142+08:00  INFO 42060 --- [           main] o.s.a.r.c.CachingConnectionFactory       : Created new connection: rabbitConnectionFactory#202d83b9:0/SimpleConnection@43a8dd9b [delegate=amqp://guest@127.0.0.1:5672/, localPort=49965]
Creating a new SqlSession
SqlSession [org.apache.ibatis.session.defaults.DefaultSqlSession@1d4a08af] was not registered for synchronization because synchronization is not active
2026-06-14T00:47:11.172+08:00  INFO 42060 --- [           main] com.cas.Phase1ApplicationTest            : Started Phase1ApplicationTest in 1.291 seconds (process running for 11.454)
JDBC Connection [HikariProxyConnection@397566943 wrapping com.mysql.cj.jdbc.ConnectionImpl@67dc8aa8] will not be managed by Spring
==>  Preparing: UPDATE selection_campaign SET status=?, updated_at=? WHERE (status = ? AND start_time <= ?)
==> Parameters: ACTIVE(String), 2026-06-14T00:47:11.172073200(LocalDateTime), PENDING(String), 2026-06-14T00:47:11.172073200(LocalDateTime)
<==    Updates: 0
Closing non transactional SqlSession [org.apache.ibatis.session.defaults.DefaultSqlSession@1d4a08af]
Creating a new SqlSession
SqlSession [org.apache.ibatis.session.defaults.DefaultSqlSession@1f729ac4] was not registered for synchronization because synchronization is not active
JDBC Connection [HikariProxyConnection@1736462648 wrapping com.mysql.cj.jdbc.ConnectionImpl@67dc8aa8] will not be managed by Spring
==>  Preparing: UPDATE selection_campaign SET status=?, updated_at=? WHERE (status = ? AND end_time <= ?)
==> Parameters: ENDED(String), 2026-06-14T00:47:11.172073200(LocalDateTime), ACTIVE(String), 2026-06-14T00:47:11.172073200(LocalDateTime)
<==    Updates: 0
Closing non transactional SqlSession [org.apache.ibatis.session.defaults.DefaultSqlSession@1f729ac4]
]]></system-out>
  </testcase>
  <testcase name="should_have_datasource_configured" classname="com.cas.Phase1ApplicationTest" time="0.006"/>
  <testcase name="should_have_all_7_tables_created_by_flyway" classname="com.cas.Phase1ApplicationTest" time="0.008"/>
  <testcase name="should_have_admin_user_seeded_by_flyway" classname="com.cas.Phase1ApplicationTest" time="0.004"/>
</testsuite>