<?xml version="1.0" encoding="UTF-8"?>
<testsuite xmlns:xsi="http://www.w3.org/2001/XMLSchema-instance" xsi:noNamespaceSchemaLocation="https://maven.apache.org/surefire/maven-surefire-plugin/xsd/surefire-test-report-3.0.xsd" version="3.0" name="com.cas.Phase9ReviewTest" time="5.17" tests="4" errors="0" skipped="0" failures="0">
  <properties>
[...]
</properties>
  <testcase name="should_return_409_when_already_reviewed" classname="com.cas.Phase9ReviewTest" time="0.733">
    <system-out><![CDATA[2026-06-14T00:47:19.786+08:00  INFO 42060 --- [           main] t.c.s.AnnotationConfigContextLoaderUtils : Could not detect default configuration classes for test class [com.cas.Phase9ReviewTest]: Phase9ReviewTest does not declare any static, non-private, non-final, nested classes annotated with @Configuration.
2026-06-14T00:47:19.787+08:00  INFO 42060 --- [           main] .b.t.c.SpringBootTestContextBootstrapper : Found @SpringBootConfiguration com.cas.CasApplication for test class com.cas.Phase9ReviewTest
Creating a new SqlSession
SqlSession [org.apache.ibatis.session.defaults.DefaultSqlSession@5862a07b] was not registered for synchronization because synchronization is not active
JDBC Connection [HikariProxyConnection@1275988405 wrapping com.mysql.cj.jdbc.ConnectionImpl@1e9d721] will not be managed by Spring
==>  Preparing: SELECT id,name,semester_id,start_time,end_time,status,created_at,updated_at FROM selection_campaign WHERE (name LIKE ?)
==> Parameters: %测试%(String)
<==      Total: 0
Closing non transactional SqlSession [org.apache.ibatis.session.defaults.DefaultSqlSession@5862a07b]
Creating a new SqlSession
SqlSession [org.apache.ibatis.session.defaults.DefaultSqlSession@5c5cd332] was not registered for synchronization because synchronization is not active
JDBC Connection [HikariProxyConnection@1612917421 wrapping com.mysql.cj.jdbc.ConnectionImpl@1e9d721] will not be managed by Spring
==>  Preparing: SELECT id,username,password,real_name,role,student_id,department,major,grade,email,phone,avatar_url,status,created_at,updated_at FROM sys_user WHERE (username = ?)
==> Parameters: tch_review(String)
<==    Columns: id, username, password, real_name, role, student_id, department, major, grade, email, phone, avatar_url, status, created_at, updated_at
<==        Row: 18, tch_review, $2a$10$foSkaqoT9ADqzbnEeJmxzuJI/6euEY0N8gQSW2MlwfjqEoklo9bQS, 审核测试教师, TEACHER, null, 计算机学院, null, null, null, null, null, 1, 2026-06-12 00:03:38, 2026-06-12 00:03:38
<==      Total: 1
Closing non transactional SqlSession [org.apache.ibatis.session.defaults.DefaultSqlSession@5c5cd332]
Creating a new SqlSession
SqlSession [org.apache.ibatis.session.defaults.DefaultSqlSession@155788a7] was not registered for synchronization because synchronization is not active
JDBC Connection [HikariProxyConnection@1826139874 wrapping com.mysql.cj.jdbc.ConnectionImpl@1e9d721] will not be managed by Spring
==>  Preparing: SELECT id,username,password,real_name,role,student_id,department,major,grade,email,phone,avatar_url,status,created_at,updated_at FROM sys_user WHERE (username = ?)
==> Parameters: stu_review(String)
<==    Columns: id, username, password, real_name, role, student_id, department, major, grade, email, phone, avatar_url, status, created_at, updated_at
<==        Row: 19, stu_review, $2a$10$y.FnDjCDFoqWr/LrmrMlG.6zp.k2IjmZMvz9NyPQ785xPH.KJ/k5u, 审核测试学生, STUDENT, 20242001, 计算机学院, 计算机科学与技术, 2024, null, null, null, 1, 2026-06-12 00:03:38, 2026-06-12 00:03:38
<==      Total: 1
Closing non transactional SqlSession [org.apache.ibatis.session.defaults.DefaultSqlSession@155788a7]
Creating a new SqlSession
SqlSession [org.apache.ibatis.session.defaults.DefaultSqlSession@fe11c61] was not registered for synchronization because synchronization is not active
JDBC Connection [HikariProxyConnection@1294629061 wrapping com.mysql.cj.jdbc.ConnectionImpl@1e9d721] will not be managed by Spring
==>  Preparing: SELECT id,username,password,real_name,role,student_id,department,major,grade,email,phone,avatar_url,status,created_at,updated_at FROM sys_user WHERE (username = ?)
==> Parameters: admin(String)
<==    Columns: id, username, password, real_name, role, student_id, department, major, grade, email, phone, avatar_url, status, created_at, updated_at
<==        Row: 1, admin, $2a$10$rFM116gu1rpNKmDODWIOsOoNbN1ihao.5eLRT/e90pHMi0HrlCG2e, 系统管理员, ADMIN, null, null, null, null, null, null, null, 1, 2026-06-11 23:42:45, 2026-06-11 23:42:45
<==      Total: 1
Closing non transactional SqlSession [org.apache.ibatis.session.defaults.DefaultSqlSession@fe11c61]
Creating a new SqlSession
SqlSession [org.apache.ibatis.session.defaults.DefaultSqlSession@719bd807] was not registered for synchronization because synchronization is not active
JDBC Connection [HikariProxyConnection@1861815283 wrapping com.mysql.cj.jdbc.ConnectionImpl@1e9d721] will not be managed by Spring
==>  Preparing: SELECT id,username,password,real_name,role,student_id,department,major,grade,email,phone,avatar_url,status,created_at,updated_at FROM sys_user WHERE (username = ?)
==> Parameters: admin(String)
<==    Columns: id, username, password, real_name, role, student_id, department, major, grade, email, phone, avatar_url, status, created_at, updated_at
<==        Row: 1, admin, $2a$10$rFM116gu1rpNKmDODWIOsOoNbN1ihao.5eLRT/e90pHMi0HrlCG2e, 系统管理员, ADMIN, null, null, null, null, null, null, null, 1, 2026-06-11 23:42:45, 2026-06-11 23:42:45
<==      Total: 1
Closing non transactional SqlSession [org.apache.ibatis.session.defaults.DefaultSqlSession@719bd807]
Creating a new SqlSession
Registering transaction synchronization for SqlSession [org.apache.ibatis.session.defaults.DefaultSqlSession@59b248ae]
JDBC Connection [HikariProxyConnection@1431154180 wrapping com.mysql.cj.jdbc.ConnectionImpl@1e9d721] will be managed by Spring
==>  Preparing: INSERT INTO semester ( name, academic_year, semester_type, start_date, end_date, status, created_at, updated_at ) VALUES ( ?, ?, ?, ?, ?, ?, ?, ? )
==> Parameters: 审核测试学期(String), 2025-2026(String), FIRST(String), 2025-09-01(LocalDate), 2026-01-15(LocalDate), INACTIVE(String), 2026-06-14T00:47:19.919789700(LocalDateTime), 2026-06-14T00:47:19.919789700(LocalDateTime)
<==    Updates: 1
Releasing transactional SqlSession [org.apache.ibatis.session.defaults.DefaultSqlSession@59b248ae]
Transaction synchronization committing SqlSession [org.apache.ibatis.session.defaults.DefaultSqlSession@59b248ae]
Transaction synchronization deregistering SqlSession [org.apache.ibatis.session.defaults.DefaultSqlSession@59b248ae]
Transaction synchronization closing SqlSession [org.apache.ibatis.session.defaults.DefaultSqlSession@59b248ae]
Creating a new SqlSession
SqlSession [org.apache.ibatis.session.defaults.DefaultSqlSession@613b0ed7] was not registered for synchronization because synchronization is not active
JDBC Connection [HikariProxyConnection@1167121826 wrapping com.mysql.cj.jdbc.ConnectionImpl@1e9d721] will not be managed by Spring
==>  Preparing: SELECT id,username,password,real_name,role,student_id,department,major,grade,email,phone,avatar_url,status,created_at,updated_at FROM sys_user WHERE (username = ?)
==> Parameters: admin(String)
<==    Columns: id, username, password, real_name, role, student_id, department, major, grade, email, phone, avatar_url, status, created_at, updated_at
<==        Row: 1, admin, $2a$10$rFM116gu1rpNKmDODWIOsOoNbN1ihao.5eLRT/e90pHMi0HrlCG2e, 系统管理员, ADMIN, null, null, null, null, null, null, null, 1, 2026-06-11 23:42:45, 2026-06-11 23:42:45
<==      Total: 1
Closing non transactional SqlSession [org.apache.ibatis.session.defaults.DefaultSqlSession@613b0ed7]
Creating a new SqlSession
Registering transaction synchronization for SqlSession [org.apache.ibatis.session.defaults.DefaultSqlSession@6ab9ac33]
JDBC Connection [HikariProxyConnection@1089227160 wrapping com.mysql.cj.jdbc.ConnectionImpl@1e9d721] will be managed by Spring
==>  Preparing: SELECT id,name,academic_year,semester_type,start_date,end_date,status,created_at,updated_at FROM semester WHERE id=?
==> Parameters: 451(Long)
<==    Columns: id, name, academic_year, semester_type, start_date, end_date, status, created_at, updated_at
<==        Row: 451, 审核测试学期, 2025-2026, FIRST, 2025-09-01, 2026-01-15, INACTIVE, 2026-06-14 00:47:20, 2026-06-14 00:47:20
<==      Total: 1
Releasing transactional SqlSession [org.apache.ibatis.session.defaults.DefaultSqlSession@6ab9ac33]
Fetched SqlSession [org.apache.ibatis.session.defaults.DefaultSqlSession@6ab9ac33] from current transaction
==>  Preparing: UPDATE semester SET status=?, updated_at=? WHERE (status = ?)
==> Parameters: INACTIVE(String), 2026-06-14T00:47:19.988304700(LocalDateTime), ACTIVE(String)
<==    Updates: 1
Releasing transactional SqlSession [org.apache.ibatis.session.defaults.DefaultSqlSession@6ab9ac33]
Fetched SqlSession [org.apache.ibatis.session.defaults.DefaultSqlSession@6ab9ac33] from current transaction
==>  Preparing: UPDATE semester SET name=?, academic_year=?, semester_type=?, start_date=?, end_date=?, status=?, created_at=?, updated_at=? WHERE id=?
==> Parameters: 审核测试学期(String), 2025-2026(String), FIRST(String), 2025-09-01(LocalDate), 2026-01-15(LocalDate), ACTIVE(String), 2026-06-14T00:47:20(LocalDateTime), 2026-06-14T00:47:19.989268800(LocalDateTime), 451(Long)
<==    Updates: 1
Releasing transactional SqlSession [org.apache.ibatis.session.defaults.DefaultSqlSession@6ab9ac33]
Transaction synchronization committing SqlSession [org.apache.ibatis.session.defaults.DefaultSqlSession@6ab9ac33]
Transaction synchronization deregistering SqlSession [org.apache.ibatis.session.defaults.DefaultSqlSession@6ab9ac33]
Transaction synchronization closing SqlSession [org.apache.ibatis.session.defaults.DefaultSqlSession@6ab9ac33]
Creating a new SqlSession
SqlSession [org.apache.ibatis.session.defaults.DefaultSqlSession@3123ee70] was not registered for synchronization because synchronization is not active
JDBC Connection [HikariProxyConnection@1437595328 wrapping com.mysql.cj.jdbc.ConnectionImpl@1e9d721] will not be managed by Spring
==>  Preparing: SELECT id,username,password,real_name,role,student_id,department,major,grade,email,phone,avatar_url,status,created_at,updated_at FROM sys_user WHERE (username = ?)
==> Parameters: admin(String)
<==    Columns: id, username, password, real_name, role, student_id, department, major, grade, email, phone, avatar_url, status, created_at, updated_at
<==        Row: 1, admin, $2a$10$rFM116gu1rpNKmDODWIOsOoNbN1ihao.5eLRT/e90pHMi0HrlCG2e, 系统管理员, ADMIN, null, null, null, null, null, null, null, 1, 2026-06-11 23:42:45, 2026-06-11 23:42:45
<==      Total: 1
Closing non transactional SqlSession [org.apache.ibatis.session.defaults.DefaultSqlSession@3123ee70]
Creating a new SqlSession
Registering transaction synchronization for SqlSession [org.apache.ibatis.session.defaults.DefaultSqlSession@83a5952]
JDBC Connection [HikariProxyConnection@1871317380 wrapping com.mysql.cj.jdbc.ConnectionImpl@1e9d721] will be managed by Spring
==>  Preparing: SELECT COUNT( * ) AS total FROM course WHERE (code = ?)
==> Parameters: REVW1781369239996(String)
<==    Columns: total
<==        Row: 0
<==      Total: 1
Releasing transactional SqlSession [org.apache.ibatis.session.defaults.DefaultSqlSession@83a5952]
Fetched SqlSession [org.apache.ibatis.session.defaults.DefaultSqlSession@83a5952] from current transaction
==>  Preparing: INSERT INTO course ( code, name, type, credits, hours, created_at, updated_at ) VALUES ( ?, ?, ?, ?, ?, ?, ? )
==> Parameters: REVW1781369239996(String), 审核测试课程(String), ELECTIVE_GENERAL(String), 2.0(BigDecimal), 32(Integer), 2026-06-14T00:47:20.067224600(LocalDateTime), 2026-06-14T00:47:20.068224600(LocalDateTime)
<==    Updates: 1
Releasing transactional SqlSession [org.apache.ibatis.session.defaults.DefaultSqlSession@83a5952]
Transaction synchronization committing SqlSession [org.apache.ibatis.session.defaults.DefaultSqlSession@83a5952]
Transaction synchronization deregistering SqlSession [org.apache.ibatis.session.defaults.DefaultSqlSession@83a5952]
Transaction synchronization closing SqlSession [org.apache.ibatis.session.defaults.DefaultSqlSession@83a5952]
Creating a new SqlSession
SqlSession [org.apache.ibatis.session.defaults.DefaultSqlSession@6e56f5d4] was not registered for synchronization because synchronization is not active
JDBC Connection [HikariProxyConnection@1196484930 wrapping com.mysql.cj.jdbc.ConnectionImpl@1e9d721] will not be managed by Spring
==>  Preparing: SELECT id,username,password,real_name,role,student_id,department,major,grade,email,phone,avatar_url,status,created_at,updated_at FROM sys_user WHERE (username = ?)
==> Parameters: tch_review(String)
<==    Columns: id, username, password, real_name, role, student_id, department, major, grade, email, phone, avatar_url, status, created_at, updated_at
<==        Row: 18, tch_review, $2a$10$foSkaqoT9ADqzbnEeJmxzuJI/6euEY0N8gQSW2MlwfjqEoklo9bQS, 审核测试教师, TEACHER, null, 计算机学院, null, null, null, null, null, 1, 2026-06-12 00:03:38, 2026-06-12 00:03:38
<==      Total: 1
Closing non transactional SqlSession [org.apache.ibatis.session.defaults.DefaultSqlSession@6e56f5d4]
Creating a new SqlSession
SqlSession [org.apache.ibatis.session.defaults.DefaultSqlSession@2d128c47] was not registered for synchronization because synchronization is not active
JDBC Connection [HikariProxyConnection@1754290591 wrapping com.mysql.cj.jdbc.ConnectionImpl@1e9d721] will not be managed by Spring
==>  Preparing: SELECT id,username,password,real_name,role,student_id,department,major,grade,email,phone,avatar_url,status,created_at,updated_at FROM sys_user WHERE (username = ?)
==> Parameters: admin(String)
<==    Columns: id, username, password, real_name, role, student_id, department, major, grade, email, phone, avatar_url, status, created_at, updated_at
<==        Row: 1, admin, $2a$10$rFM116gu1rpNKmDODWIOsOoNbN1ihao.5eLRT/e90pHMi0HrlCG2e, 系统管理员, ADMIN, null, null, null, null, null, null, null, 1, 2026-06-11 23:42:45, 2026-06-11 23:42:45
<==      Total: 1
Closing non transactional SqlSession [org.apache.ibatis.session.defaults.DefaultSqlSession@2d128c47]
Creating a new SqlSession
Registering transaction synchronization for SqlSession [org.apache.ibatis.session.defaults.DefaultSqlSession@6f38c6d0]
JDBC Connection [HikariProxyConnection@1526642830 wrapping com.mysql.cj.jdbc.ConnectionImpl@1e9d721] will be managed by Spring
==>  Preparing: SELECT id,code,name,type,credits,hours,description,created_at,updated_at FROM course WHERE id=?
==> Parameters: 315(Long)
<==    Columns: id, code, name, type, credits, hours, description, created_at, updated_at
<==        Row: 315, REVW1781369239996, 审核测试课程, ELECTIVE_GENERAL, 2.0, 32, <<BLOB>>, 2026-06-14 00:47:20, 2026-06-14 00:47:20
<==      Total: 1
Releasing transactional SqlSession [org.apache.ibatis.session.defaults.DefaultSqlSession@6f38c6d0]
Fetched SqlSession [org.apache.ibatis.session.defaults.DefaultSqlSession@6f38c6d0] from current transaction
==>  Preparing: SELECT id,name,academic_year,semester_type,start_date,end_date,status,created_at,updated_at FROM semester WHERE id=?
==> Parameters: 451(Long)
<==    Columns: id, name, academic_year, semester_type, start_date, end_date, status, created_at, updated_at
<==        Row: 451, 审核测试学期, 2025-2026, FIRST, 2025-09-01, 2026-01-15, ACTIVE, 2026-06-14 00:47:20, 2026-06-14 00:47:20
<==      Total: 1
Releasing transactional SqlSession [org.apache.ibatis.session.defaults.DefaultSqlSession@6f38c6d0]
Fetched SqlSession [org.apache.ibatis.session.defaults.DefaultSqlSession@6f38c6d0] from current transaction
==>  Preparing: INSERT INTO course_offering ( semester_id, course_id, teacher_id, max_capacity, min_enrollment, enrolled_count, status, created_at, updated_at ) VALUES ( ?, ?, ?, ?, ?, ?, ?, ?, ? )
==> Parameters: 451(Long), 315(Long), 18(Long), 60(Integer), 5(Integer), 0(Integer), PENDING(String), 2026-06-14T00:47:20.138643800(LocalDateTime), 2026-06-14T00:47:20.138643800(LocalDateTime)
<==    Updates: 1
Releasing transactional SqlSession [org.apache.ibatis.session.defaults.DefaultSqlSession@6f38c6d0]
Fetched SqlSession [org.apache.ibatis.session.defaults.DefaultSqlSession@6f38c6d0] from current transaction
==>  Preparing: SELECT id,code,name,type,credits,hours,description,created_at,updated_at FROM course WHERE id=?
==> Parameters: 315(Long)
<==    Columns: id, code, name, type, credits, hours, description, created_at, updated_at
<==        Row: 315, REVW1781369239996, 审核测试课程, ELECTIVE_GENERAL, 2.0, 32, <<BLOB>>, 2026-06-14 00:47:20, 2026-06-14 00:47:20
<==      Total: 1
Releasing transactional SqlSession [org.apache.ibatis.session.defaults.DefaultSqlSession@6f38c6d0]
Fetched SqlSession [org.apache.ibatis.session.defaults.DefaultSqlSession@6f38c6d0] from current transaction
==>  Preparing: SELECT id,username,password,real_name,role,student_id,department,major,grade,email,phone,avatar_url,status,created_at,updated_at FROM sys_user WHERE id=?
==> Parameters: 18(Long)
<==    Columns: id, username, password, real_name, role, student_id, department, major, grade, email, phone, avatar_url, status, created_at, updated_at
<==        Row: 18, tch_review, $2a$10$foSkaqoT9ADqzbnEeJmxzuJI/6euEY0N8gQSW2MlwfjqEoklo9bQS, 审核测试教师, TEACHER, null, 计算机学院, null, null, null, null, null, 1, 2026-06-12 00:03:38, 2026-06-12 00:03:38
<==      Total: 1
Releasing transactional SqlSession [org.apache.ibatis.session.defaults.DefaultSqlSession@6f38c6d0]
Fetched SqlSession [org.apache.ibatis.session.defaults.DefaultSqlSession@6f38c6d0] from current transaction
==>  Preparing: SELECT id,name,academic_year,semester_type,start_date,end_date,status,created_at,updated_at FROM semester WHERE id=?
==> Parameters: 451(Long)
<==    Columns: id, name, academic_year, semester_type, start_date, end_date, status, created_at, updated_at
<==        Row: 451, 审核测试学期, 2025-2026, FIRST, 2025-09-01, 2026-01-15, ACTIVE, 2026-06-14 00:47:20, 2026-06-14 00:47:20
<==      Total: 1
Releasing transactional SqlSession [org.apache.ibatis.session.defaults.DefaultSqlSession@6f38c6d0]
Transaction synchronization committing SqlSession [org.apache.ibatis.session.defaults.DefaultSqlSession@6f38c6d0]
Transaction synchronization deregistering SqlSession [org.apache.ibatis.session.defaults.DefaultSqlSession@6f38c6d0]
Transaction synchronization closing SqlSession [org.apache.ibatis.session.defaults.DefaultSqlSession@6f38c6d0]
Creating a new SqlSession
SqlSession [org.apache.ibatis.session.defaults.DefaultSqlSession@682ef053] was not registered for synchronization because synchronization is not active
JDBC Connection [HikariProxyConnection@1924271418 wrapping com.mysql.cj.jdbc.ConnectionImpl@1e9d721] will not be managed by Spring
==>  Preparing: SELECT id,username,password,real_name,role,student_id,department,major,grade,email,phone,avatar_url,status,created_at,updated_at FROM sys_user WHERE (username = ?)
==> Parameters: admin(String)
<==    Columns: id, username, password, real_name, role, student_id, department, major, grade, email, phone, avatar_url, status, created_at, updated_at
<==        Row: 1, admin, $2a$10$rFM116gu1rpNKmDODWIOsOoNbN1ihao.5eLRT/e90pHMi0HrlCG2e, 系统管理员, ADMIN, null, null, null, null, null, null, null, 1, 2026-06-11 23:42:45, 2026-06-11 23:42:45
<==      Total: 1
Closing non transactional SqlSession [org.apache.ibatis.session.defaults.DefaultSqlSession@682ef053]
Creating a new SqlSession
Registering transaction synchronization for SqlSession [org.apache.ibatis.session.defaults.DefaultSqlSession@326a64e5]
JDBC Connection [HikariProxyConnection@723377909 wrapping com.mysql.cj.jdbc.ConnectionImpl@1e9d721] will be managed by Spring
==>  Preparing: SELECT COUNT( * ) AS total FROM selection_campaign WHERE (semester_id = ? AND status IN (?,?))
==> Parameters: 451(Long), PENDING(String), ACTIVE(String)
<==    Columns: total
<==        Row: 0
<==      Total: 1
Releasing transactional SqlSession [org.apache.ibatis.session.defaults.DefaultSqlSession@326a64e5]
Fetched SqlSession [org.apache.ibatis.session.defaults.DefaultSqlSession@326a64e5] from current transaction
==>  Preparing: INSERT INTO selection_campaign ( name, semester_id, start_time, end_time, status, created_at, updated_at ) VALUES ( ?, ?, ?, ?, ?, ?, ? )
==> Parameters: 审核测试活动(String), 451(Long), 2026-06-13T23:47:20(LocalDateTime), 2026-06-14T01:47:20(LocalDateTime), PENDING(String), 2026-06-14T00:47:20.213803300(LocalDateTime), 2026-06-14T00:47:20.213803300(LocalDateTime)
<==    Updates: 1
Releasing transactional SqlSession [org.apache.ibatis.session.defaults.DefaultSqlSession@326a64e5]
Fetched SqlSession [org.apache.ibatis.session.defaults.DefaultSqlSession@326a64e5] from current transaction
==>  Preparing: SELECT id,name,academic_year,semester_type,start_date,end_date,status,created_at,updated_at FROM semester WHERE id=?
==> Parameters: 451(Long)
<==    Columns: id, name, academic_year, semester_type, start_date, end_date, status, created_at, updated_at
<==        Row: 451, 审核测试学期, 2025-2026, FIRST, 2025-09-01, 2026-01-15, ACTIVE, 2026-06-14 00:47:20, 2026-06-14 00:47:20
<==      Total: 1
Releasing transactional SqlSession [org.apache.ibatis.session.defaults.DefaultSqlSession@326a64e5]
Transaction synchronization committing SqlSession [org.apache.ibatis.session.defaults.DefaultSqlSession@326a64e5]
Transaction synchronization deregistering SqlSession [org.apache.ibatis.session.defaults.DefaultSqlSession@326a64e5]
Transaction synchronization closing SqlSession [org.apache.ibatis.session.defaults.DefaultSqlSession@326a64e5]
Creating a new SqlSession
SqlSession [org.apache.ibatis.session.defaults.DefaultSqlSession@7efe87e2] was not registered for synchronization because synchronization is not active
JDBC Connection [HikariProxyConnection@1359619034 wrapping com.mysql.cj.jdbc.ConnectionImpl@1e9d721] will not be managed by Spring
==>  Preparing: SELECT id,username,password,real_name,role,student_id,department,major,grade,email,phone,avatar_url,status,created_at,updated_at FROM sys_user WHERE (username = ?)
==> Parameters: admin(String)
<==    Columns: id, username, password, real_name, role, student_id, department, major, grade, email, phone, avatar_url, status, created_at, updated_at
<==        Row: 1, admin, $2a$10$rFM116gu1rpNKmDODWIOsOoNbN1ihao.5eLRT/e90pHMi0HrlCG2e, 系统管理员, ADMIN, null, null, null, null, null, null, null, 1, 2026-06-11 23:42:45, 2026-06-11 23:42:45
<==      Total: 1
Closing non transactional SqlSession [org.apache.ibatis.session.defaults.DefaultSqlSession@7efe87e2]
Creating a new SqlSession
Registering transaction synchronization for SqlSession [org.apache.ibatis.session.defaults.DefaultSqlSession@3343b7e4]
JDBC Connection [HikariProxyConnection@407333396 wrapping com.mysql.cj.jdbc.ConnectionImpl@1e9d721] will be managed by Spring
==>  Preparing: SELECT id,name,semester_id,start_time,end_time,status,created_at,updated_at FROM selection_campaign WHERE id=?
==> Parameters: 222(Long)
<==    Columns: id, name, semester_id, start_time, end_time, status, created_at, updated_at
<==        Row: 222, 审核测试活动, 451, 2026-06-13 23:47:20, 2026-06-14 01:47:20, PENDING, 2026-06-14 00:47:20, 2026-06-14 00:47:20
<==      Total: 1
Releasing transactional SqlSession [org.apache.ibatis.session.defaults.DefaultSqlSession@3343b7e4]
Fetched SqlSession [org.apache.ibatis.session.defaults.DefaultSqlSession@3343b7e4] from current transaction
==>  Preparing: UPDATE selection_campaign SET name=?, semester_id=?, start_time=?, end_time=?, status=?, created_at=?, updated_at=? WHERE id=?
==> Parameters: 审核测试活动(String), 451(Long), 2026-06-13T23:47:20(LocalDateTime), 2026-06-14T01:47:20(LocalDateTime), ACTIVE(String), 2026-06-14T00:47:20(LocalDateTime), 2026-06-14T00:47:20.287546200(LocalDateTime), 222(Long)
<==    Updates: 1
Releasing transactional SqlSession [org.apache.ibatis.session.defaults.DefaultSqlSession@3343b7e4]
Fetched SqlSession [org.apache.ibatis.session.defaults.DefaultSqlSession@3343b7e4] from current transaction
==>  Preparing: SELECT id,name,academic_year,semester_type,start_date,end_date,status,created_at,updated_at FROM semester WHERE id=?
==> Parameters: 451(Long)
<==    Columns: id, name, academic_year, semester_type, start_date, end_date, status, created_at, updated_at
<==        Row: 451, 审核测试学期, 2025-2026, FIRST, 2025-09-01, 2026-01-15, ACTIVE, 2026-06-14 00:47:20, 2026-06-14 00:47:20
<==      Total: 1
Releasing transactional SqlSession [org.apache.ibatis.session.defaults.DefaultSqlSession@3343b7e4]
Transaction synchronization committing SqlSession [org.apache.ibatis.session.defaults.DefaultSqlSession@3343b7e4]
Transaction synchronization deregistering SqlSession [org.apache.ibatis.session.defaults.DefaultSqlSession@3343b7e4]
Transaction synchronization closing SqlSession [org.apache.ibatis.session.defaults.DefaultSqlSession@3343b7e4]
Creating a new SqlSession
SqlSession [org.apache.ibatis.session.defaults.DefaultSqlSession@4e25a7] was not registered for synchronization because synchronization is not active
JDBC Connection [HikariProxyConnection@960155343 wrapping com.mysql.cj.jdbc.ConnectionImpl@1e9d721] will not be managed by Spring
==>  Preparing: SELECT id,username,password,real_name,role,student_id,department,major,grade,email,phone,avatar_url,status,created_at,updated_at FROM sys_user WHERE (username = ?)
==> Parameters: stu_review(String)
<==    Columns: id, username, password, real_name, role, student_id, department, major, grade, email, phone, avatar_url, status, created_at, updated_at
<==        Row: 19, stu_review, $2a$10$y.FnDjCDFoqWr/LrmrMlG.6zp.k2IjmZMvz9NyPQ785xPH.KJ/k5u, 审核测试学生, STUDENT, 20242001, 计算机学院, 计算机科学与技术, 2024, null, null, null, 1, 2026-06-12 00:03:38, 2026-06-12 00:03:38
<==      Total: 1
Closing non transactional SqlSession [org.apache.ibatis.session.defaults.DefaultSqlSession@4e25a7]
Creating a new SqlSession
Registering transaction synchronization for SqlSession [org.apache.ibatis.session.defaults.DefaultSqlSession@29052fc3]
JDBC Connection [HikariProxyConnection@133683481 wrapping com.mysql.cj.jdbc.ConnectionImpl@1e9d721] will be managed by Spring
==>  Preparing: SELECT id,name,semester_id,start_time,end_time,status,created_at,updated_at FROM selection_campaign WHERE (status = ? AND start_time <= ? AND end_time >= ?) LIMIT 1
==> Parameters: ACTIVE(String), 2026-06-14T00:47:20.359586600(LocalDateTime), 2026-06-14T00:47:20.359586600(LocalDateTime)
<==    Columns: id, name, semester_id, start_time, end_time, status, created_at, updated_at
<==        Row: 222, 审核测试活动, 451, 2026-06-13 23:47:20, 2026-06-14 01:47:20, ACTIVE, 2026-06-14 00:47:20, 2026-06-14 00:47:20
<==      Total: 1
Releasing transactional SqlSession [org.apache.ibatis.session.defaults.DefaultSqlSession@29052fc3]
Fetched SqlSession [org.apache.ibatis.session.defaults.DefaultSqlSession@29052fc3] from current transaction
==>  Preparing: SELECT COUNT( * ) AS total FROM enrollment WHERE (campaign_id = ? AND student_id = ? AND status IN (?,?))
==> Parameters: 222(Long), 19(Long), ENROLLED(String), APPROVED(String)
<==    Columns: total
<==        Row: 0
<==      Total: 1
Releasing transactional SqlSession [org.apache.ibatis.session.defaults.DefaultSqlSession@29052fc3]
Fetched SqlSession [org.apache.ibatis.session.defaults.DefaultSqlSession@29052fc3] from current transaction
==>  Preparing: SELECT id,semester_id,course_id,teacher_id,max_capacity,min_enrollment,enrolled_count,open_grade,open_major,location,schedule,status,created_at,updated_at FROM course_offering WHERE id=?
==> Parameters: 239(Long)
<==    Columns: id, semester_id, course_id, teacher_id, max_capacity, min_enrollment, enrolled_count, open_grade, open_major, location, schedule, status, created_at, updated_at
<==        Row: 239, 451, 315, 18, 60, 5, 0, null, null, null, null, PENDING, 2026-06-14 00:47:20, 2026-06-14 00:47:20
<==      Total: 1
Releasing transactional SqlSession [org.apache.ibatis.session.defaults.DefaultSqlSession@29052fc3]
Fetched SqlSession [org.apache.ibatis.session.defaults.DefaultSqlSession@29052fc3] from current transaction
==>  Preparing: SELECT id,username,password,real_name,role,student_id,department,major,grade,email,phone,avatar_url,status,created_at,updated_at FROM sys_user WHERE id=?
==> Parameters: 19(Long)
<==    Columns: id, username, password, real_name, role, student_id, department, major, grade, email, phone, avatar_url, status, created_at, updated_at
<==        Row: 19, stu_review, $2a$10$y.FnDjCDFoqWr/LrmrMlG.6zp.k2IjmZMvz9NyPQ785xPH.KJ/k5u, 审核测试学生, STUDENT, 20242001, 计算机学院, 计算机科学与技术, 2024, null, null, null, 1, 2026-06-12 00:03:38, 2026-06-12 00:03:38
<==      Total: 1
Releasing transactional SqlSession [org.apache.ibatis.session.defaults.DefaultSqlSession@29052fc3]
Fetched SqlSession [org.apache.ibatis.session.defaults.DefaultSqlSession@29052fc3] from current transaction
==>  Preparing: UPDATE course_offering SET enrolled_count = enrolled_count + 1 WHERE id = ? AND enrolled_count < ?
==> Parameters: 239(Long), 60(Integer)
<==    Updates: 1
Releasing transactional SqlSession [org.apache.ibatis.session.defaults.DefaultSqlSession@29052fc3]
Fetched SqlSession [org.apache.ibatis.session.defaults.DefaultSqlSession@29052fc3] from current transaction
==>  Preparing: SELECT id,semester_id,course_id,teacher_id,max_capacity,min_enrollment,enrolled_count,open_grade,open_major,location,schedule,status,created_at,updated_at FROM course_offering WHERE id=?
==> Parameters: 239(Long)
<==    Columns: id, semester_id, course_id, teacher_id, max_capacity, min_enrollment, enrolled_count, open_grade, open_major, location, schedule, status, created_at, updated_at
<==        Row: 239, 451, 315, 18, 60, 5, 1, null, null, null, null, PENDING, 2026-06-14 00:47:20, 2026-06-14 00:47:20
<==      Total: 1
Releasing transactional SqlSession [org.apache.ibatis.session.defaults.DefaultSqlSession@29052fc3]
Fetched SqlSession [org.apache.ibatis.session.defaults.DefaultSqlSession@29052fc3] from current transaction
==>  Preparing: INSERT INTO enrollment ( campaign_id, offering_id, student_id, status, enrolled_at, created_at, updated_at ) VALUES ( ?, ?, ?, ?, ?, ?, ? )
==> Parameters: 222(Long), 239(Long), 19(Long), ENROLLED(String), 2026-06-14T00:47:20.365593300(LocalDateTime), 2026-06-14T00:47:20.365593300(LocalDateTime), 2026-06-14T00:47:20.365593300(LocalDateTime)
<==    Updates: 1
Releasing transactional SqlSession [org.apache.ibatis.session.defaults.DefaultSqlSession@29052fc3]
Fetched SqlSession [org.apache.ibatis.session.defaults.DefaultSqlSession@29052fc3] from current transaction
==>  Preparing: SELECT id,code,name,type,credits,hours,description,created_at,updated_at FROM course WHERE id=?
==> Parameters: 315(Long)
<==    Columns: id, code, name, type, credits, hours, description, created_at, updated_at
<==        Row: 315, REVW1781369239996, 审核测试课程, ELECTIVE_GENERAL, 2.0, 32, <<BLOB>>, 2026-06-14 00:47:20, 2026-06-14 00:47:20
<==      Total: 1
Releasing transactional SqlSession [org.apache.ibatis.session.defaults.DefaultSqlSession@29052fc3]
Fetched SqlSession [org.apache.ibatis.session.defaults.DefaultSqlSession@29052fc3] from current transaction
Releasing transactional SqlSession [org.apache.ibatis.session.defaults.DefaultSqlSession@29052fc3]
Fetched SqlSession [org.apache.ibatis.session.defaults.DefaultSqlSession@29052fc3] from current transaction
==>  Preparing: SELECT id,username,password,real_name,role,student_id,department,major,grade,email,phone,avatar_url,status,created_at,updated_at FROM sys_user WHERE id=?
==> Parameters: 18(Long)
<==    Columns: id, username, password, real_name, role, student_id, department, major, grade, email, phone, avatar_url, status, created_at, updated_at
<==        Row: 18, tch_review, $2a$10$foSkaqoT9ADqzbnEeJmxzuJI/6euEY0N8gQSW2MlwfjqEoklo9bQS, 审核测试教师, TEACHER, null, 计算机学院, null, null, null, null, null, 1, 2026-06-12 00:03:38, 2026-06-12 00:03:38
<==      Total: 1
Releasing transactional SqlSession [org.apache.ibatis.session.defaults.DefaultSqlSession@29052fc3]
Transaction synchronization committing SqlSession [org.apache.ibatis.session.defaults.DefaultSqlSession@29052fc3]
Transaction synchronization deregistering SqlSession [org.apache.ibatis.session.defaults.DefaultSqlSession@29052fc3]
Transaction synchronization closing SqlSession [org.apache.ibatis.session.defaults.DefaultSqlSession@29052fc3]
2026-06-14T00:47:20.373+08:00  INFO 42060 --- [o-auto-1-exec-9] com.cas.mq.MqEventBridge                 : Sent enrollment log to MQ: enrollmentId=75
Creating a new SqlSession
SqlSession [org.apache.ibatis.session.defaults.DefaultSqlSession@3aa0776f] was not registered for synchronization because synchronization is not active
JDBC Connection [HikariProxyConnection@341724709 wrapping com.mysql.cj.jdbc.ConnectionImpl@1e9d721] will not be managed by Spring
==>  Preparing: SELECT id,username,password,real_name,role,student_id,department,major,grade,email,phone,avatar_url,status,created_at,updated_at FROM sys_user WHERE (username = ?)
==> Parameters: admin(String)
<==    Columns: id, username, password, real_name, role, student_id, department, major, grade, email, phone, avatar_url, status, created_at, updated_at
<==        Row: 1, admin, $2a$10$rFM116gu1rpNKmDODWIOsOoNbN1ihao.5eLRT/e90pHMi0HrlCG2e, 系统管理员, ADMIN, null, null, null, null, null, null, null, 1, 2026-06-11 23:42:45, 2026-06-11 23:42:45
<==      Total: 1
Closing non transactional SqlSession [org.apache.ibatis.session.defaults.DefaultSqlSession@3aa0776f]
2026-06-14T00:47:20.379+08:00  INFO 42060 --- [ntContainer#0-1] c.cas.mq.consumer.EnrollmentLogConsumer  : Enrollment log: enrollmentId=75, studentId=19, offeringId=239
Creating a new SqlSession
Registering transaction synchronization for SqlSession [org.apache.ibatis.session.defaults.DefaultSqlSession@26eea0a0]
JDBC Connection [HikariProxyConnection@761503789 wrapping com.mysql.cj.jdbc.ConnectionImpl@1e9d721] will be managed by Spring
==>  Preparing: SELECT id,semester_id,course_id,teacher_id,max_capacity,min_enrollment,enrolled_count,open_grade,open_major,location,schedule,status,created_at,updated_at FROM course_offering WHERE id=?
==> Parameters: 239(Long)
<==    Columns: id, semester_id, course_id, teacher_id, max_capacity, min_enrollment, enrolled_count, open_grade, open_major, location, schedule, status, created_at, updated_at
<==        Row: 239, 451, 315, 18, 60, 5, 1, null, null, null, null, PENDING, 2026-06-14 00:47:20, 2026-06-14 00:47:20
<==      Total: 1
Releasing transactional SqlSession [org.apache.ibatis.session.defaults.DefaultSqlSession@26eea0a0]
Fetched SqlSession [org.apache.ibatis.session.defaults.DefaultSqlSession@26eea0a0] from current transaction
==>  Preparing: UPDATE course_offering SET semester_id=?, course_id=?, teacher_id=?, max_capacity=?, min_enrollment=?, enrolled_count=?, status=?, created_at=?, updated_at=? WHERE id=?
==> Parameters: 451(Long), 315(Long), 18(Long), 60(Integer), 5(Integer), 1(Integer), APPROVED(String), 2026-06-14T00:47:20(LocalDateTime), 2026-06-14T00:47:20.437956400(LocalDateTime), 239(Long)
<==    Updates: 1
Releasing transactional SqlSession [org.apache.ibatis.session.defaults.DefaultSqlSession@26eea0a0]
Fetched SqlSession [org.apache.ibatis.session.defaults.DefaultSqlSession@26eea0a0] from current transaction
==>  Preparing: UPDATE enrollment SET status=?, reviewed_at=? WHERE (offering_id = ? AND status = ?)
==> Parameters: APPROVED(String), 2026-06-14T00:47:20.442205900(LocalDateTime), 239(Long), ENROLLED(String)
<==    Updates: 1
Releasing transactional SqlSession [org.apache.ibatis.session.defaults.DefaultSqlSession@26eea0a0]
Transaction synchronization committing SqlSession [org.apache.ibatis.session.defaults.DefaultSqlSession@26eea0a0]
Transaction synchronization deregistering SqlSession [org.apache.ibatis.session.defaults.DefaultSqlSession@26eea0a0]
Transaction synchronization closing SqlSession [org.apache.ibatis.session.defaults.DefaultSqlSession@26eea0a0]
2026-06-14T00:47:20.450+08:00  INFO 42060 --- [o-auto-1-exec-1] com.cas.mq.MqEventBridge                 : Sent review notification to MQ: offeringId=239, type=APPROVED
Creating a new SqlSession
SqlSession [org.apache.ibatis.session.defaults.DefaultSqlSession@668023a5] was not registered for synchronization because synchronization is not active
JDBC Connection [HikariProxyConnection@1607068550 wrapping com.mysql.cj.jdbc.ConnectionImpl@1e9d721] will not be managed by Spring
==>  Preparing: SELECT id,username,password,real_name,role,student_id,department,major,grade,email,phone,avatar_url,status,created_at,updated_at FROM sys_user WHERE (username = ?)
==> Parameters: admin(String)
<==    Columns: id, username, password, real_name, role, student_id, department, major, grade, email, phone, avatar_url, status, created_at, updated_at
<==        Row: 1, admin, $2a$10$rFM116gu1rpNKmDODWIOsOoNbN1ihao.5eLRT/e90pHMi0HrlCG2e, 系统管理员, ADMIN, null, null, null, null, null, null, null, 1, 2026-06-11 23:42:45, 2026-06-11 23:42:45
<==      Total: 1
Closing non transactional SqlSession [org.apache.ibatis.session.defaults.DefaultSqlSession@668023a5]
Creating a new SqlSession
Registering transaction synchronization for SqlSession [org.apache.ibatis.session.defaults.DefaultSqlSession@1ffe7214]
JDBC Connection [HikariProxyConnection@1425727388 wrapping com.mysql.cj.jdbc.ConnectionImpl@1e9d721] will be managed by Spring
==>  Preparing: SELECT id,semester_id,course_id,teacher_id,max_capacity,min_enrollment,enrolled_count,open_grade,open_major,location,schedule,status,created_at,updated_at FROM course_offering WHERE id=?
==> Parameters: 239(Long)
<==    Columns: id, semester_id, course_id, teacher_id, max_capacity, min_enrollment, enrolled_count, open_grade, open_major, location, schedule, status, created_at, updated_at
<==        Row: 239, 451, 315, 18, 60, 5, 1, null, null, null, null, APPROVED, 2026-06-14 00:47:20, 2026-06-14 00:47:20
<==      Total: 1
Releasing transactional SqlSession [org.apache.ibatis.session.defaults.DefaultSqlSession@1ffe7214]
Transaction synchronization deregistering SqlSession [org.apache.ibatis.session.defaults.DefaultSqlSession@1ffe7214]
Transaction synchronization closing SqlSession [org.apache.ibatis.session.defaults.DefaultSqlSession@1ffe7214]
]]></system-out>
  </testcase>
  <testcase name="should_approve_offering" classname="com.cas.Phase9ReviewTest" time="1.672">
    <system-out><![CDATA[Creating a new SqlSession
SqlSession [org.apache.ibatis.session.defaults.DefaultSqlSession@2ca6937] was not registered for synchronization because synchronization is not active
JDBC Connection [HikariProxyConnection@1116768981 wrapping com.mysql.cj.jdbc.ConnectionImpl@1e9d721] will not be managed by Spring
==>  Preparing: SELECT id,name,semester_id,start_time,end_time,status,created_at,updated_at FROM selection_campaign WHERE (name LIKE ?)
==> Parameters: %测试%(String)
<==    Columns: id, name, semester_id, start_time, end_time, status, created_at, updated_at
<==        Row: 222, 审核测试活动, 451, 2026-06-13 23:47:20, 2026-06-14 01:47:20, ACTIVE, 2026-06-14 00:47:20, 2026-06-14 00:47:20
<==      Total: 1
Closing non transactional SqlSession [org.apache.ibatis.session.defaults.DefaultSqlSession@2ca6937]
Creating a new SqlSession
SqlSession [org.apache.ibatis.session.defaults.DefaultSqlSession@7335aae5] was not registered for synchronization because synchronization is not active
JDBC Connection [HikariProxyConnection@892686452 wrapping com.mysql.cj.jdbc.ConnectionImpl@1e9d721] will not be managed by Spring
==>  Preparing: DELETE FROM enrollment WHERE (campaign_id = ?)
==> Parameters: 222(Long)
<==    Updates: 1
Closing non transactional SqlSession [org.apache.ibatis.session.defaults.DefaultSqlSession@7335aae5]
Creating a new SqlSession
SqlSession [org.apache.ibatis.session.defaults.DefaultSqlSession@3411e0d7] was not registered for synchronization because synchronization is not active
JDBC Connection [HikariProxyConnection@1781335602 wrapping com.mysql.cj.jdbc.ConnectionImpl@1e9d721] will not be managed by Spring
==>  Preparing: DELETE FROM selection_campaign WHERE id=?
==> Parameters: 222(Long)
<==    Updates: 1
Closing non transactional SqlSession [org.apache.ibatis.session.defaults.DefaultSqlSession@3411e0d7]
Creating a new SqlSession
SqlSession [org.apache.ibatis.session.defaults.DefaultSqlSession@17caf362] was not registered for synchronization because synchronization is not active
JDBC Connection [HikariProxyConnection@744930836 wrapping com.mysql.cj.jdbc.ConnectionImpl@1e9d721] will not be managed by Spring
==>  Preparing: SELECT id,username,password,real_name,role,student_id,department,major,grade,email,phone,avatar_url,status,created_at,updated_at FROM sys_user WHERE (username = ?)
==> Parameters: tch_review(String)
<==    Columns: id, username, password, real_name, role, student_id, department, major, grade, email, phone, avatar_url, status, created_at, updated_at
<==        Row: 18, tch_review, $2a$10$foSkaqoT9ADqzbnEeJmxzuJI/6euEY0N8gQSW2MlwfjqEoklo9bQS, 审核测试教师, TEACHER, null, 计算机学院, null, null, null, null, null, 1, 2026-06-12 00:03:38, 2026-06-12 00:03:38
<==      Total: 1
Closing non transactional SqlSession [org.apache.ibatis.session.defaults.DefaultSqlSession@17caf362]
Creating a new SqlSession
SqlSession [org.apache.ibatis.session.defaults.DefaultSqlSession@79c48ad5] was not registered for synchronization because synchronization is not active
JDBC Connection [HikariProxyConnection@970274668 wrapping com.mysql.cj.jdbc.ConnectionImpl@1e9d721] will not be managed by Spring
==>  Preparing: SELECT id,username,password,real_name,role,student_id,department,major,grade,email,phone,avatar_url,status,created_at,updated_at FROM sys_user WHERE (username = ?)
==> Parameters: stu_review(String)
<==    Columns: id, username, password, real_name, role, student_id, department, major, grade, email, phone, avatar_url, status, created_at, updated_at
<==        Row: 19, stu_review, $2a$10$y.FnDjCDFoqWr/LrmrMlG.6zp.k2IjmZMvz9NyPQ785xPH.KJ/k5u, 审核测试学生, STUDENT, 20242001, 计算机学院, 计算机科学与技术, 2024, null, null, null, 1, 2026-06-12 00:03:38, 2026-06-12 00:03:38
<==      Total: 1
Closing non transactional SqlSession [org.apache.ibatis.session.defaults.DefaultSqlSession@79c48ad5]
Creating a new SqlSession
SqlSession [org.apache.ibatis.session.defaults.DefaultSqlSession@2430f054] was not registered for synchronization because synchronization is not active
JDBC Connection [HikariProxyConnection@990064873 wrapping com.mysql.cj.jdbc.ConnectionImpl@1e9d721] will not be managed by Spring
==>  Preparing: SELECT id,username,password,real_name,role,student_id,department,major,grade,email,phone,avatar_url,status,created_at,updated_at FROM sys_user WHERE (username = ?)
==> Parameters: admin(String)
<==    Columns: id, username, password, real_name, role, student_id, department, major, grade, email, phone, avatar_url, status, created_at, updated_at
<==        Row: 1, admin, $2a$10$rFM116gu1rpNKmDODWIOsOoNbN1ihao.5eLRT/e90pHMi0HrlCG2e, 系统管理员, ADMIN, null, null, null, null, null, null, null, 1, 2026-06-11 23:42:45, 2026-06-11 23:42:45
<==      Total: 1
Closing non transactional SqlSession [org.apache.ibatis.session.defaults.DefaultSqlSession@2430f054]
Creating a new SqlSession
SqlSession [org.apache.ibatis.session.defaults.DefaultSqlSession@66e64220] was not registered for synchronization because synchronization is not active
JDBC Connection [HikariProxyConnection@1510245531 wrapping com.mysql.cj.jdbc.ConnectionImpl@1e9d721] will not be managed by Spring
==>  Preparing: SELECT id,username,password,real_name,role,student_id,department,major,grade,email,phone,avatar_url,status,created_at,updated_at FROM sys_user WHERE (username = ?)
==> Parameters: admin(String)
<==    Columns: id, username, password, real_name, role, student_id, department, major, grade, email, phone, avatar_url, status, created_at, updated_at
<==        Row: 1, admin, $2a$10$rFM116gu1rpNKmDODWIOsOoNbN1ihao.5eLRT/e90pHMi0HrlCG2e, 系统管理员, ADMIN, null, null, null, null, null, null, null, 1, 2026-06-11 23:42:45, 2026-06-11 23:42:45
<==      Total: 1
Closing non transactional SqlSession [org.apache.ibatis.session.defaults.DefaultSqlSession@66e64220]
Creating a new SqlSession
Registering transaction synchronization for SqlSession [org.apache.ibatis.session.defaults.DefaultSqlSession@3cdc1589]
JDBC Connection [HikariProxyConnection@906208652 wrapping com.mysql.cj.jdbc.ConnectionImpl@1e9d721] will be managed by Spring
==>  Preparing: INSERT INTO semester ( name, academic_year, semester_type, start_date, end_date, status, created_at, updated_at ) VALUES ( ?, ?, ?, ?, ?, ?, ?, ? )
==> Parameters: 审核测试学期(String), 2025-2026(String), FIRST(String), 2025-09-01(LocalDate), 2026-01-15(LocalDate), INACTIVE(String), 2026-06-14T00:47:20.666254100(LocalDateTime), 2026-06-14T00:47:20.666254100(LocalDateTime)
<==    Updates: 1
Releasing transactional SqlSession [org.apache.ibatis.session.defaults.DefaultSqlSession@3cdc1589]
Transaction synchronization committing SqlSession [org.apache.ibatis.session.defaults.DefaultSqlSession@3cdc1589]
Transaction synchronization deregistering SqlSession [org.apache.ibatis.session.defaults.DefaultSqlSession@3cdc1589]
Transaction synchronization closing SqlSession [org.apache.ibatis.session.defaults.DefaultSqlSession@3cdc1589]
Creating a new SqlSession
SqlSession [org.apache.ibatis.session.defaults.DefaultSqlSession@10e02e27] was not registered for synchronization because synchronization is not active
JDBC Connection [HikariProxyConnection@1762308138 wrapping com.mysql.cj.jdbc.ConnectionImpl@1e9d721] will not be managed by Spring
==>  Preparing: SELECT id,username,password,real_name,role,student_id,department,major,grade,email,phone,avatar_url,status,created_at,updated_at FROM sys_user WHERE (username = ?)
==> Parameters: admin(String)
<==    Columns: id, username, password, real_name, role, student_id, department, major, grade, email, phone, avatar_url, status, created_at, updated_at
<==        Row: 1, admin, $2a$10$rFM116gu1rpNKmDODWIOsOoNbN1ihao.5eLRT/e90pHMi0HrlCG2e, 系统管理员, ADMIN, null, null, null, null, null, null, null, 1, 2026-06-11 23:42:45, 2026-06-11 23:42:45
<==      Total: 1
Closing non transactional SqlSession [org.apache.ibatis.session.defaults.DefaultSqlSession@10e02e27]
Creating a new SqlSession
Registering transaction synchronization for SqlSession [org.apache.ibatis.session.defaults.DefaultSqlSession@aba1f55]
JDBC Connection [HikariProxyConnection@336299428 wrapping com.mysql.cj.jdbc.ConnectionImpl@1e9d721] will be managed by Spring
==>  Preparing: SELECT id,name,academic_year,semester_type,start_date,end_date,status,created_at,updated_at FROM semester WHERE id=?
==> Parameters: 452(Long)
<==    Columns: id, name, academic_year, semester_type, start_date, end_date, status, created_at, updated_at
<==        Row: 452, 审核测试学期, 2025-2026, FIRST, 2025-09-01, 2026-01-15, INACTIVE, 2026-06-14 00:47:21, 2026-06-14 00:47:21
<==      Total: 1
Releasing transactional SqlSession [org.apache.ibatis.session.defaults.DefaultSqlSession@aba1f55]
Fetched SqlSession [org.apache.ibatis.session.defaults.DefaultSqlSession@aba1f55] from current transaction
==>  Preparing: UPDATE semester SET status=?, updated_at=? WHERE (status = ?)
==> Parameters: INACTIVE(String), 2026-06-14T00:47:20.737114(LocalDateTime), ACTIVE(String)
<==    Updates: 1
Releasing transactional SqlSession [org.apache.ibatis.session.defaults.DefaultSqlSession@aba1f55]
Fetched SqlSession [org.apache.ibatis.session.defaults.DefaultSqlSession@aba1f55] from current transaction
==>  Preparing: UPDATE semester SET name=?, academic_year=?, semester_type=?, start_date=?, end_date=?, status=?, created_at=?, updated_at=? WHERE id=?
==> Parameters: 审核测试学期(String), 2025-2026(String), FIRST(String), 2025-09-01(LocalDate), 2026-01-15(LocalDate), ACTIVE(String), 2026-06-14T00:47:21(LocalDateTime), 2026-06-14T00:47:20.738069300(LocalDateTime), 452(Long)
<==    Updates: 1
Releasing transactional SqlSession [org.apache.ibatis.session.defaults.DefaultSqlSession@aba1f55]
Transaction synchronization committing SqlSession [org.apache.ibatis.session.defaults.DefaultSqlSession@aba1f55]
Transaction synchronization deregistering SqlSession [org.apache.ibatis.session.defaults.DefaultSqlSession@aba1f55]
Transaction synchronization closing SqlSession [org.apache.ibatis.session.defaults.DefaultSqlSession@aba1f55]
Creating a new SqlSession
SqlSession [org.apache.ibatis.session.defaults.DefaultSqlSession@6e10bf7e] was not registered for synchronization because synchronization is not active
JDBC Connection [HikariProxyConnection@697444888 wrapping com.mysql.cj.jdbc.ConnectionImpl@1e9d721] will not be managed by Spring
==>  Preparing: SELECT id,username,password,real_name,role,student_id,department,major,grade,email,phone,avatar_url,status,created_at,updated_at FROM sys_user WHERE (username = ?)
==> Parameters: admin(String)
<==    Columns: id, username, password, real_name, role, student_id, department, major, grade, email, phone, avatar_url, status, created_at, updated_at
<==        Row: 1, admin, $2a$10$rFM116gu1rpNKmDODWIOsOoNbN1ihao.5eLRT/e90pHMi0HrlCG2e, 系统管理员, ADMIN, null, null, null, null, null, null, null, 1, 2026-06-11 23:42:45, 2026-06-11 23:42:45
<==      Total: 1
Closing non transactional SqlSession [org.apache.ibatis.session.defaults.DefaultSqlSession@6e10bf7e]
Creating a new SqlSession
Registering transaction synchronization for SqlSession [org.apache.ibatis.session.defaults.DefaultSqlSession@733613e5]
JDBC Connection [HikariProxyConnection@455523351 wrapping com.mysql.cj.jdbc.ConnectionImpl@1e9d721] will be managed by Spring
==>  Preparing: SELECT COUNT( * ) AS total FROM course WHERE (code = ?)
==> Parameters: REVW1781369240744(String)
<==    Columns: total
<==        Row: 0
<==      Total: 1
Releasing transactional SqlSession [org.apache.ibatis.session.defaults.DefaultSqlSession@733613e5]
Fetched SqlSession [org.apache.ibatis.session.defaults.DefaultSqlSession@733613e5] from current transaction
==>  Preparing: INSERT INTO course ( code, name, type, credits, hours, created_at, updated_at ) VALUES ( ?, ?, ?, ?, ?, ?, ? )
==> Parameters: REVW1781369240744(String), 审核测试课程(String), ELECTIVE_GENERAL(String), 2.0(BigDecimal), 32(Integer), 2026-06-14T00:47:20.812583400(LocalDateTime), 2026-06-14T00:47:20.812583400(LocalDateTime)
<==    Updates: 1
Releasing transactional SqlSession [org.apache.ibatis.session.defaults.DefaultSqlSession@733613e5]
Transaction synchronization committing SqlSession [org.apache.ibatis.session.defaults.DefaultSqlSession@733613e5]
Transaction synchronization deregistering SqlSession [org.apache.ibatis.session.defaults.DefaultSqlSession@733613e5]
Transaction synchronization closing SqlSession [org.apache.ibatis.session.defaults.DefaultSqlSession@733613e5]
Creating a new SqlSession
SqlSession [org.apache.ibatis.session.defaults.DefaultSqlSession@4fc41cba] was not registered for synchronization because synchronization is not active
JDBC Connection [HikariProxyConnection@302757301 wrapping com.mysql.cj.jdbc.ConnectionImpl@1e9d721] will not be managed by Spring
==>  Preparing: SELECT id,username,password,real_name,role,student_id,department,major,grade,email,phone,avatar_url,status,created_at,updated_at FROM sys_user WHERE (username = ?)
==> Parameters: tch_review(String)
<==    Columns: id, username, password, real_name, role, student_id, department, major, grade, email, phone, avatar_url, status, created_at, updated_at
<==        Row: 18, tch_review, $2a$10$foSkaqoT9ADqzbnEeJmxzuJI/6euEY0N8gQSW2MlwfjqEoklo9bQS, 审核测试教师, TEACHER, null, 计算机学院, null, null, null, null, null, 1, 2026-06-12 00:03:38, 2026-06-12 00:03:38
<==      Total: 1
Closing non transactional SqlSession [org.apache.ibatis.session.defaults.DefaultSqlSession@4fc41cba]
Creating a new SqlSession
SqlSession [org.apache.ibatis.session.defaults.DefaultSqlSession@2d40413] was not registered for synchronization because synchronization is not active
JDBC Connection [HikariProxyConnection@1702736961 wrapping com.mysql.cj.jdbc.ConnectionImpl@1e9d721] will not be managed by Spring
==>  Preparing: SELECT id,username,password,real_name,role,student_id,department,major,grade,email,phone,avatar_url,status,created_at,updated_at FROM sys_user WHERE (username = ?)
==> Parameters: admin(String)
<==    Columns: id, username, password, real_name, role, student_id, department, major, grade, email, phone, avatar_url, status, created_at, updated_at
<==        Row: 1, admin, $2a$10$rFM116gu1rpNKmDODWIOsOoNbN1ihao.5eLRT/e90pHMi0HrlCG2e, 系统管理员, ADMIN, null, null, null, null, null, null, null, 1, 2026-06-11 23:42:45, 2026-06-11 23:42:45
<==      Total: 1
Closing non transactional SqlSession [org.apache.ibatis.session.defaults.DefaultSqlSession@2d40413]
Creating a new SqlSession
Registering transaction synchronization for SqlSession [org.apache.ibatis.session.defaults.DefaultSqlSession@5c9ff052]
JDBC Connection [HikariProxyConnection@736109662 wrapping com.mysql.cj.jdbc.ConnectionImpl@1e9d721] will be managed by Spring
==>  Preparing: SELECT id,code,name,type,credits,hours,description,created_at,updated_at FROM course WHERE id=?
==> Parameters: 316(Long)
<==    Columns: id, code, name, type, credits, hours, description, created_at, updated_at
<==        Row: 316, REVW1781369240744, 审核测试课程, ELECTIVE_GENERAL, 2.0, 32, <<BLOB>>, 2026-06-14 00:47:21, 2026-06-14 00:47:21
<==      Total: 1
Releasing transactional SqlSession [org.apache.ibatis.session.defaults.DefaultSqlSession@5c9ff052]
Fetched SqlSession [org.apache.ibatis.session.defaults.DefaultSqlSession@5c9ff052] from current transaction
==>  Preparing: SELECT id,name,academic_year,semester_type,start_date,end_date,status,created_at,updated_at FROM semester WHERE id=?
==> Parameters: 452(Long)
<==    Columns: id, name, academic_year, semester_type, start_date, end_date, status, created_at, updated_at
<==        Row: 452, 审核测试学期, 2025-2026, FIRST, 2025-09-01, 2026-01-15, ACTIVE, 2026-06-14 00:47:21, 2026-06-14 00:47:21
<==      Total: 1
Releasing transactional SqlSession [org.apache.ibatis.session.defaults.DefaultSqlSession@5c9ff052]
Fetched SqlSession [org.apache.ibatis.session.defaults.DefaultSqlSession@5c9ff052] from current transaction
==>  Preparing: INSERT INTO course_offering ( semester_id, course_id, teacher_id, max_capacity, min_enrollment, enrolled_count, status, created_at, updated_at ) VALUES ( ?, ?, ?, ?, ?, ?, ?, ?, ? )
==> Parameters: 452(Long), 316(Long), 18(Long), 60(Integer), 5(Integer), 0(Integer), PENDING(String), 2026-06-14T00:47:20.888792800(LocalDateTime), 2026-06-14T00:47:20.888792800(LocalDateTime)
<==    Updates: 1
Releasing transactional SqlSession [org.apache.ibatis.session.defaults.DefaultSqlSession@5c9ff052]
Fetched SqlSession [org.apache.ibatis.session.defaults.DefaultSqlSession@5c9ff052] from current transaction
==>  Preparing: SELECT id,code,name,type,credits,hours,description,created_at,updated_at FROM course WHERE id=?
==> Parameters: 316(Long)
<==    Columns: id, code, name, type, credits, hours, description, created_at, updated_at
<==        Row: 316, REVW1781369240744, 审核测试课程, ELECTIVE_GENERAL, 2.0, 32, <<BLOB>>, 2026-06-14 00:47:21, 2026-06-14 00:47:21
<==      Total: 1
Releasing transactional SqlSession [org.apache.ibatis.session.defaults.DefaultSqlSession@5c9ff052]
Fetched SqlSession [org.apache.ibatis.session.defaults.DefaultSqlSession@5c9ff052] from current transaction
==>  Preparing: SELECT id,username,password,real_name,role,student_id,department,major,grade,email,phone,avatar_url,status,created_at,updated_at FROM sys_user WHERE id=?
==> Parameters: 18(Long)
<==    Columns: id, username, password, real_name, role, student_id, department, major, grade, email, phone, avatar_url, status, created_at, updated_at
<==        Row: 18, tch_review, $2a$10$foSkaqoT9ADqzbnEeJmxzuJI/6euEY0N8gQSW2MlwfjqEoklo9bQS, 审核测试教师, TEACHER, null, 计算机学院, null, null, null, null, null, 1, 2026-06-12 00:03:38, 2026-06-12 00:03:38
<==      Total: 1
Releasing transactional SqlSession [org.apache.ibatis.session.defaults.DefaultSqlSession@5c9ff052]
Fetched SqlSession [org.apache.ibatis.session.defaults.DefaultSqlSession@5c9ff052] from current transaction
==>  Preparing: SELECT id,name,academic_year,semester_type,start_date,end_date,status,created_at,updated_at FROM semester WHERE id=?
==> Parameters: 452(Long)
<==    Columns: id, name, academic_year, semester_type, start_date, end_date, status, created_at, updated_at
<==        Row: 452, 审核测试学期, 2025-2026, FIRST, 2025-09-01, 2026-01-15, ACTIVE, 2026-06-14 00:47:21, 2026-06-14 00:47:21
<==      Total: 1
Releasing transactional SqlSession [org.apache.ibatis.session.defaults.DefaultSqlSession@5c9ff052]
Transaction synchronization committing SqlSession [org.apache.ibatis.session.defaults.DefaultSqlSession@5c9ff052]
Transaction synchronization deregistering SqlSession [org.apache.ibatis.session.defaults.DefaultSqlSession@5c9ff052]
Transaction synchronization closing SqlSession [org.apache.ibatis.session.defaults.DefaultSqlSession@5c9ff052]
Creating a new SqlSession
SqlSession [org.apache.ibatis.session.defaults.DefaultSqlSession@16ee2194] was not registered for synchronization because synchronization is not active
JDBC Connection [HikariProxyConnection@2110751112 wrapping com.mysql.cj.jdbc.ConnectionImpl@1e9d721] will not be managed by Spring
==>  Preparing: SELECT id,username,password,real_name,role,student_id,department,major,grade,email,phone,avatar_url,status,created_at,updated_at FROM sys_user WHERE (username = ?)
==> Parameters: admin(String)
<==    Columns: id, username, password, real_name, role, student_id, department, major, grade, email, phone, avatar_url, status, created_at, updated_at
<==        Row: 1, admin, $2a$10$rFM116gu1rpNKmDODWIOsOoNbN1ihao.5eLRT/e90pHMi0HrlCG2e, 系统管理员, ADMIN, null, null, null, null, null, null, null, 1, 2026-06-11 23:42:45, 2026-06-11 23:42:45
<==      Total: 1
Closing non transactional SqlSession [org.apache.ibatis.session.defaults.DefaultSqlSession@16ee2194]
Creating a new SqlSession
Registering transaction synchronization for SqlSession [org.apache.ibatis.session.defaults.DefaultSqlSession@aeb8999]
JDBC Connection [HikariProxyConnection@199000942 wrapping com.mysql.cj.jdbc.ConnectionImpl@1e9d721] will be managed by Spring
==>  Preparing: SELECT COUNT( * ) AS total FROM selection_campaign WHERE (semester_id = ? AND status IN (?,?))
==> Parameters: 452(Long), PENDING(String), ACTIVE(String)
<==    Columns: total
<==        Row: 0
<==      Total: 1
Releasing transactional SqlSession [org.apache.ibatis.session.defaults.DefaultSqlSession@aeb8999]
Fetched SqlSession [org.apache.ibatis.session.defaults.DefaultSqlSession@aeb8999] from current transaction
==>  Preparing: INSERT INTO selection_campaign ( name, semester_id, start_time, end_time, status, created_at, updated_at ) VALUES ( ?, ?, ?, ?, ?, ?, ? )
==> Parameters: 审核测试活动(String), 452(Long), 2026-06-13T23:47:20(LocalDateTime), 2026-06-14T01:47:20(LocalDateTime), PENDING(String), 2026-06-14T00:47:20.958844100(LocalDateTime), 2026-06-14T00:47:20.958844100(LocalDateTime)
<==    Updates: 1
Releasing transactional SqlSession [org.apache.ibatis.session.defaults.DefaultSqlSession@aeb8999]
Fetched SqlSession [org.apache.ibatis.session.defaults.DefaultSqlSession@aeb8999] from current transaction
==>  Preparing: SELECT id,name,academic_year,semester_type,start_date,end_date,status,created_at,updated_at FROM semester WHERE id=?
==> Parameters: 452(Long)
<==    Columns: id, name, academic_year, semester_type, start_date, end_date, status, created_at, updated_at
<==        Row: 452, 审核测试学期, 2025-2026, FIRST, 2025-09-01, 2026-01-15, ACTIVE, 2026-06-14 00:47:21, 2026-06-14 00:47:21
<==      Total: 1
Releasing transactional SqlSession [org.apache.ibatis.session.defaults.DefaultSqlSession@aeb8999]
Transaction synchronization committing SqlSession [org.apache.ibatis.session.defaults.DefaultSqlSession@aeb8999]
Transaction synchronization deregistering SqlSession [org.apache.ibatis.session.defaults.DefaultSqlSession@aeb8999]
Transaction synchronization closing SqlSession [org.apache.ibatis.session.defaults.DefaultSqlSession@aeb8999]
Creating a new SqlSession
SqlSession [org.apache.ibatis.session.defaults.DefaultSqlSession@636877fd] was not registered for synchronization because synchronization is not active
JDBC Connection [HikariProxyConnection@936103666 wrapping com.mysql.cj.jdbc.ConnectionImpl@1e9d721] will not be managed by Spring
==>  Preparing: SELECT id,username,password,real_name,role,student_id,department,major,grade,email,phone,avatar_url,status,created_at,updated_at FROM sys_user WHERE (username = ?)
==> Parameters: admin(String)
<==    Columns: id, username, password, real_name, role, student_id, department, major, grade, email, phone, avatar_url, status, created_at, updated_at
<==        Row: 1, admin, $2a$10$rFM116gu1rpNKmDODWIOsOoNbN1ihao.5eLRT/e90pHMi0HrlCG2e, 系统管理员, ADMIN, null, null, null, null, null, null, null, 1, 2026-06-11 23:42:45, 2026-06-11 23:42:45
<==      Total: 1
Closing non transactional SqlSession [org.apache.ibatis.session.defaults.DefaultSqlSession@636877fd]
Creating a new SqlSession
Registering transaction synchronization for SqlSession [org.apache.ibatis.session.defaults.DefaultSqlSession@415e7749]
JDBC Connection [HikariProxyConnection@723061730 wrapping com.mysql.cj.jdbc.ConnectionImpl@1e9d721] will be managed by Spring
==>  Preparing: SELECT id,name,semester_id,start_time,end_time,status,created_at,updated_at FROM selection_campaign WHERE id=?
==> Parameters: 223(Long)
<==    Columns: id, name, semester_id, start_time, end_time, status, created_at, updated_at
<==        Row: 223, 审核测试活动, 452, 2026-06-13 23:47:20, 2026-06-14 01:47:20, PENDING, 2026-06-14 00:47:21, 2026-06-14 00:47:21
<==      Total: 1
Releasing transactional SqlSession [org.apache.ibatis.session.defaults.DefaultSqlSession@415e7749]
Fetched SqlSession [org.apache.ibatis.session.defaults.DefaultSqlSession@415e7749] from current transaction
==>  Preparing: UPDATE selection_campaign SET name=?, semester_id=?, start_time=?, end_time=?, status=?, created_at=?, updated_at=? WHERE id=?
==> Parameters: 审核测试活动(String), 452(Long), 2026-06-13T23:47:20(LocalDateTime), 2026-06-14T01:47:20(LocalDateTime), ACTIVE(String), 2026-06-14T00:47:21(LocalDateTime), 2026-06-14T00:47:21.033663500(LocalDateTime), 223(Long)
<==    Updates: 1
Releasing transactional SqlSession [org.apache.ibatis.session.defaults.DefaultSqlSession@415e7749]
Fetched SqlSession [org.apache.ibatis.session.defaults.DefaultSqlSession@415e7749] from current transaction
==>  Preparing: SELECT id,name,academic_year,semester_type,start_date,end_date,status,created_at,updated_at FROM semester WHERE id=?
==> Parameters: 452(Long)
<==    Columns: id, name, academic_year, semester_type, start_date, end_date, status, created_at, updated_at
<==        Row: 452, 审核测试学期, 2025-2026, FIRST, 2025-09-01, 2026-01-15, ACTIVE, 2026-06-14 00:47:21, 2026-06-14 00:47:21
<==      Total: 1
Releasing transactional SqlSession [org.apache.ibatis.session.defaults.DefaultSqlSession@415e7749]
Transaction synchronization committing SqlSession [org.apache.ibatis.session.defaults.DefaultSqlSession@415e7749]
Transaction synchronization deregistering SqlSession [org.apache.ibatis.session.defaults.DefaultSqlSession@415e7749]
Transaction synchronization closing SqlSession [org.apache.ibatis.session.defaults.DefaultSqlSession@415e7749]
Creating a new SqlSession
SqlSession [org.apache.ibatis.session.defaults.DefaultSqlSession@391e91eb] was not registered for synchronization because synchronization is not active
JDBC Connection [HikariProxyConnection@681447929 wrapping com.mysql.cj.jdbc.ConnectionImpl@1e9d721] will not be managed by Spring
==>  Preparing: SELECT id,username,password,real_name,role,student_id,department,major,grade,email,phone,avatar_url,status,created_at,updated_at FROM sys_user WHERE (username = ?)
==> Parameters: stu_review(String)
<==    Columns: id, username, password, real_name, role, student_id, department, major, grade, email, phone, avatar_url, status, created_at, updated_at
<==        Row: 19, stu_review, $2a$10$y.FnDjCDFoqWr/LrmrMlG.6zp.k2IjmZMvz9NyPQ785xPH.KJ/k5u, 审核测试学生, STUDENT, 20242001, 计算机学院, 计算机科学与技术, 2024, null, null, null, 1, 2026-06-12 00:03:38, 2026-06-12 00:03:38
<==      Total: 1
Closing non transactional SqlSession [org.apache.ibatis.session.defaults.DefaultSqlSession@391e91eb]
Creating a new SqlSession
SqlSession [org.apache.ibatis.session.defaults.DefaultSqlSession@10cc97dc] was not registered for synchronization because synchronization is not active
JDBC Connection [HikariProxyConnection@502860372 wrapping com.mysql.cj.jdbc.ConnectionImpl@1e9d721] will not be managed by Spring
==>  Preparing: SELECT id,username,password,real_name,role,student_id,department,major,grade,email,phone,avatar_url,status,created_at,updated_at FROM sys_user WHERE (username = ?)
==> Parameters: admin(String)
<==    Columns: id, username, password, real_name, role, student_id, department, major, grade, email, phone, avatar_url, status, created_at, updated_at
<==        Row: 1, admin, $2a$10$rFM116gu1rpNKmDODWIOsOoNbN1ihao.5eLRT/e90pHMi0HrlCG2e, 系统管理员, ADMIN, null, null, null, null, null, null, null, 1, 2026-06-11 23:42:45, 2026-06-11 23:42:45
<==      Total: 1
Closing non transactional SqlSession [org.apache.ibatis.session.defaults.DefaultSqlSession@10cc97dc]
Creating a new SqlSession
Registering transaction synchronization for SqlSession [org.apache.ibatis.session.defaults.DefaultSqlSession@73cc196b]
JDBC Connection [HikariProxyConnection@1506608723 wrapping com.mysql.cj.jdbc.ConnectionImpl@1e9d721] will be managed by Spring
==>  Preparing: SELECT id,semester_id,course_id,teacher_id,max_capacity,min_enrollment,enrolled_count,open_grade,open_major,location,schedule,status,created_at,updated_at FROM course_offering WHERE id=?
==> Parameters: 240(Long)
<==    Columns: id, semester_id, course_id, teacher_id, max_capacity, min_enrollment, enrolled_count, open_grade, open_major, location, schedule, status, created_at, updated_at
<==        Row: 240, 452, 316, 18, 60, 5, 0, null, null, null, null, PENDING, 2026-06-14 00:47:21, 2026-06-14 00:47:21
<==      Total: 1
Releasing transactional SqlSession [org.apache.ibatis.session.defaults.DefaultSqlSession@73cc196b]
Fetched SqlSession [org.apache.ibatis.session.defaults.DefaultSqlSession@73cc196b] from current transaction
==>  Preparing: UPDATE course_offering SET semester_id=?, course_id=?, teacher_id=?, max_capacity=?, min_enrollment=?, enrolled_count=?, status=?, created_at=?, updated_at=? WHERE id=?
==> Parameters: 452(Long), 316(Long), 18(Long), 60(Integer), 5(Integer), 0(Integer), APPROVED(String), 2026-06-14T00:47:21(LocalDateTime), 2026-06-14T00:47:22.187826100(LocalDateTime), 240(Long)
<==    Updates: 1
Releasing transactional SqlSession [org.apache.ibatis.session.defaults.DefaultSqlSession@73cc196b]
Fetched SqlSession [org.apache.ibatis.session.defaults.DefaultSqlSession@73cc196b] from current transaction
==>  Preparing: UPDATE enrollment SET status=?, reviewed_at=? WHERE (offering_id = ? AND status = ?)
==> Parameters: APPROVED(String), 2026-06-14T00:47:22.188852600(LocalDateTime), 240(Long), ENROLLED(String)
<==    Updates: 0
Releasing transactional SqlSession [org.apache.ibatis.session.defaults.DefaultSqlSession@73cc196b]
Transaction synchronization committing SqlSession [org.apache.ibatis.session.defaults.DefaultSqlSession@73cc196b]
Transaction synchronization deregistering SqlSession [org.apache.ibatis.session.defaults.DefaultSqlSession@73cc196b]
Transaction synchronization closing SqlSession [org.apache.ibatis.session.defaults.DefaultSqlSession@73cc196b]
2026-06-14T00:47:22.194+08:00  INFO 42060 --- [o-auto-1-exec-1] com.cas.mq.MqEventBridge                 : Sent review notification to MQ: offeringId=240, type=APPROVED
]]></system-out>
  </testcase>
  <testcase name="should_list_reviews" classname="com.cas.Phase9ReviewTest" time="0.703">
    <system-out><![CDATA[Creating a new SqlSession
SqlSession [org.apache.ibatis.session.defaults.DefaultSqlSession@18563d10] was not registered for synchronization because synchronization is not active
JDBC Connection [HikariProxyConnection@1463784882 wrapping com.mysql.cj.jdbc.ConnectionImpl@1e9d721] will not be managed by Spring
==>  Preparing: SELECT id,name,semester_id,start_time,end_time,status,created_at,updated_at FROM selection_campaign WHERE (name LIKE ?)
==> Parameters: %测试%(String)
<==    Columns: id, name, semester_id, start_time, end_time, status, created_at, updated_at
<==        Row: 223, 审核测试活动, 452, 2026-06-13 23:47:20, 2026-06-14 01:47:20, ACTIVE, 2026-06-14 00:47:21, 2026-06-14 00:47:21
<==      Total: 1
Closing non transactional SqlSession [org.apache.ibatis.session.defaults.DefaultSqlSession@18563d10]
Creating a new SqlSession
SqlSession [org.apache.ibatis.session.defaults.DefaultSqlSession@484f7fad] was not registered for synchronization because synchronization is not active
JDBC Connection [HikariProxyConnection@1641575689 wrapping com.mysql.cj.jdbc.ConnectionImpl@1e9d721] will not be managed by Spring
==>  Preparing: DELETE FROM enrollment WHERE (campaign_id = ?)
==> Parameters: 223(Long)
<==    Updates: 0
Closing non transactional SqlSession [org.apache.ibatis.session.defaults.DefaultSqlSession@484f7fad]
Creating a new SqlSession
SqlSession [org.apache.ibatis.session.defaults.DefaultSqlSession@20ca2c3f] was not registered for synchronization because synchronization is not active
JDBC Connection [HikariProxyConnection@323722652 wrapping com.mysql.cj.jdbc.ConnectionImpl@1e9d721] will not be managed by Spring
==>  Preparing: DELETE FROM selection_campaign WHERE id=?
==> Parameters: 223(Long)
Creating a new SqlSession
SqlSession [org.apache.ibatis.session.defaults.DefaultSqlSession@6c46431e] was not registered for synchronization because synchronization is not active
JDBC Connection [HikariProxyConnection@1752816206 wrapping com.mysql.cj.jdbc.ConnectionImpl@2d7b4925] will not be managed by Spring
==>  Preparing: SELECT id,semester_id,course_id,teacher_id,max_capacity,min_enrollment,enrolled_count,open_grade,open_major,location,schedule,status,created_at,updated_at FROM course_offering WHERE id=?
==> Parameters: 240(Long)
<==    Columns: id, semester_id, course_id, teacher_id, max_capacity, min_enrollment, enrolled_count, open_grade, open_major, location, schedule, status, created_at, updated_at
<==        Row: 240, 452, 316, 18, 60, 5, 0, null, null, null, null, APPROVED, 2026-06-14 00:47:21, 2026-06-14 00:47:22
<==      Total: 1
Closing non transactional SqlSession [org.apache.ibatis.session.defaults.DefaultSqlSession@6c46431e]
Creating a new SqlSession
SqlSession [org.apache.ibatis.session.defaults.DefaultSqlSession@1c9ce01b] was not registered for synchronization because synchronization is not active
JDBC Connection [HikariProxyConnection@974250604 wrapping com.mysql.cj.jdbc.ConnectionImpl@2d7b4925] will not be managed by Spring
==>  Preparing: SELECT id,code,name,type,credits,hours,description,created_at,updated_at FROM course WHERE id=?
==> Parameters: 316(Long)
<==    Columns: id, code, name, type, credits, hours, description, created_at, updated_at
<==        Row: 316, REVW1781369240744, 审核测试课程, ELECTIVE_GENERAL, 2.0, 32, <<BLOB>>, 2026-06-14 00:47:21, 2026-06-14 00:47:21
<==      Total: 1
Closing non transactional SqlSession [org.apache.ibatis.session.defaults.DefaultSqlSession@1c9ce01b]
Creating a new SqlSession
SqlSession [org.apache.ibatis.session.defaults.DefaultSqlSession@14a21853] was not registered for synchronization because synchronization is not active
JDBC Connection [HikariProxyConnection@555059753 wrapping com.mysql.cj.jdbc.ConnectionImpl@2d7b4925] will not be managed by Spring
==>  Preparing: SELECT id,campaign_id,offering_id,student_id,status,enrolled_at,reviewed_at,created_at,updated_at FROM enrollment WHERE (offering_id = ?)
==> Parameters: 240(Long)
<==    Updates: 1
Closing non transactional SqlSession [org.apache.ibatis.session.defaults.DefaultSqlSession@20ca2c3f]
<==      Total: 0
Closing non transactional SqlSession [org.apache.ibatis.session.defaults.DefaultSqlSession@14a21853]
Creating a new SqlSession
SqlSession [org.apache.ibatis.session.defaults.DefaultSqlSession@74c997b1] was not registered for synchronization because synchronization is not active
JDBC Connection [HikariProxyConnection@93583043 wrapping com.mysql.cj.jdbc.ConnectionImpl@1e9d721] will not be managed by Spring
==>  Preparing: SELECT id,username,password,real_name,role,student_id,department,major,grade,email,phone,avatar_url,status,created_at,updated_at FROM sys_user WHERE (username = ?)
==> Parameters: tch_review(String)
2026-06-14T00:47:22.208+08:00  INFO 42060 --- [ntContainer#1-1] c.cas.mq.consumer.NotificationConsumer   : Generated 0 notifications for offering 240
<==    Columns: id, username, password, real_name, role, student_id, department, major, grade, email, phone, avatar_url, status, created_at, updated_at
<==        Row: 18, tch_review, $2a$10$foSkaqoT9ADqzbnEeJmxzuJI/6euEY0N8gQSW2MlwfjqEoklo9bQS, 审核测试教师, TEACHER, null, 计算机学院, null, null, null, null, null, 1, 2026-06-12 00:03:38, 2026-06-12 00:03:38
<==      Total: 1
Closing non transactional SqlSession [org.apache.ibatis.session.defaults.DefaultSqlSession@74c997b1]
Creating a new SqlSession
SqlSession [org.apache.ibatis.session.defaults.DefaultSqlSession@358b70c4] was not registered for synchronization because synchronization is not active
JDBC Connection [HikariProxyConnection@222764507 wrapping com.mysql.cj.jdbc.ConnectionImpl@1e9d721] will not be managed by Spring
==>  Preparing: SELECT id,username,password,real_name,role,student_id,department,major,grade,email,phone,avatar_url,status,created_at,updated_at FROM sys_user WHERE (username = ?)
==> Parameters: stu_review(String)
<==    Columns: id, username, password, real_name, role, student_id, department, major, grade, email, phone, avatar_url, status, created_at, updated_at
<==        Row: 19, stu_review, $2a$10$y.FnDjCDFoqWr/LrmrMlG.6zp.k2IjmZMvz9NyPQ785xPH.KJ/k5u, 审核测试学生, STUDENT, 20242001, 计算机学院, 计算机科学与技术, 2024, null, null, null, 1, 2026-06-12 00:03:38, 2026-06-12 00:03:38
<==      Total: 1
Closing non transactional SqlSession [org.apache.ibatis.session.defaults.DefaultSqlSession@358b70c4]
Creating a new SqlSession
SqlSession [org.apache.ibatis.session.defaults.DefaultSqlSession@45f26cb1] was not registered for synchronization because synchronization is not active
JDBC Connection [HikariProxyConnection@509520348 wrapping com.mysql.cj.jdbc.ConnectionImpl@1e9d721] will not be managed by Spring
==>  Preparing: SELECT id,username,password,real_name,role,student_id,department,major,grade,email,phone,avatar_url,status,created_at,updated_at FROM sys_user WHERE (username = ?)
==> Parameters: admin(String)
<==    Columns: id, username, password, real_name, role, student_id, department, major, grade, email, phone, avatar_url, status, created_at, updated_at
<==        Row: 1, admin, $2a$10$rFM116gu1rpNKmDODWIOsOoNbN1ihao.5eLRT/e90pHMi0HrlCG2e, 系统管理员, ADMIN, null, null, null, null, null, null, null, 1, 2026-06-11 23:42:45, 2026-06-11 23:42:45
<==      Total: 1
Closing non transactional SqlSession [org.apache.ibatis.session.defaults.DefaultSqlSession@45f26cb1]
Creating a new SqlSession
SqlSession [org.apache.ibatis.session.defaults.DefaultSqlSession@61293e9e] was not registered for synchronization because synchronization is not active
JDBC Connection [HikariProxyConnection@111952302 wrapping com.mysql.cj.jdbc.ConnectionImpl@1e9d721] will not be managed by Spring
==>  Preparing: SELECT id,username,password,real_name,role,student_id,department,major,grade,email,phone,avatar_url,status,created_at,updated_at FROM sys_user WHERE (username = ?)
==> Parameters: admin(String)
<==    Columns: id, username, password, real_name, role, student_id, department, major, grade, email, phone, avatar_url, status, created_at, updated_at
<==        Row: 1, admin, $2a$10$rFM116gu1rpNKmDODWIOsOoNbN1ihao.5eLRT/e90pHMi0HrlCG2e, 系统管理员, ADMIN, null, null, null, null, null, null, null, 1, 2026-06-11 23:42:45, 2026-06-11 23:42:45
<==      Total: 1
Closing non transactional SqlSession [org.apache.ibatis.session.defaults.DefaultSqlSession@61293e9e]
Creating a new SqlSession
Registering transaction synchronization for SqlSession [org.apache.ibatis.session.defaults.DefaultSqlSession@253b936a]
JDBC Connection [HikariProxyConnection@1762330027 wrapping com.mysql.cj.jdbc.ConnectionImpl@1e9d721] will be managed by Spring
==>  Preparing: INSERT INTO semester ( name, academic_year, semester_type, start_date, end_date, status, created_at, updated_at ) VALUES ( ?, ?, ?, ?, ?, ?, ?, ? )
==> Parameters: 审核测试学期(String), 2025-2026(String), FIRST(String), 2025-09-01(LocalDate), 2026-01-15(LocalDate), INACTIVE(String), 2026-06-14T00:47:22.339908100(LocalDateTime), 2026-06-14T00:47:22.339908100(LocalDateTime)
<==    Updates: 1
Releasing transactional SqlSession [org.apache.ibatis.session.defaults.DefaultSqlSession@253b936a]
Transaction synchronization committing SqlSession [org.apache.ibatis.session.defaults.DefaultSqlSession@253b936a]
Transaction synchronization deregistering SqlSession [org.apache.ibatis.session.defaults.DefaultSqlSession@253b936a]
Transaction synchronization closing SqlSession [org.apache.ibatis.session.defaults.DefaultSqlSession@253b936a]
Creating a new SqlSession
SqlSession [org.apache.ibatis.session.defaults.DefaultSqlSession@18a0504] was not registered for synchronization because synchronization is not active
JDBC Connection [HikariProxyConnection@561864023 wrapping com.mysql.cj.jdbc.ConnectionImpl@1e9d721] will not be managed by Spring
==>  Preparing: SELECT id,username,password,real_name,role,student_id,department,major,grade,email,phone,avatar_url,status,created_at,updated_at FROM sys_user WHERE (username = ?)
==> Parameters: admin(String)
<==    Columns: id, username, password, real_name, role, student_id, department, major, grade, email, phone, avatar_url, status, created_at, updated_at
<==        Row: 1, admin, $2a$10$rFM116gu1rpNKmDODWIOsOoNbN1ihao.5eLRT/e90pHMi0HrlCG2e, 系统管理员, ADMIN, null, null, null, null, null, null, null, 1, 2026-06-11 23:42:45, 2026-06-11 23:42:45
<==      Total: 1
Closing non transactional SqlSession [org.apache.ibatis.session.defaults.DefaultSqlSession@18a0504]
Creating a new SqlSession
Registering transaction synchronization for SqlSession [org.apache.ibatis.session.defaults.DefaultSqlSession@388a3c7f]
JDBC Connection [HikariProxyConnection@1020537295 wrapping com.mysql.cj.jdbc.ConnectionImpl@1e9d721] will be managed by Spring
==>  Preparing: SELECT id,name,academic_year,semester_type,start_date,end_date,status,created_at,updated_at FROM semester WHERE id=?
==> Parameters: 453(Long)
<==    Columns: id, name, academic_year, semester_type, start_date, end_date, status, created_at, updated_at
<==        Row: 453, 审核测试学期, 2025-2026, FIRST, 2025-09-01, 2026-01-15, INACTIVE, 2026-06-14 00:47:22, 2026-06-14 00:47:22
<==      Total: 1
Releasing transactional SqlSession [org.apache.ibatis.session.defaults.DefaultSqlSession@388a3c7f]
Fetched SqlSession [org.apache.ibatis.session.defaults.DefaultSqlSession@388a3c7f] from current transaction
==>  Preparing: UPDATE semester SET status=?, updated_at=? WHERE (status = ?)
==> Parameters: INACTIVE(String), 2026-06-14T00:47:22.411236200(LocalDateTime), ACTIVE(String)
<==    Updates: 1
Releasing transactional SqlSession [org.apache.ibatis.session.defaults.DefaultSqlSession@388a3c7f]
Fetched SqlSession [org.apache.ibatis.session.defaults.DefaultSqlSession@388a3c7f] from current transaction
==>  Preparing: UPDATE semester SET name=?, academic_year=?, semester_type=?, start_date=?, end_date=?, status=?, created_at=?, updated_at=? WHERE id=?
[...]
==>  Preparing: SELECT id,username,password,real_name,role,student_id,department,major,grade,email,phone,avatar_url,status,created_at,updated_at FROM sys_user WHERE (username = ?)
==> Parameters: tch_review(String)
<==    Columns: id, username, password, real_name, role, student_id, department, major, grade, email, phone, avatar_url, status, created_at, updated_at
<==        Row: 18, tch_review, $2a$10$foSkaqoT9ADqzbnEeJmxzuJI/6euEY0N8gQSW2MlwfjqEoklo9bQS, 审核测试教师, TEACHER, null, 计算机学院, null, null, null, null, null, 1, 2026-06-12 00:03:38, 2026-06-12 00:03:38
<==      Total: 1
Closing non transactional SqlSession [org.apache.ibatis.session.defaults.DefaultSqlSession@7c7335dc]
Creating a new SqlSession
SqlSession [org.apache.ibatis.session.defaults.DefaultSqlSession@50fd4246] was not registered for synchronization because synchronization is not active
JDBC Connection [HikariProxyConnection@902123600 wrapping com.mysql.cj.jdbc.ConnectionImpl@1e9d721] will not be managed by Spring
==>  Preparing: SELECT id,username,password,real_name,role,student_id,department,major,grade,email,phone,avatar_url,status,created_at,updated_at FROM sys_user WHERE (username = ?)
==> Parameters: stu_review(String)
<==    Columns: id, username, password, real_name, role, student_id, department, major, grade, email, phone, avatar_url, status, created_at, updated_at
<==        Row: 19, stu_review, $2a$10$y.FnDjCDFoqWr/LrmrMlG.6zp.k2IjmZMvz9NyPQ785xPH.KJ/k5u, 审核测试学生, STUDENT, 20242001, 计算机学院, 计算机科学与技术, 2024, null, null, null, 1, 2026-06-12 00:03:38, 2026-06-12 00:03:38
<==      Total: 1
Closing non transactional SqlSession [org.apache.ibatis.session.defaults.DefaultSqlSession@50fd4246]
Creating a new SqlSession
SqlSession [org.apache.ibatis.session.defaults.DefaultSqlSession@590d84e3] was not registered for synchronization because synchronization is not active
JDBC Connection [HikariProxyConnection@507296193 wrapping com.mysql.cj.jdbc.ConnectionImpl@1e9d721] will not be managed by Spring
==>  Preparing: SELECT id,username,password,real_name,role,student_id,department,major,grade,email,phone,avatar_url,status,created_at,updated_at FROM sys_user WHERE (username = ?)
==> Parameters: admin(String)
<==    Columns: id, username, password, real_name, role, student_id, department, major, grade, email, phone, avatar_url, status, created_at, updated_at
<==        Row: 1, admin, $2a$10$rFM116gu1rpNKmDODWIOsOoNbN1ihao.5eLRT/e90pHMi0HrlCG2e, 系统管理员, ADMIN, null, null, null, null, null, null, null, 1, 2026-06-11 23:42:45, 2026-06-11 23:42:45
<==      Total: 1
Closing non transactional SqlSession [org.apache.ibatis.session.defaults.DefaultSqlSession@590d84e3]
Creating a new SqlSession
SqlSession [org.apache.ibatis.session.defaults.DefaultSqlSession@44e68b64] was not registered for synchronization because synchronization is not active
JDBC Connection [HikariProxyConnection@348501238 wrapping com.mysql.cj.jdbc.ConnectionImpl@1e9d721] will not be managed by Spring
==>  Preparing: SELECT id,username,password,real_name,role,student_id,department,major,grade,email,phone,avatar_url,status,created_at,updated_at FROM sys_user WHERE (username = ?)
==> Parameters: admin(String)
<==    Columns: id, username, password, real_name, role, student_id, department, major, grade, email, phone, avatar_url, status, created_at, updated_at
<==        Row: 1, admin, $2a$10$rFM116gu1rpNKmDODWIOsOoNbN1ihao.5eLRT/e90pHMi0HrlCG2e, 系统管理员, ADMIN, null, null, null, null, null, null, null, 1, 2026-06-11 23:42:45, 2026-06-11 23:42:45
<==      Total: 1
Closing non transactional SqlSession [org.apache.ibatis.session.defaults.DefaultSqlSession@44e68b64]
Creating a new SqlSession
Registering transaction synchronization for SqlSession [org.apache.ibatis.session.defaults.DefaultSqlSession@6277b438]
JDBC Connection [HikariProxyConnection@953901401 wrapping com.mysql.cj.jdbc.ConnectionImpl@1e9d721] will be managed by Spring
==>  Preparing: INSERT INTO semester ( name, academic_year, semester_type, start_date, end_date, status, created_at, updated_at ) VALUES ( ?, ?, ?, ?, ?, ?, ?, ? )
==> Parameters: 审核测试学期2(String), 2025-2026(String), SECOND(String), 2026-02-15(LocalDate), 2026-07-15(LocalDate), INACTIVE(String), 2026-06-14T00:47:24.647083300(LocalDateTime), 2026-06-14T00:47:24.647083300(LocalDateTime)
<==    Updates: 1
Releasing transactional SqlSession [org.apache.ibatis.session.defaults.DefaultSqlSession@6277b438]
Transaction synchronization committing SqlSession [org.apache.ibatis.session.defaults.DefaultSqlSession@6277b438]
Transaction synchronization deregistering SqlSession [org.apache.ibatis.session.defaults.DefaultSqlSession@6277b438]
Transaction synchronization closing SqlSession [org.apache.ibatis.session.defaults.DefaultSqlSession@6277b438]
Creating a new SqlSession
SqlSession [org.apache.ibatis.session.defaults.DefaultSqlSession@5ed2eaf8] was not registered for synchronization because synchronization is not active
JDBC Connection [HikariProxyConnection@697581726 wrapping com.mysql.cj.jdbc.ConnectionImpl@1e9d721] will not be managed by Spring
==>  Preparing: SELECT id,username,password,real_name,role,student_id,department,major,grade,email,phone,avatar_url,status,created_at,updated_at FROM sys_user WHERE (username = ?)
==> Parameters: admin(String)
<==    Columns: id, username, password, real_name, role, student_id, department, major, grade, email, phone, avatar_url, status, created_at, updated_at
<==        Row: 1, admin, $2a$10$rFM116gu1rpNKmDODWIOsOoNbN1ihao.5eLRT/e90pHMi0HrlCG2e, 系统管理员, ADMIN, null, null, null, null, null, null, null, 1, 2026-06-11 23:42:45, 2026-06-11 23:42:45
<==      Total: 1
Closing non transactional SqlSession [org.apache.ibatis.session.defaults.DefaultSqlSession@5ed2eaf8]
Creating a new SqlSession
Registering transaction synchronization for SqlSession [org.apache.ibatis.session.defaults.DefaultSqlSession@18d2e989]
JDBC Connection [HikariProxyConnection@289234936 wrapping com.mysql.cj.jdbc.ConnectionImpl@1e9d721] will be managed by Spring
==>  Preparing: SELECT id,name,academic_year,semester_type,start_date,end_date,status,created_at,updated_at FROM semester WHERE id=?
==> Parameters: 455(Long)
<==    Columns: id, name, academic_year, semester_type, start_date, end_date, status, created_at, updated_at
<==        Row: 455, 审核测试学期2, 2025-2026, SECOND, 2026-02-15, 2026-07-15, INACTIVE, 2026-06-14 00:47:25, 2026-06-14 00:47:25
<==      Total: 1
Releasing transactional SqlSession [org.apache.ibatis.session.defaults.DefaultSqlSession@18d2e989]
Fetched SqlSession [org.apache.ibatis.session.defaults.DefaultSqlSession@18d2e989] from current transaction
==>  Preparing: UPDATE semester SET status=?, updated_at=? WHERE (status = ?)
==> Parameters: INACTIVE(String), 2026-06-14T00:47:24.719166400(LocalDateTime), ACTIVE(String)
<==    Updates: 1
Releasing transactional SqlSession [org.apache.ibatis.session.defaults.DefaultSqlSession@18d2e989]
Fetched SqlSession [org.apache.ibatis.session.defaults.DefaultSqlSession@18d2e989] from current transaction
==>  Preparing: UPDATE semester SET name=?, academic_year=?, semester_type=?, start_date=?, end_date=?, status=?, created_at=?, updated_at=? WHERE id=?
==> Parameters: 审核测试学期2(String), 2025-2026(String), SECOND(String), 2026-02-15(LocalDate), 2026-07-15(LocalDate), ACTIVE(String), 2026-06-14T00:47:25(LocalDateTime), 2026-06-14T00:47:24.721168400(LocalDateTime), 455(Long)
<==    Updates: 1
Releasing transactional SqlSession [org.apache.ibatis.session.defaults.DefaultSqlSession@18d2e989]
Transaction synchronization committing SqlSession [org.apache.ibatis.session.defaults.DefaultSqlSession@18d2e989]
Transaction synchronization deregistering SqlSession [org.apache.ibatis.session.defaults.DefaultSqlSession@18d2e989]
Transaction synchronization closing SqlSession [org.apache.ibatis.session.defaults.DefaultSqlSession@18d2e989]
Creating a new SqlSession
SqlSession [org.apache.ibatis.session.defaults.DefaultSqlSession@2039d50a] was not registered for synchronization because synchronization is not active
JDBC Connection [HikariProxyConnection@1913634139 wrapping com.mysql.cj.jdbc.ConnectionImpl@1e9d721] will not be managed by Spring
==>  Preparing: SELECT id,username,password,real_name,role,student_id,department,major,grade,email,phone,avatar_url,status,created_at,updated_at FROM sys_user WHERE (username = ?)
==> Parameters: admin(String)
<==    Columns: id, username, password, real_name, role, student_id, department, major, grade, email, phone, avatar_url, status, created_at, updated_at
<==        Row: 1, admin, $2a$10$rFM116gu1rpNKmDODWIOsOoNbN1ihao.5eLRT/e90pHMi0HrlCG2e, 系统管理员, ADMIN, null, null, null, null, null, null, null, 1, 2026-06-11 23:42:45, 2026-06-11 23:42:45
<==      Total: 1
Closing non transactional SqlSession [org.apache.ibatis.session.defaults.DefaultSqlSession@2039d50a]
Creating a new SqlSession
Registering transaction synchronization for SqlSession [org.apache.ibatis.session.defaults.DefaultSqlSession@1c4c9809]
JDBC Connection [HikariProxyConnection@1861316004 wrapping com.mysql.cj.jdbc.ConnectionImpl@1e9d721] will be managed by Spring
==>  Preparing: SELECT COUNT( * ) AS total FROM course WHERE (code = ?)
==> Parameters: REVW21781369244727(String)
<==    Columns: total
<==        Row: 0
<==      Total: 1
Releasing transactional SqlSession [org.apache.ibatis.session.defaults.DefaultSqlSession@1c4c9809]
Fetched SqlSession [org.apache.ibatis.session.defaults.DefaultSqlSession@1c4c9809] from current transaction
==>  Preparing: INSERT INTO course ( code, name, type, credits, hours, created_at, updated_at ) VALUES ( ?, ?, ?, ?, ?, ?, ? )
==> Parameters: REVW21781369244727(String), 审核测试课程2(String), ELECTIVE_GENERAL(String), 2.0(BigDecimal), 32(Integer), 2026-06-14T00:47:24.792894300(LocalDateTime), 2026-06-14T00:47:24.792894300(LocalDateTime)
<==    Updates: 1
Releasing transactional SqlSession [org.apache.ibatis.session.defaults.DefaultSqlSession@1c4c9809]
Transaction synchronization committing SqlSession [org.apache.ibatis.session.defaults.DefaultSqlSession@1c4c9809]
Transaction synchronization deregistering SqlSession [org.apache.ibatis.session.defaults.DefaultSqlSession@1c4c9809]
Transaction synchronization closing SqlSession [org.apache.ibatis.session.defaults.DefaultSqlSession@1c4c9809]
Creating a new SqlSession
SqlSession [org.apache.ibatis.session.defaults.DefaultSqlSession@237e61ac] was not registered for synchronization because synchronization is not active
JDBC Connection [HikariProxyConnection@430696695 wrapping com.mysql.cj.jdbc.ConnectionImpl@1e9d721] will not be managed by Spring
==>  Preparing: SELECT id,username,password,real_name,role,student_id,department,major,grade,email,phone,avatar_url,status,created_at,updated_at FROM sys_user WHERE (username = ?)
==> Parameters: tch_review(String)
<==    Columns: id, username, password, real_name, role, student_id, department, major, grade, email, phone, avatar_url, status, created_at, updated_at
<==        Row: 18, tch_review, $2a$10$foSkaqoT9ADqzbnEeJmxzuJI/6euEY0N8gQSW2MlwfjqEoklo9bQS, 审核测试教师, TEACHER, null, 计算机学院, null, null, null, null, null, 1, 2026-06-12 00:03:38, 2026-06-12 00:03:38
<==      Total: 1
Closing non transactional SqlSession [org.apache.ibatis.session.defaults.DefaultSqlSession@237e61ac]
Creating a new SqlSession
SqlSession [org.apache.ibatis.session.defaults.DefaultSqlSession@5006deea] was not registered for synchronization because synchronization is not active
JDBC Connection [HikariProxyConnection@1836700574 wrapping com.mysql.cj.jdbc.ConnectionImpl@1e9d721] will not be managed by Spring
==>  Preparing: SELECT id,username,password,real_name,role,student_id,department,major,grade,email,phone,avatar_url,status,created_at,updated_at FROM sys_user WHERE (username = ?)
==> Parameters: admin(String)
<==    Columns: id, username, password, real_name, role, student_id, department, major, grade, email, phone, avatar_url, status, created_at, updated_at
<==        Row: 1, admin, $2a$10$rFM116gu1rpNKmDODWIOsOoNbN1ihao.5eLRT/e90pHMi0HrlCG2e, 系统管理员, ADMIN, null, null, null, null, null, null, null, 1, 2026-06-11 23:42:45, 2026-06-11 23:42:45
<==      Total: 1
Closing non transactional SqlSession [org.apache.ibatis.session.defaults.DefaultSqlSession@5006deea]
Creating a new SqlSession
Registering transaction synchronization for SqlSession [org.apache.ibatis.session.defaults.DefaultSqlSession@1560f4c]
JDBC Connection [HikariProxyConnection@2065077854 wrapping com.mysql.cj.jdbc.ConnectionImpl@1e9d721] will be managed by Spring
==>  Preparing: SELECT id,code,name,type,credits,hours,description,created_at,updated_at FROM course WHERE id=?
==> Parameters: 319(Long)
<==    Columns: id, code, name, type, credits, hours, description, created_at, updated_at
<==        Row: 319, REVW21781369244727, 审核测试课程2, ELECTIVE_GENERAL, 2.0, 32, <<BLOB>>, 2026-06-14 00:47:25, 2026-06-14 00:47:25
<==      Total: 1
Releasing transactional SqlSession [org.apache.ibatis.session.defaults.DefaultSqlSession@1560f4c]
Fetched SqlSession [org.apache.ibatis.session.defaults.DefaultSqlSession@1560f4c] from current transaction
==>  Preparing: SELECT id,name,academic_year,semester_type,start_date,end_date,status,created_at,updated_at FROM semester WHERE id=?
==> Parameters: 455(Long)
<==    Columns: id, name, academic_year, semester_type, start_date, end_date, status, created_at, updated_at
<==        Row: 455, 审核测试学期2, 2025-2026, SECOND, 2026-02-15, 2026-07-15, ACTIVE, 2026-06-14 00:47:25, 2026-06-14 00:47:25
<==      Total: 1
Releasing transactional SqlSession [org.apache.ibatis.session.defaults.DefaultSqlSession@1560f4c]
Fetched SqlSession [org.apache.ibatis.session.defaults.DefaultSqlSession@1560f4c] from current transaction
==>  Preparing: INSERT INTO course_offering ( semester_id, course_id, teacher_id, max_capacity, min_enrollment, enrolled_count, status, created_at, updated_at ) VALUES ( ?, ?, ?, ?, ?, ?, ?, ?, ? )
==> Parameters: 455(Long), 319(Long), 18(Long), 60(Integer), 5(Integer), 0(Integer), PENDING(String), 2026-06-14T00:47:24.861041100(LocalDateTime), 2026-06-14T00:47:24.861041100(LocalDateTime)
<==    Updates: 1
Releasing transactional SqlSession [org.apache.ibatis.session.defaults.DefaultSqlSession@1560f4c]
Fetched SqlSession [org.apache.ibatis.session.defaults.DefaultSqlSession@1560f4c] from current transaction
==>  Preparing: SELECT id,code,name,type,credits,hours,description,created_at,updated_at FROM course WHERE id=?
==> Parameters: 319(Long)
<==    Columns: id, code, name, type, credits, hours, description, created_at, updated_at
<==        Row: 319, REVW21781369244727, 审核测试课程2, ELECTIVE_GENERAL, 2.0, 32, <<BLOB>>, 2026-06-14 00:47:25, 2026-06-14 00:47:25
<==      Total: 1
Releasing transactional SqlSession [org.apache.ibatis.session.defaults.DefaultSqlSession@1560f4c]
Fetched SqlSession [org.apache.ibatis.session.defaults.DefaultSqlSession@1560f4c] from current transaction
==>  Preparing: SELECT id,username,password,real_name,role,student_id,department,major,grade,email,phone,avatar_url,status,created_at,updated_at FROM sys_user WHERE id=?
==> Parameters: 18(Long)
<==    Columns: id, username, password, real_name, role, student_id, department, major, grade, email, phone, avatar_url, status, created_at, updated_at
<==        Row: 18, tch_review, $2a$10$foSkaqoT9ADqzbnEeJmxzuJI/6euEY0N8gQSW2MlwfjqEoklo9bQS, 审核测试教师, TEACHER, null, 计算机学院, null, null, null, null, null, 1, 2026-06-12 00:03:38, 2026-06-12 00:03:38
<==      Total: 1
Releasing transactional SqlSession [org.apache.ibatis.session.defaults.DefaultSqlSession@1560f4c]
Fetched SqlSession [org.apache.ibatis.session.defaults.DefaultSqlSession@1560f4c] from current transaction
==>  Preparing: SELECT id,name,academic_year,semester_type,start_date,end_date,status,created_at,updated_at FROM semester WHERE id=?
==> Parameters: 455(Long)
<==    Columns: id, name, academic_year, semester_type, start_date, end_date, status, created_at, updated_at
<==        Row: 455, 审核测试学期2, 2025-2026, SECOND, 2026-02-15, 2026-07-15, ACTIVE, 2026-06-14 00:47:25, 2026-06-14 00:47:25
<==      Total: 1
Releasing transactional SqlSession [org.apache.ibatis.session.defaults.DefaultSqlSession@1560f4c]
Transaction synchronization committing SqlSession [org.apache.ibatis.session.defaults.DefaultSqlSession@1560f4c]
Transaction synchronization deregistering SqlSession [org.apache.ibatis.session.defaults.DefaultSqlSession@1560f4c]
Transaction synchronization closing SqlSession [org.apache.ibatis.session.defaults.DefaultSqlSession@1560f4c]
Creating a new SqlSession
SqlSession [org.apache.ibatis.session.defaults.DefaultSqlSession@c196796] was not registered for synchronization because synchronization is not active
JDBC Connection [HikariProxyConnection@1071637968 wrapping com.mysql.cj.jdbc.ConnectionImpl@1e9d721] will not be managed by Spring
==>  Preparing: SELECT id,username,password,real_name,role,student_id,department,major,grade,email,phone,avatar_url,status,created_at,updated_at FROM sys_user WHERE (username = ?)
==> Parameters: admin(String)
<==    Columns: id, username, password, real_name, role, student_id, department, major, grade, email, phone, avatar_url, status, created_at, updated_at
<==        Row: 1, admin, $2a$10$rFM116gu1rpNKmDODWIOsOoNbN1ihao.5eLRT/e90pHMi0HrlCG2e, 系统管理员, ADMIN, null, null, null, null, null, null, null, 1, 2026-06-11 23:42:45, 2026-06-11 23:42:45
<==      Total: 1
Closing non transactional SqlSession [org.apache.ibatis.session.defaults.DefaultSqlSession@c196796]
Creating a new SqlSession
Registering transaction synchronization for SqlSession [org.apache.ibatis.session.defaults.DefaultSqlSession@cdf1d67]
JDBC Connection [HikariProxyConnection@1112145627 wrapping com.mysql.cj.jdbc.ConnectionImpl@1e9d721] will be managed by Spring
==>  Preparing: SELECT id,semester_id,course_id,teacher_id,max_capacity,min_enrollment,enrolled_count,open_grade,open_major,location,schedule,status,created_at,updated_at FROM course_offering WHERE id=?
==> Parameters: 243(Long)
<==    Columns: id, semester_id, course_id, teacher_id, max_capacity, min_enrollment, enrolled_count, open_grade, open_major, location, schedule, status, created_at, updated_at
<==        Row: 243, 455, 319, 18, 60, 5, 0, null, null, null, null, PENDING, 2026-06-14 00:47:25, 2026-06-14 00:47:25
<==      Total: 1
Releasing transactional SqlSession [org.apache.ibatis.session.defaults.DefaultSqlSession@cdf1d67]
Fetched SqlSession [org.apache.ibatis.session.defaults.DefaultSqlSession@cdf1d67] from current transaction
==>  Preparing: UPDATE course_offering SET semester_id=?, course_id=?, teacher_id=?, max_capacity=?, min_enrollment=?, enrolled_count=?, status=?, created_at=?, updated_at=? WHERE id=?
==> Parameters: 455(Long), 319(Long), 18(Long), 60(Integer), 5(Integer), 0(Integer), REJECTED(String), 2026-06-14T00:47:25(LocalDateTime), 2026-06-14T00:47:24.944449600(LocalDateTime), 243(Long)
<==    Updates: 1
Releasing transactional SqlSession [org.apache.ibatis.session.defaults.DefaultSqlSession@cdf1d67]
Fetched SqlSession [org.apache.ibatis.session.defaults.DefaultSqlSession@cdf1d67] from current transaction
==>  Preparing: UPDATE enrollment SET status=?, reviewed_at=? WHERE (offering_id = ? AND status = ?)
==> Parameters: REJECTED(String), 2026-06-14T00:47:24.946450500(LocalDateTime), 243(Long), ENROLLED(String)
<==    Updates: 0
Releasing transactional SqlSession [org.apache.ibatis.session.defaults.DefaultSqlSession@cdf1d67]
Transaction synchronization committing SqlSession [org.apache.ibatis.session.defaults.DefaultSqlSession@cdf1d67]
Transaction synchronization deregistering SqlSession [org.apache.ibatis.session.defaults.DefaultSqlSession@cdf1d67]
Transaction synchronization closing SqlSession [org.apache.ibatis.session.defaults.DefaultSqlSession@cdf1d67]
2026-06-14T00:47:24.952+08:00  INFO 42060 --- [o-auto-1-exec-5] com.cas.mq.MqEventBridge                 : Sent review notification to MQ: offeringId=243, type=REJECTED
]]></system-out>
  </testcase>
</testsuite>