<?xml version="1.0" encoding="UTF-8"?>
<testsuite xmlns:xsi="http://www.w3.org/2001/XMLSchema-instance" xsi:noNamespaceSchemaLocation="https://maven.apache.org/surefire/maven-surefire-plugin/xsd/surefire-test-report-3.0.xsd" version="3.0" name="com.cas.Phase5CourseTest" time="0.75" tests="5" errors="0" skipped="0" failures="0">
  <properties>
[...]
</properties>
  <testcase name="should_return_409_when_delete_course_with_offerings" classname="com.cas.Phase5CourseTest" time="0.181">
    <system-out><![CDATA[2026-06-14T00:47:12.710+08:00  INFO 42060 --- [           main] t.c.s.AnnotationConfigContextLoaderUtils : Could not detect default configuration classes for test class [com.cas.Phase5CourseTest]: Phase5CourseTest does not declare any static, non-private, non-final, nested classes annotated with @Configuration.
2026-06-14T00:47:12.711+08:00  INFO 42060 --- [           main] .b.t.c.SpringBootTestContextBootstrapper : Found @SpringBootConfiguration com.cas.CasApplication for test class com.cas.Phase5CourseTest
Creating a new SqlSession
SqlSession [org.apache.ibatis.session.defaults.DefaultSqlSession@5d670f] was not registered for synchronization because synchronization is not active
JDBC Connection [HikariProxyConnection@727807458 wrapping com.mysql.cj.jdbc.ConnectionImpl@1e9d721] will not be managed by Spring
==>  Preparing: SELECT id,username,password,real_name,role,student_id,department,major,grade,email,phone,avatar_url,status,created_at,updated_at FROM sys_user WHERE (username = ?)
==> Parameters: admin(String)
<==    Columns: id, username, password, real_name, role, student_id, department, major, grade, email, phone, avatar_url, status, created_at, updated_at
<==        Row: 1, admin, $2a$10$rFM116gu1rpNKmDODWIOsOoNbN1ihao.5eLRT/e90pHMi0HrlCG2e, 系统管理员, ADMIN, null, null, null, null, null, null, null, 1, 2026-06-11 23:42:45, 2026-06-11 23:42:45
<==      Total: 1
Closing non transactional SqlSession [org.apache.ibatis.session.defaults.DefaultSqlSession@5d670f]
Creating a new SqlSession
Registering transaction synchronization for SqlSession [org.apache.ibatis.session.defaults.DefaultSqlSession@7de26bfb]
JDBC Connection [HikariProxyConnection@1858543994 wrapping com.mysql.cj.jdbc.ConnectionImpl@1e9d721] will be managed by Spring
==>  Preparing: SELECT COUNT( * ) AS total FROM course WHERE (code = ?)
==> Parameters: DEL1781369232713(String)
<==    Columns: total
<==        Row: 0
<==      Total: 1
Releasing transactional SqlSession [org.apache.ibatis.session.defaults.DefaultSqlSession@7de26bfb]
Fetched SqlSession [org.apache.ibatis.session.defaults.DefaultSqlSession@7de26bfb] from current transaction
==>  Preparing: INSERT INTO course ( code, name, type, credits, hours, created_at, updated_at ) VALUES ( ?, ?, ?, ?, ?, ?, ? )
==> Parameters: DEL1781369232713(String), 删除测试课程(String), ELECTIVE_GENERAL(String), 2.0(BigDecimal), 32(Integer), 2026-06-14T00:47:12.802410900(LocalDateTime), 2026-06-14T00:47:12.802410900(LocalDateTime)
<==    Updates: 1
Releasing transactional SqlSession [org.apache.ibatis.session.defaults.DefaultSqlSession@7de26bfb]
Transaction synchronization committing SqlSession [org.apache.ibatis.session.defaults.DefaultSqlSession@7de26bfb]
Transaction synchronization deregistering SqlSession [org.apache.ibatis.session.defaults.DefaultSqlSession@7de26bfb]
Transaction synchronization closing SqlSession [org.apache.ibatis.session.defaults.DefaultSqlSession@7de26bfb]
Creating a new SqlSession
SqlSession [org.apache.ibatis.session.defaults.DefaultSqlSession@4d9af7f5] was not registered for synchronization because synchronization is not active
JDBC Connection [HikariProxyConnection@147211113 wrapping com.mysql.cj.jdbc.ConnectionImpl@1e9d721] will not be managed by Spring
==>  Preparing: SELECT id,username,password,real_name,role,student_id,department,major,grade,email,phone,avatar_url,status,created_at,updated_at FROM sys_user WHERE (username = ?)
==> Parameters: admin(String)
<==    Columns: id, username, password, real_name, role, student_id, department, major, grade, email, phone, avatar_url, status, created_at, updated_at
<==        Row: 1, admin, $2a$10$rFM116gu1rpNKmDODWIOsOoNbN1ihao.5eLRT/e90pHMi0HrlCG2e, 系统管理员, ADMIN, null, null, null, null, null, null, null, 1, 2026-06-11 23:42:45, 2026-06-11 23:42:45
<==      Total: 1
Closing non transactional SqlSession [org.apache.ibatis.session.defaults.DefaultSqlSession@4d9af7f5]
Creating a new SqlSession
Registering transaction synchronization for SqlSession [org.apache.ibatis.session.defaults.DefaultSqlSession@4baf7a06]
JDBC Connection [HikariProxyConnection@1384188325 wrapping com.mysql.cj.jdbc.ConnectionImpl@1e9d721] will be managed by Spring
==>  Preparing: SELECT id,code,name,type,credits,hours,description,created_at,updated_at FROM course WHERE id=?
==> Parameters: 303(Long)
<==    Columns: id, code, name, type, credits, hours, description, created_at, updated_at
<==        Row: 303, DEL1781369232713, 删除测试课程, ELECTIVE_GENERAL, 2.0, 32, <<BLOB>>, 2026-06-14 00:47:13, 2026-06-14 00:47:13
<==      Total: 1
Releasing transactional SqlSession [org.apache.ibatis.session.defaults.DefaultSqlSession@4baf7a06]
Fetched SqlSession [org.apache.ibatis.session.defaults.DefaultSqlSession@4baf7a06] from current transaction
==>  Preparing: SELECT COUNT( * ) AS total FROM course_offering WHERE (course_id = ?)
==> Parameters: 303(Long)
<==    Columns: total
<==        Row: 0
<==      Total: 1
Releasing transactional SqlSession [org.apache.ibatis.session.defaults.DefaultSqlSession@4baf7a06]
Fetched SqlSession [org.apache.ibatis.session.defaults.DefaultSqlSession@4baf7a06] from current transaction
==>  Preparing: DELETE FROM course WHERE id=?
==> Parameters: 303(Long)
<==    Updates: 1
Releasing transactional SqlSession [org.apache.ibatis.session.defaults.DefaultSqlSession@4baf7a06]
Transaction synchronization committing SqlSession [org.apache.ibatis.session.defaults.DefaultSqlSession@4baf7a06]
Transaction synchronization deregistering SqlSession [org.apache.ibatis.session.defaults.DefaultSqlSession@4baf7a06]
Transaction synchronization closing SqlSession [org.apache.ibatis.session.defaults.DefaultSqlSession@4baf7a06]
]]></system-out>
  </testcase>
  <testcase name="should_create_course" classname="com.cas.Phase5CourseTest" time="0.08">
    <system-out><![CDATA[Creating a new SqlSession
SqlSession [org.apache.ibatis.session.defaults.DefaultSqlSession@49bb8928] was not registered for synchronization because synchronization is not active
JDBC Connection [HikariProxyConnection@252152346 wrapping com.mysql.cj.jdbc.ConnectionImpl@1e9d721] will not be managed by Spring
==>  Preparing: SELECT id,username,password,real_name,role,student_id,department,major,grade,email,phone,avatar_url,status,created_at,updated_at FROM sys_user WHERE (username = ?)
==> Parameters: admin(String)
<==    Columns: id, username, password, real_name, role, student_id, department, major, grade, email, phone, avatar_url, status, created_at, updated_at
<==        Row: 1, admin, $2a$10$rFM116gu1rpNKmDODWIOsOoNbN1ihao.5eLRT/e90pHMi0HrlCG2e, 系统管理员, ADMIN, null, null, null, null, null, null, null, 1, 2026-06-11 23:42:45, 2026-06-11 23:42:45
<==      Total: 1
Closing non transactional SqlSession [org.apache.ibatis.session.defaults.DefaultSqlSession@49bb8928]
Creating a new SqlSession
Registering transaction synchronization for SqlSession [org.apache.ibatis.session.defaults.DefaultSqlSession@4c97f1f7]
JDBC Connection [HikariProxyConnection@2050874377 wrapping com.mysql.cj.jdbc.ConnectionImpl@1e9d721] will be managed by Spring
==>  Preparing: SELECT COUNT( * ) AS total FROM course WHERE (code = ?)
==> Parameters: CS1781369232894(String)
<==    Columns: total
<==        Row: 0
<==      Total: 1
Releasing transactional SqlSession [org.apache.ibatis.session.defaults.DefaultSqlSession@4c97f1f7]
Fetched SqlSession [org.apache.ibatis.session.defaults.DefaultSqlSession@4c97f1f7] from current transaction
==>  Preparing: INSERT INTO course ( code, name, type, credits, hours, description, created_at, updated_at ) VALUES ( ?, ?, ?, ?, ?, ?, ?, ? )
==> Parameters: CS1781369232894(String), 计算机导论(String), REQUIRED(String), 3.0(BigDecimal), 48(Integer), 计算机基础课程(String), 2026-06-14T00:47:12.963844400(LocalDateTime), 2026-06-14T00:47:12.963844400(LocalDateTime)
<==    Updates: 1
Releasing transactional SqlSession [org.apache.ibatis.session.defaults.DefaultSqlSession@4c97f1f7]
Transaction synchronization committing SqlSession [org.apache.ibatis.session.defaults.DefaultSqlSession@4c97f1f7]
Transaction synchronization deregistering SqlSession [org.apache.ibatis.session.defaults.DefaultSqlSession@4c97f1f7]
Transaction synchronization closing SqlSession [org.apache.ibatis.session.defaults.DefaultSqlSession@4c97f1f7]
]]></system-out>
  </testcase>
  <testcase name="should_return_409_when_duplicate_code" classname="com.cas.Phase5CourseTest" time="0.153">
    <system-out><![CDATA[Creating a new SqlSession
SqlSession [org.apache.ibatis.session.defaults.DefaultSqlSession@3d790e22] was not registered for synchronization because synchronization is not active
JDBC Connection [HikariProxyConnection@212164180 wrapping com.mysql.cj.jdbc.ConnectionImpl@1e9d721] will not be managed by Spring
==>  Preparing: SELECT id,username,password,real_name,role,student_id,department,major,grade,email,phone,avatar_url,status,created_at,updated_at FROM sys_user WHERE (username = ?)
==> Parameters: admin(String)
<==    Columns: id, username, password, real_name, role, student_id, department, major, grade, email, phone, avatar_url, status, created_at, updated_at
<==        Row: 1, admin, $2a$10$rFM116gu1rpNKmDODWIOsOoNbN1ihao.5eLRT/e90pHMi0HrlCG2e, 系统管理员, ADMIN, null, null, null, null, null, null, null, 1, 2026-06-11 23:42:45, 2026-06-11 23:42:45
<==      Total: 1
Closing non transactional SqlSession [org.apache.ibatis.session.defaults.DefaultSqlSession@3d790e22]
Creating a new SqlSession
Registering transaction synchronization for SqlSession [org.apache.ibatis.session.defaults.DefaultSqlSession@707e895a]
JDBC Connection [HikariProxyConnection@2067255797 wrapping com.mysql.cj.jdbc.ConnectionImpl@1e9d721] will be managed by Spring
==>  Preparing: SELECT COUNT( * ) AS total FROM course WHERE (code = ?)
==> Parameters: UNQ1781369232975(String)
<==    Columns: total
<==        Row: 0
<==      Total: 1
Releasing transactional SqlSession [org.apache.ibatis.session.defaults.DefaultSqlSession@707e895a]
Fetched SqlSession [org.apache.ibatis.session.defaults.DefaultSqlSession@707e895a] from current transaction
==>  Preparing: INSERT INTO course ( code, name, type, credits, hours, created_at, updated_at ) VALUES ( ?, ?, ?, ?, ?, ?, ? )
==> Parameters: UNQ1781369232975(String), 唯一测试课程(String), ELECTIVE_GENERAL(String), 2.0(BigDecimal), 32(Integer), 2026-06-14T00:47:13.047370800(LocalDateTime), 2026-06-14T00:47:13.047370800(LocalDateTime)
<==    Updates: 1
Releasing transactional SqlSession [org.apache.ibatis.session.defaults.DefaultSqlSession@707e895a]
Transaction synchronization committing SqlSession [org.apache.ibatis.session.defaults.DefaultSqlSession@707e895a]
Transaction synchronization deregistering SqlSession [org.apache.ibatis.session.defaults.DefaultSqlSession@707e895a]
Transaction synchronization closing SqlSession [org.apache.ibatis.session.defaults.DefaultSqlSession@707e895a]
Creating a new SqlSession
SqlSession [org.apache.ibatis.session.defaults.DefaultSqlSession@2d62422d] was not registered for synchronization because synchronization is not active
JDBC Connection [HikariProxyConnection@1212867463 wrapping com.mysql.cj.jdbc.ConnectionImpl@1e9d721] will not be managed by Spring
==>  Preparing: SELECT id,username,password,real_name,role,student_id,department,major,grade,email,phone,avatar_url,status,created_at,updated_at FROM sys_user WHERE (username = ?)
==> Parameters: admin(String)
<==    Columns: id, username, password, real_name, role, student_id, department, major, grade, email, phone, avatar_url, status, created_at, updated_at
<==        Row: 1, admin, $2a$10$rFM116gu1rpNKmDODWIOsOoNbN1ihao.5eLRT/e90pHMi0HrlCG2e, 系统管理员, ADMIN, null, null, null, null, null, null, null, 1, 2026-06-11 23:42:45, 2026-06-11 23:42:45
<==      Total: 1
Closing non transactional SqlSession [org.apache.ibatis.session.defaults.DefaultSqlSession@2d62422d]
Creating a new SqlSession
Registering transaction synchronization for SqlSession [org.apache.ibatis.session.defaults.DefaultSqlSession@7d6f336]
JDBC Connection [HikariProxyConnection@200881646 wrapping com.mysql.cj.jdbc.ConnectionImpl@1e9d721] will be managed by Spring
==>  Preparing: SELECT COUNT( * ) AS total FROM course WHERE (code = ?)
==> Parameters: UNQ1781369232975(String)
<==    Columns: total
<==        Row: 1
<==      Total: 1
Releasing transactional SqlSession [org.apache.ibatis.session.defaults.DefaultSqlSession@7d6f336]
Transaction synchronization deregistering SqlSession [org.apache.ibatis.session.defaults.DefaultSqlSession@7d6f336]
Transaction synchronization closing SqlSession [org.apache.ibatis.session.defaults.DefaultSqlSession@7d6f336]
]]></system-out>
  </testcase>
  <testcase name="should_update_course" classname="com.cas.Phase5CourseTest" time="0.159">
    <system-out><![CDATA[Creating a new SqlSession
SqlSession [org.apache.ibatis.session.defaults.DefaultSqlSession@41159a85] was not registered for synchronization because synchronization is not active
JDBC Connection [HikariProxyConnection@706472119 wrapping com.mysql.cj.jdbc.ConnectionImpl@1e9d721] will not be managed by Spring
==>  Preparing: SELECT id,username,password,real_name,role,student_id,department,major,grade,email,phone,avatar_url,status,created_at,updated_at FROM sys_user WHERE (username = ?)
==> Parameters: admin(String)
<==    Columns: id, username, password, real_name, role, student_id, department, major, grade, email, phone, avatar_url, status, created_at, updated_at
<==        Row: 1, admin, $2a$10$rFM116gu1rpNKmDODWIOsOoNbN1ihao.5eLRT/e90pHMi0HrlCG2e, 系统管理员, ADMIN, null, null, null, null, null, null, null, 1, 2026-06-11 23:42:45, 2026-06-11 23:42:45
<==      Total: 1
Closing non transactional SqlSession [org.apache.ibatis.session.defaults.DefaultSqlSession@41159a85]
Creating a new SqlSession
Registering transaction synchronization for SqlSession [org.apache.ibatis.session.defaults.DefaultSqlSession@61bfc42d]
JDBC Connection [HikariProxyConnection@1919389583 wrapping com.mysql.cj.jdbc.ConnectionImpl@1e9d721] will be managed by Spring
==>  Preparing: SELECT COUNT( * ) AS total FROM course WHERE (code = ?)
==> Parameters: UPD1781369233128(String)
<==    Columns: total
<==        Row: 0
<==      Total: 1
Releasing transactional SqlSession [org.apache.ibatis.session.defaults.DefaultSqlSession@61bfc42d]
Fetched SqlSession [org.apache.ibatis.session.defaults.DefaultSqlSession@61bfc42d] from current transaction
==>  Preparing: INSERT INTO course ( code, name, type, credits, hours, created_at, updated_at ) VALUES ( ?, ?, ?, ?, ?, ?, ? )
==> Parameters: UPD1781369233128(String), 更新前(String), REQUIRED(String), 3.0(BigDecimal), 48(Integer), 2026-06-14T00:47:13.198121300(LocalDateTime), 2026-06-14T00:47:13.198121300(LocalDateTime)
<==    Updates: 1
Releasing transactional SqlSession [org.apache.ibatis.session.defaults.DefaultSqlSession@61bfc42d]
Transaction synchronization committing SqlSession [org.apache.ibatis.session.defaults.DefaultSqlSession@61bfc42d]
Transaction synchronization deregistering SqlSession [org.apache.ibatis.session.defaults.DefaultSqlSession@61bfc42d]
Transaction synchronization closing SqlSession [org.apache.ibatis.session.defaults.DefaultSqlSession@61bfc42d]
Creating a new SqlSession
SqlSession [org.apache.ibatis.session.defaults.DefaultSqlSession@746f9a8f] was not registered for synchronization because synchronization is not active
JDBC Connection [HikariProxyConnection@1850797736 wrapping com.mysql.cj.jdbc.ConnectionImpl@1e9d721] will not be managed by Spring
==>  Preparing: SELECT id,username,password,real_name,role,student_id,department,major,grade,email,phone,avatar_url,status,created_at,updated_at FROM sys_user WHERE (username = ?)
==> Parameters: admin(String)
<==    Columns: id, username, password, real_name, role, student_id, department, major, grade, email, phone, avatar_url, status, created_at, updated_at
<==        Row: 1, admin, $2a$10$rFM116gu1rpNKmDODWIOsOoNbN1ihao.5eLRT/e90pHMi0HrlCG2e, 系统管理员, ADMIN, null, null, null, null, null, null, null, 1, 2026-06-11 23:42:45, 2026-06-11 23:42:45
<==      Total: 1
Closing non transactional SqlSession [org.apache.ibatis.session.defaults.DefaultSqlSession@746f9a8f]
Creating a new SqlSession
Registering transaction synchronization for SqlSession [org.apache.ibatis.session.defaults.DefaultSqlSession@ed9ad2e]
JDBC Connection [HikariProxyConnection@1784194101 wrapping com.mysql.cj.jdbc.ConnectionImpl@1e9d721] will be managed by Spring
==>  Preparing: SELECT id,code,name,type,credits,hours,description,created_at,updated_at FROM course WHERE id=?
==> Parameters: 306(Long)
<==    Columns: id, code, name, type, credits, hours, description, created_at, updated_at
<==        Row: 306, UPD1781369233128, 更新前, REQUIRED, 3.0, 48, <<BLOB>>, 2026-06-14 00:47:13, 2026-06-14 00:47:13
<==      Total: 1
Releasing transactional SqlSession [org.apache.ibatis.session.defaults.DefaultSqlSession@ed9ad2e]
Fetched SqlSession [org.apache.ibatis.session.defaults.DefaultSqlSession@ed9ad2e] from current transaction
==>  Preparing: UPDATE course SET code=?, name=?, type=?, credits=?, hours=?, created_at=?, updated_at=? WHERE id=?
==> Parameters: UPD1781369233128(String), 更新后(String), REQUIRED(String), 4.0(BigDecimal), 64(Integer), 2026-06-14T00:47:13(LocalDateTime), 2026-06-14T00:47:13.277356900(LocalDateTime), 306(Long)
<==    Updates: 1
Releasing transactional SqlSession [org.apache.ibatis.session.defaults.DefaultSqlSession@ed9ad2e]
Transaction synchronization committing SqlSession [org.apache.ibatis.session.defaults.DefaultSqlSession@ed9ad2e]
Transaction synchronization deregistering SqlSession [org.apache.ibatis.session.defaults.DefaultSqlSession@ed9ad2e]
Transaction synchronization closing SqlSession [org.apache.ibatis.session.defaults.DefaultSqlSession@ed9ad2e]
]]></system-out>
  </testcase>
  <testcase name="should_list_courses_with_keyword_filter" classname="com.cas.Phase5CourseTest" time="0.171">
    <system-out><![CDATA[Creating a new SqlSession
SqlSession [org.apache.ibatis.session.defaults.DefaultSqlSession@67ea1833] was not registered for synchronization because synchronization is not active
JDBC Connection [HikariProxyConnection@1921859375 wrapping com.mysql.cj.jdbc.ConnectionImpl@1e9d721] will not be managed by Spring
==>  Preparing: SELECT id,username,password,real_name,role,student_id,department,major,grade,email,phone,avatar_url,status,created_at,updated_at FROM sys_user WHERE (username = ?)
==> Parameters: admin(String)
<==    Columns: id, username, password, real_name, role, student_id, department, major, grade, email, phone, avatar_url, status, created_at, updated_at
<==        Row: 1, admin, $2a$10$rFM116gu1rpNKmDODWIOsOoNbN1ihao.5eLRT/e90pHMi0HrlCG2e, 系统管理员, ADMIN, null, null, null, null, null, null, null, 1, 2026-06-11 23:42:45, 2026-06-11 23:42:45
<==      Total: 1
Closing non transactional SqlSession [org.apache.ibatis.session.defaults.DefaultSqlSession@67ea1833]
Creating a new SqlSession
Registering transaction synchronization for SqlSession [org.apache.ibatis.session.defaults.DefaultSqlSession@51ccc5fa]
JDBC Connection [HikariProxyConnection@1812857581 wrapping com.mysql.cj.jdbc.ConnectionImpl@1e9d721] will be managed by Spring
==>  Preparing: SELECT COUNT( * ) AS total FROM course WHERE (code = ?)
==> Parameters: KW1781369233287(String)
<==    Columns: total
<==        Row: 0
<==      Total: 1
Releasing transactional SqlSession [org.apache.ibatis.session.defaults.DefaultSqlSession@51ccc5fa]
Fetched SqlSession [org.apache.ibatis.session.defaults.DefaultSqlSession@51ccc5fa] from current transaction
==>  Preparing: INSERT INTO course ( code, name, type, credits, hours, created_at, updated_at ) VALUES ( ?, ?, ?, ?, ?, ?, ? )
==> Parameters: KW1781369233287(String), 关键字搜索测试课程(String), ELECTIVE_MAJOR(String), 2.0(BigDecimal), 32(Integer), 2026-06-14T00:47:13.357570800(LocalDateTime), 2026-06-14T00:47:13.357570800(LocalDateTime)
<==    Updates: 1
Releasing transactional SqlSession [org.apache.ibatis.session.defaults.DefaultSqlSession@51ccc5fa]
Transaction synchronization committing SqlSession [org.apache.ibatis.session.defaults.DefaultSqlSession@51ccc5fa]
Transaction synchronization deregistering SqlSession [org.apache.ibatis.session.defaults.DefaultSqlSession@51ccc5fa]
Transaction synchronization closing SqlSession [org.apache.ibatis.session.defaults.DefaultSqlSession@51ccc5fa]
Creating a new SqlSession
SqlSession [org.apache.ibatis.session.defaults.DefaultSqlSession@2b2db6af] was not registered for synchronization because synchronization is not active
JDBC Connection [HikariProxyConnection@1582347766 wrapping com.mysql.cj.jdbc.ConnectionImpl@1e9d721] will not be managed by Spring
==>  Preparing: SELECT id,username,password,real_name,role,student_id,department,major,grade,email,phone,avatar_url,status,created_at,updated_at FROM sys_user WHERE (username = ?)
==> Parameters: admin(String)
<==    Columns: id, username, password, real_name, role, student_id, department, major, grade, email, phone, avatar_url, status, created_at, updated_at
<==        Row: 1, admin, $2a$10$rFM116gu1rpNKmDODWIOsOoNbN1ihao.5eLRT/e90pHMi0HrlCG2e, 系统管理员, ADMIN, null, null, null, null, null, null, null, 1, 2026-06-11 23:42:45, 2026-06-11 23:42:45
<==      Total: 1
Closing non transactional SqlSession [org.apache.ibatis.session.defaults.DefaultSqlSession@2b2db6af]
Creating a new SqlSession
SqlSession [org.apache.ibatis.session.defaults.DefaultSqlSession@dbc5ef] was not registered for synchronization because synchronization is not active
JDBC Connection [HikariProxyConnection@1387451087 wrapping com.mysql.cj.jdbc.ConnectionImpl@1e9d721] will not be managed by Spring
==>  Preparing: SELECT COUNT(*) AS total FROM course WHERE ((name LIKE ? OR code LIKE ?))
==> Parameters: %关键字%(String), %关键字%(String)
<==    Columns: total
<==        Row: 14
<==      Total: 1
==>  Preparing: SELECT id,code,name,type,credits,hours,description,created_at,updated_at FROM course WHERE ((name LIKE ? OR code LIKE ?)) ORDER BY created_at DESC LIMIT ?
==> Parameters: %关键字%(String), %关键字%(String), 20(Long)
<==    Columns: id, code, name, type, credits, hours, description, created_at, updated_at
<==        Row: 307, KW1781369233287, 关键字搜索测试课程, ELECTIVE_MAJOR, 2.0, 32, <<BLOB>>, 2026-06-14 00:47:13, 2026-06-14 00:47:13
<==        Row: 290, KW1781367477007, 关键字搜索测试课程, ELECTIVE_MAJOR, 2.0, 32, <<BLOB>>, 2026-06-14 00:17:57, 2026-06-14 00:17:57
<==        Row: 272, KW1781361273692, 关键字搜索测试课程, ELECTIVE_MAJOR, 2.0, 32, <<BLOB>>, 2026-06-13 22:34:34, 2026-06-13 22:34:34
<==        Row: 255, KW1781351355953, 关键字搜索测试课程, ELECTIVE_MAJOR, 2.0, 32, <<BLOB>>, 2026-06-13 19:49:16, 2026-06-13 19:49:16
<==        Row: 227, KW1781350871403, 关键字搜索测试课程, ELECTIVE_MAJOR, 2.0, 32, <<BLOB>>, 2026-06-13 19:41:11, 2026-06-13 19:41:11
<==        Row: 211, KW1781350741780, 关键字搜索测试课程, ELECTIVE_MAJOR, 2.0, 32, <<BLOB>>, 2026-06-13 19:39:02, 2026-06-13 19:39:02
<==        Row: 195, KW1781350701507, 关键字搜索测试课程, ELECTIVE_MAJOR, 2.0, 32, <<BLOB>>, 2026-06-13 19:38:22, 2026-06-13 19:38:22
<==        Row: 170, KW1781198434792, 关键字搜索测试课程, ELECTIVE_MAJOR, 2.0, 32, <<BLOB>>, 2026-06-12 01:20:35, 2026-06-12 01:20:35
<==        Row: 152, KW1781196552788, 关键字搜索测试课程, ELECTIVE_MAJOR, 2.0, 32, <<BLOB>>, 2026-06-12 00:49:13, 2026-06-12 00:49:13
<==        Row: 135, KW1781196298886, 关键字搜索测试课程, ELECTIVE_MAJOR, 2.0, 32, <<BLOB>>, 2026-06-12 00:44:59, 2026-06-12 00:44:59
<==        Row: 107, KW1781195660799, 关键字搜索测试课程, ELECTIVE_MAJOR, 2.0, 32, <<BLOB>>, 2026-06-12 00:34:21, 2026-06-12 00:34:21
<==        Row: 90, KW1781195626798, 关键字搜索测试课程, ELECTIVE_MAJOR, 2.0, 32, <<BLOB>>, 2026-06-12 00:33:47, 2026-06-12 00:33:47
<==        Row: 73, KW1781194809252, 关键字搜索测试课程, ELECTIVE_MAJOR, 2.0, 32, <<BLOB>>, 2026-06-12 00:20:09, 2026-06-12 00:20:09
<==        Row: 5, KW001, 关键字搜索测试课程, ELECTIVE_MAJOR, 2.0, 32, <<BLOB>>, 2026-06-11 23:51:26, 2026-06-11 23:51:26
<==      Total: 14
Closing non transactional SqlSession [org.apache.ibatis.session.defaults.DefaultSqlSession@dbc5ef]
]]></system-out>
  </testcase>
</testsuite>