<?xml version="1.0" encoding="UTF-8"?>
<testsuite xmlns:xsi="http://www.w3.org/2001/XMLSchema-instance" xsi:noNamespaceSchemaLocation="https://maven.apache.org/surefire/maven-surefire-plugin/xsd/surefire-test-report-3.0.xsd" version="3.0" name="com.cas.Phase7OfferingTest" time="1.213" tests="4" errors="0" skipped="0" failures="0">
  <properties>
[...]
</properties>
  <testcase name="should_list_student_courses" classname="com.cas.Phase7OfferingTest" time="0.516">
    <system-out><![CDATA[2026-06-14T00:47:14.875+08:00  INFO 42060 --- [           main] t.c.s.AnnotationConfigContextLoaderUtils : Could not detect default configuration classes for test class [com.cas.Phase7OfferingTest]: Phase7OfferingTest does not declare any static, non-private, non-final, nested classes annotated with @Configuration.
2026-06-14T00:47:14.876+08:00  INFO 42060 --- [           main] .b.t.c.SpringBootTestContextBootstrapper : Found @SpringBootConfiguration com.cas.CasApplication for test class com.cas.Phase7OfferingTest
Creating a new SqlSession
SqlSession [org.apache.ibatis.session.defaults.DefaultSqlSession@2cf5eb1e] was not registered for synchronization because synchronization is not active
JDBC Connection [HikariProxyConnection@621069664 wrapping com.mysql.cj.jdbc.ConnectionImpl@1e9d721] will not be managed by Spring
==>  Preparing: SELECT id,username,password,real_name,role,student_id,department,major,grade,email,phone,avatar_url,status,created_at,updated_at FROM sys_user WHERE (username = ?)
==> Parameters: student01(String)
<==    Columns: id, username, password, real_name, role, student_id, department, major, grade, email, phone, avatar_url, status, created_at, updated_at
<==        Row: 15, student01, $2a$10$6rH/eK/.LUCQaMRdhQsszOFKnrVUbNWD.fmjgNIpeqdR6JUNTjyzi, 测试学生, STUDENT, 2024001, 计算机学院, 计算机科学与技术, 2024, null, null, null, 1, 2026-06-12 00:03:36, 2026-06-12 00:03:36
<==      Total: 1
Closing non transactional SqlSession [org.apache.ibatis.session.defaults.DefaultSqlSession@2cf5eb1e]
Creating a new SqlSession
SqlSession [org.apache.ibatis.session.defaults.DefaultSqlSession@5fe844b7] was not registered for synchronization because synchronization is not active
JDBC Connection [HikariProxyConnection@1862829585 wrapping com.mysql.cj.jdbc.ConnectionImpl@1e9d721] will not be managed by Spring
==>  Preparing: SELECT id,username,password,real_name,role,student_id,department,major,grade,email,phone,avatar_url,status,created_at,updated_at FROM sys_user WHERE (username = ?)
==> Parameters: admin(String)
<==    Columns: id, username, password, real_name, role, student_id, department, major, grade, email, phone, avatar_url, status, created_at, updated_at
<==        Row: 1, admin, $2a$10$rFM116gu1rpNKmDODWIOsOoNbN1ihao.5eLRT/e90pHMi0HrlCG2e, 系统管理员, ADMIN, null, null, null, null, null, null, null, 1, 2026-06-11 23:42:45, 2026-06-11 23:42:45
<==      Total: 1
Closing non transactional SqlSession [org.apache.ibatis.session.defaults.DefaultSqlSession@5fe844b7]
Creating a new SqlSession
Registering transaction synchronization for SqlSession [org.apache.ibatis.session.defaults.DefaultSqlSession@ae09638]
JDBC Connection [HikariProxyConnection@1888673942 wrapping com.mysql.cj.jdbc.ConnectionImpl@1e9d721] will be managed by Spring
==>  Preparing: INSERT INTO semester ( name, academic_year, semester_type, start_date, end_date, status, created_at, updated_at ) VALUES ( ?, ?, ?, ?, ?, ?, ?, ? )
==> Parameters: 测试学期-开课(String), 2025-2026(String), FIRST(String), 2025-09-01(LocalDate), 2026-01-15(LocalDate), INACTIVE(String), 2026-06-14T00:47:15.016797200(LocalDateTime), 2026-06-14T00:47:15.016797200(LocalDateTime)
<==    Updates: 1
Releasing transactional SqlSession [org.apache.ibatis.session.defaults.DefaultSqlSession@ae09638]
Transaction synchronization committing SqlSession [org.apache.ibatis.session.defaults.DefaultSqlSession@ae09638]
Transaction synchronization deregistering SqlSession [org.apache.ibatis.session.defaults.DefaultSqlSession@ae09638]
Transaction synchronization closing SqlSession [org.apache.ibatis.session.defaults.DefaultSqlSession@ae09638]
Creating a new SqlSession
SqlSession [org.apache.ibatis.session.defaults.DefaultSqlSession@2e2c5b8b] was not registered for synchronization because synchronization is not active
JDBC Connection [HikariProxyConnection@625638017 wrapping com.mysql.cj.jdbc.ConnectionImpl@1e9d721] will not be managed by Spring
==>  Preparing: SELECT id,username,password,real_name,role,student_id,department,major,grade,email,phone,avatar_url,status,created_at,updated_at FROM sys_user WHERE (username = ?)
==> Parameters: admin(String)
<==    Columns: id, username, password, real_name, role, student_id, department, major, grade, email, phone, avatar_url, status, created_at, updated_at
<==        Row: 1, admin, $2a$10$rFM116gu1rpNKmDODWIOsOoNbN1ihao.5eLRT/e90pHMi0HrlCG2e, 系统管理员, ADMIN, null, null, null, null, null, null, null, 1, 2026-06-11 23:42:45, 2026-06-11 23:42:45
<==      Total: 1
Closing non transactional SqlSession [org.apache.ibatis.session.defaults.DefaultSqlSession@2e2c5b8b]
Creating a new SqlSession
SqlSession [org.apache.ibatis.session.defaults.DefaultSqlSession@6712f126] was not registered for synchronization because synchronization is not active
JDBC Connection [HikariProxyConnection@1608737339 wrapping com.mysql.cj.jdbc.ConnectionImpl@1e9d721] will not be managed by Spring
==>  Preparing: SELECT COUNT(*) AS total FROM semester
==> Parameters: 
<==    Columns: total
<==        Row: 444
<==      Total: 1
==>  Preparing: SELECT id,name,academic_year,semester_type,start_date,end_date,status,created_at,updated_at FROM semester ORDER BY created_at DESC LIMIT ?
==> Parameters: 100(Long)
<==    Columns: id, name, academic_year, semester_type, start_date, end_date, status, created_at, updated_at
<==        Row: 443, 测试学期-活动, 2025-2026, FIRST, 2025-09-01, 2026-01-15, INACTIVE, 2026-06-14 00:47:15, 2026-06-14 00:47:15
<==        Row: 444, 测试学期-开课, 2025-2026, FIRST, 2025-09-01, 2026-01-15, INACTIVE, 2026-06-14 00:47:15, 2026-06-14 00:47:15
<==        Row: 439, 测试学期-活动, 2025-2026, FIRST, 2025-09-01, 2026-01-15, INACTIVE, 2026-06-14 00:47:14, 2026-06-14 00:47:14
<==        Row: 442, 测试学期-活动, 2025-2026, FIRST, 2025-09-01, 2026-01-15, INACTIVE, 2026-06-14 00:47:14, 2026-06-14 00:47:14
<==        Row: 441, 测试学期-活动, 2025-2026, FIRST, 2025-09-01, 2026-01-15, INACTIVE, 2026-06-14 00:47:14, 2026-06-14 00:47:14
<==        Row: 440, 测试学期-活动, 2025-2026, FIRST, 2025-09-01, 2026-01-15, INACTIVE, 2026-06-14 00:47:14, 2026-06-14 00:47:14
<==        Row: 437, 2025-2026 第一学期, 2025-2026, FIRST, 2025-09-01, 2026-01-15, INACTIVE, 2026-06-14 00:47:13, 2026-06-14 00:47:13
<==        Row: 438, 更新后学期名, 2024-2025, FIRST, 2024-09-01, 2025-01-15, INACTIVE, 2026-06-14 00:47:13, 2026-06-14 00:47:13
<==        Row: 434, 2025-2026 第二学期, 2025-2026, SECOND, 2026-02-15, 2026-07-15, INACTIVE, 2026-06-14 00:47:12, 2026-06-14 00:47:12
<==        Row: 435, 学期A, 2025-2026, FIRST, 2025-09-01, 2026-01-15, ACTIVE, 2026-06-14 00:47:12, 2026-06-14 00:47:12
<==        Row: 436, 学期B, 2025-2026, SECOND, 2026-02-15, 2026-07-15, INACTIVE, 2026-06-14 00:47:12, 2026-06-14 00:47:12
<==        Row: 433, 审核测试学期2, 2025-2026, SECOND, 2026-02-15, 2026-07-15, INACTIVE, 2026-06-14 00:18:08, 2026-06-14 00:47:12
<==        Row: 432, 审核测试学期, 2025-2026, FIRST, 2025-09-01, 2026-01-15, INACTIVE, 2026-06-14 00:18:07, 2026-06-14 00:18:09
<==        Row: 431, 审核测试学期, 2025-2026, FIRST, 2025-09-01, 2026-01-15, INACTIVE, 2026-06-14 00:18:06, 2026-06-14 00:18:07
<==        Row: 429, 审核测试学期, 2025-2026, FIRST, 2025-09-01, 2026-01-15, INACTIVE, 2026-06-14 00:18:04, 2026-06-14 00:18:05
<==        Row: 430, 审核测试学期, 2025-2026, FIRST, 2025-09-01, 2026-01-15, INACTIVE, 2026-06-14 00:18:04, 2026-06-14 00:18:06
<==        Row: 428, 选课测试学期, 2025-2026, FIRST, 2025-09-01, 2026-01-15, INACTIVE, 2026-06-14 00:18:03, 2026-06-14 00:18:04
<==        Row: 427, 选课测试学期, 2025-2026, FIRST, 2025-09-01, 2026-01-15, INACTIVE, 2026-06-14 00:18:02, 2026-06-14 00:18:03
<==        Row: 426, 选课测试学期, 2025-2026, FIRST, 2025-09-01, 2026-01-15, INACTIVE, 2026-06-14 00:18:01, 2026-06-14 00:18:02
<==        Row: 424, 测试学期-开课, 2025-2026, FIRST, 2025-09-01, 2026-01-15, INACTIVE, 2026-06-14 00:18:00, 2026-06-14 00:18:00
<==        Row: 425, 选课测试学期, 2025-2026, FIRST, 2025-09-01, 2026-01-15, INACTIVE, 2026-06-14 00:18:00, 2026-06-14 00:18:01
<==        Row: 422, 测试学期-开课, 2025-2026, FIRST, 2025-09-01, 2026-01-15, INACTIVE, 2026-06-14 00:17:59, 2026-06-14 00:17:59
<==        Row: 423, 测试学期-开课, 2025-2026, FIRST, 2025-09-01, 2026-01-15, INACTIVE, 2026-06-14 00:17:59, 2026-06-14 00:18:00
<==        Row: 421, 测试学期-活动, 2025-2026, FIRST, 2025-09-01, 2026-01-15, INACTIVE, 2026-06-14 00:17:58, 2026-06-14 00:17:58
<==        Row: 419, 测试学期-活动, 2025-2026, FIRST, 2025-09-01, 2026-01-15, INACTIVE, 2026-06-14 00:17:58, 2026-06-14 00:17:58
<==        Row: 420, 测试学期-活动, 2025-2026, FIRST, 2025-09-01, 2026-01-15, INACTIVE, 2026-06-14 00:17:58, 2026-06-14 00:17:58
<==        Row: 417, 测试学期-活动, 2025-2026, FIRST, 2025-09-01, 2026-01-15, INACTIVE, 2026-06-14 00:17:57, 2026-06-14 00:17:57
<==        Row: 418, 测试学期-活动, 2025-2026, FIRST, 2025-09-01, 2026-01-15, INACTIVE, 2026-06-14 00:17:57, 2026-06-14 00:17:57
<==        Row: 413, 学期A, 2025-2026, FIRST, 2025-09-01, 2026-01-15, INACTIVE, 2026-06-14 00:17:56, 2026-06-14 00:17:59
<==        Row: 414, 学期B, 2025-2026, SECOND, 2026-02-15, 2026-07-15, INACTIVE, 2026-06-14 00:17:56, 2026-06-14 00:17:56
<==        Row: 412, 2025-2026 第二学期, 2025-2026, SECOND, 2026-02-15, 2026-07-15, INACTIVE, 2026-06-14 00:17:56, 2026-06-14 00:17:56
<==        Row: 416, 更新后学期名, 2024-2025, FIRST, 2024-09-01, 2025-01-15, INACTIVE, 2026-06-14 00:17:56, 2026-06-14 00:17:56
<==        Row: 415, 2025-2026 第一学期, 2025-2026, FIRST, 2025-09-01, 2026-01-15, INACTIVE, 2026-06-14 00:17:56, 2026-06-14 00:17:56
<==        Row: 411, 2025-2026????, 2025-2026, FIRST, 2025-09-01, 2026-01-15, INACTIVE, 2026-06-13 22:53:19, 2026-06-14 00:17:56
<==        Row: 410, 审核测试学期2, 2025-2026, SECOND, 2026-02-15, 2026-07-15, INACTIVE, 2026-06-13 22:34:45, 2026-06-13 22:53:19
<==        Row: 409, 审核测试学期, 2025-2026, FIRST, 2025-09-01, 2026-01-15, INACTIVE, 2026-06-13 22:34:43, 2026-06-13 22:34:45
<==        Row: 408, 审核测试学期, 2025-2026, FIRST, 2025-09-01, 2026-01-15, INACTIVE, 2026-06-13 22:34:43, 2026-06-13 22:34:44
<==        Row: 407, 审核测试学期, 2025-2026, FIRST, 2025-09-01, 2026-01-15, INACTIVE, 2026-06-13 22:34:41, 2026-06-13 22:34:43
<==        Row: 405, 选课测试学期, 2025-2026, FIRST, 2025-09-01, 2026-01-15, INACTIVE, 2026-06-13 22:34:40, 2026-06-13 22:34:40
<==        Row: 406, 审核测试学期, 2025-2026, FIRST, 2025-09-01, 2026-01-15, INACTIVE, 2026-06-13 22:34:40, 2026-06-13 22:34:41
<==        Row: 404, 选课测试学期, 2025-2026, FIRST, 2025-09-01, 2026-01-15, INACTIVE, 2026-06-13 22:34:39, 2026-06-13 22:34:40
<==        Row: 402, 选课测试学期, 2025-2026, FIRST, 2025-09-01, 2026-01-15, INACTIVE, 2026-06-13 22:34:37, 2026-06-13 22:34:37
<==        Row: 403, 选课测试学期, 2025-2026, FIRST, 2025-09-01, 2026-01-15, INACTIVE, 2026-06-13 22:34:37, 2026-06-13 22:34:39
<==        Row: 401, 测试学期-开课, 2025-2026, FIRST, 2025-09-01, 2026-01-15, INACTIVE, 2026-06-13 22:34:36, 2026-06-13 22:34:36
<==        Row: 400, 测试学期-开课, 2025-2026, FIRST, 2025-09-01, 2026-01-15, INACTIVE, 2026-06-13 22:34:36, 2026-06-13 22:34:37
<==        Row: 397, 测试学期-活动, 2025-2026, FIRST, 2025-09-01, 2026-01-15, INACTIVE, 2026-06-13 22:34:35, 2026-06-13 22:34:35
<==        Row: 399, 测试学期-开课, 2025-2026, FIRST, 2025-09-01, 2026-01-15, INACTIVE, 2026-06-13 22:34:35, 2026-06-13 22:34:36
<==        Row: 398, 测试学期-活动, 2025-2026, FIRST, 2025-09-01, 2026-01-15, INACTIVE, 2026-06-13 22:34:35, 2026-06-13 22:34:35
<==        Row: 395, 测试学期-活动, 2025-2026, FIRST, 2025-09-01, 2026-01-15, INACTIVE, 2026-06-13 22:34:34, 2026-06-13 22:34:34
<==        Row: 396, 测试学期-活动, 2025-2026, FIRST, 2025-09-01, 2026-01-15, INACTIVE, 2026-06-13 22:34:34, 2026-06-13 22:34:34
<==        Row: 394, 测试学期-活动, 2025-2026, FIRST, 2025-09-01, 2026-01-15, INACTIVE, 2026-06-13 22:34:34, 2026-06-13 22:34:34
<==        Row: 390, 学期A, 2025-2026, FIRST, 2025-09-01, 2026-01-15, INACTIVE, 2026-06-13 22:34:33, 2026-06-13 22:34:36
<==        Row: 391, 学期B, 2025-2026, SECOND, 2026-02-15, 2026-07-15, INACTIVE, 2026-06-13 22:34:33, 2026-06-13 22:34:33
<==        Row: 392, 2025-2026 第一学期, 2025-2026, FIRST, 2025-09-01, 2026-01-15, INACTIVE, 2026-06-13 22:34:33, 2026-06-13 22:34:33
<==        Row: 393, 更新后学期名, 2024-2025, FIRST, 2024-09-01, 2025-01-15, INACTIVE, 2026-06-13 22:34:33, 2026-06-13 22:34:33
<==        Row: 389, 2025-2026 第二学期, 2025-2026, SECOND, 2026-02-15, 2026-07-15, INACTIVE, 2026-06-13 22:34:32, 2026-06-13 22:34:32
<==        Row: 388, 审核测试学期2, 2025-2026, SECOND, 2026-02-15, 2026-07-15, INACTIVE, 2026-06-13 19:49:27, 2026-06-13 22:34:33
<==        Row: 387, 审核测试学期, 2025-2026, FIRST, 2025-09-01, 2026-01-15, INACTIVE, 2026-06-13 19:49:26, 2026-06-13 19:49:27
<==        Row: 386, 审核测试学期, 2025-2026, FIRST, 2025-09-01, 2026-01-15, INACTIVE, 2026-06-13 19:49:25, 2026-06-13 19:49:26
<==        Row: 385, 审核测试学期, 2025-2026, FIRST, 2025-09-01, 2026-01-15, INACTIVE, 2026-06-13 19:49:23, 2026-06-13 19:49:25
<==        Row: 383, 选课测试学期, 2025-2026, FIRST, 2025-09-01, 2026-01-15, INACTIVE, 2026-06-13 19:49:22, 2026-06-13 19:49:22
<==        Row: 384, 审核测试学期, 2025-2026, FIRST, 2025-09-01, 2026-01-15, INACTIVE, 2026-06-13 19:49:22, 2026-06-13 19:49:23
<==        Row: 382, 选课测试学期, 2025-2026, FIRST, 2025-09-01, 2026-01-15, INACTIVE, 2026-06-13 19:49:21, 2026-06-13 19:49:22
<==        Row: 380, 选课测试学期, 2025-2026, FIRST, 2025-09-01, 2026-01-15, INACTIVE, 2026-06-13 19:49:19, 2026-06-13 19:49:20
<==        Row: 381, 选课测试学期, 2025-2026, FIRST, 2025-09-01, 2026-01-15, INACTIVE, 2026-06-13 19:49:19, 2026-06-13 19:49:21
<==        Row: 378, 测试学期-开课, 2025-2026, FIRST, 2025-09-01, 2026-01-15, INACTIVE, 2026-06-13 19:49:18, 2026-06-13 19:49:19
<==        Row: 377, 测试学期-开课, 2025-2026, FIRST, 2025-09-01, 2026-01-15, INACTIVE, 2026-06-13 19:49:18, 2026-06-13 19:49:18
<==        Row: 379, 测试学期-开课, 2025-2026, FIRST, 2025-09-01, 2026-01-15, INACTIVE, 2026-06-13 19:49:18, 2026-06-13 19:49:18
<==        Row: 376, 测试学期-活动, 2025-2026, FIRST, 2025-09-01, 2026-01-15, INACTIVE, 2026-06-13 19:49:17, 2026-06-13 19:49:17
<==        Row: 375, 测试学期-活动, 2025-2026, FIRST, 2025-09-01, 2026-01-15, INACTIVE, 2026-06-13 19:49:17, 2026-06-13 19:49:17
<==        Row: 374, 测试学期-活动, 2025-2026, FIRST, 2025-09-01, 2026-01-15, INACTIVE, 2026-06-13 19:49:17, 2026-06-13 19:49:17
<==        Row: 372, 测试学期-活动, 2025-2026, FIRST, 2025-09-01, 2026-01-15, INACTIVE, 2026-06-13 19:49:16, 2026-06-13 19:49:16
<==        Row: 373, 测试学期-活动, 2025-2026, FIRST, 2025-09-01, 2026-01-15, INACTIVE, 2026-06-13 19:49:16, 2026-06-13 19:49:16
<==        Row: 368, 学期A, 2025-2026, FIRST, 2025-09-01, 2026-01-15, INACTIVE, 2026-06-13 19:49:15, 2026-06-13 19:49:18
<==        Row: 367, 2025-2026 第二学期, 2025-2026, SECOND, 2026-02-15, 2026-07-15, INACTIVE, 2026-06-13 19:49:15, 2026-06-13 19:49:15
<==        Row: 370, 2025-2026 第一学期, 2025-2026, FIRST, 2025-09-01, 2026-01-15, INACTIVE, 2026-06-13 19:49:15, 2026-06-13 19:49:15
<==        Row: 369, 学期B, 2025-2026, SECOND, 2026-02-15, 2026-07-15, INACTIVE, 2026-06-13 19:49:15, 2026-06-13 19:49:15
<==        Row: 371, 更新后学期名, 2024-2025, FIRST, 2024-09-01, 2025-01-15, INACTIVE, 2026-06-13 19:49:15, 2026-06-13 19:49:15
<==        Row: 366, 选课测试学期, 2025-2026, FIRST, 2025-09-01, 2026-01-15, INACTIVE, 2026-06-13 19:48:22, 2026-06-13 19:49:15
<==        Row: 365, 选课测试学期, 2025-2026, FIRST, 2025-09-01, 2026-01-15, INACTIVE, 2026-06-13 19:48:21, 2026-06-13 19:48:22
<==        Row: 364, 选课测试学期, 2025-2026, FIRST, 2025-09-01, 2026-01-15, INACTIVE, 2026-06-13 19:48:19, 2026-06-13 19:48:21
<==        Row: 363, 选课测试学期, 2025-2026, FIRST, 2025-09-01, 2026-01-15, INACTIVE, 2026-06-13 19:48:18, 2026-06-13 19:48:19
<==        Row: 362, 选课测试学期, 2025-2026, FIRST, 2025-09-01, 2026-01-15, INACTIVE, 2026-06-13 19:47:10, 2026-06-13 19:48:19
<==        Row: 361, 选课测试学期, 2025-2026, FIRST, 2025-09-01, 2026-01-15, INACTIVE, 2026-06-13 19:45:58, 2026-06-13 19:47:10
<==        Row: 360, 选课测试学期, 2025-2026, FIRST, 2025-09-01, 2026-01-15, INACTIVE, 2026-06-13 19:44:58, 2026-06-13 19:45:58
<==        Row: 359, 选课测试学期, 2025-2026, FIRST, 2025-09-01, 2026-01-15, INACTIVE, 2026-06-13 19:43:55, 2026-06-13 19:44:58
<==        Row: 358, 选课测试学期, 2025-2026, FIRST, 2025-09-01, 2026-01-15, INACTIVE, 2026-06-13 19:43:12, 2026-06-13 19:43:55
<==        Row: 357, 选课测试学期, 2025-2026, FIRST, 2025-09-01, 2026-01-15, INACTIVE, 2026-06-13 19:42:43, 2026-06-13 19:43:12
<==        Row: 356, 选课测试学期, 2025-2026, FIRST, 2025-09-01, 2026-01-15, INACTIVE, 2026-06-13 19:42:06, 2026-06-13 19:42:43
<==        Row: 355, 审核测试学期2, 2025-2026, SECOND, 2026-02-15, 2026-07-15, INACTIVE, 2026-06-13 19:41:22, 2026-06-13 19:42:06
<==        Row: 354, 审核测试学期, 2025-2026, FIRST, 2025-09-01, 2026-01-15, INACTIVE, 2026-06-13 19:41:21, 2026-06-13 19:41:22
<==        Row: 353, 审核测试学期, 2025-2026, FIRST, 2025-09-01, 2026-01-15, INACTIVE, 2026-06-13 19:41:20, 2026-06-13 19:41:21
<==        Row: 352, 审核测试学期, 2025-2026, FIRST, 2025-09-01, 2026-01-15, INACTIVE, 2026-06-13 19:41:18, 2026-06-13 19:41:20
<==        Row: 351, 审核测试学期, 2025-2026, FIRST, 2025-09-01, 2026-01-15, INACTIVE, 2026-06-13 19:41:18, 2026-06-13 19:41:19
<==        Row: 350, 选课测试学期, 2025-2026, FIRST, 2025-09-01, 2026-01-15, INACTIVE, 2026-06-13 19:41:17, 2026-06-13 19:41:18
<==        Row: 349, 选课测试学期, 2025-2026, FIRST, 2025-09-01, 2026-01-15, INACTIVE, 2026-06-13 19:41:16, 2026-06-13 19:41:17
<==        Row: 348, 选课测试学期, 2025-2026, FIRST, 2025-09-01, 2026-01-15, INACTIVE, 2026-06-13 19:41:15, 2026-06-13 19:41:17
<==        Row: 347, 选课测试学期, 2025-2026, FIRST, 2025-09-01, 2026-01-15, INACTIVE, 2026-06-13 19:41:14, 2026-06-13 19:41:15
<==        Row: 345, 测试学期-开课, 2025-2026, FIRST, 2025-09-01, 2026-01-15, INACTIVE, 2026-06-13 19:41:14, 2026-06-13 19:41:14
<==        Row: 346, 测试学期-开课, 2025-2026, FIRST, 2025-09-01, 2026-01-15, INACTIVE, 2026-06-13 19:41:14, 2026-06-13 19:41:14
<==      Total: 100
Closing non transactional SqlSession [org.apache.ibatis.session.defaults.DefaultSqlSession@6712f126]
Creating a new SqlSession
SqlSession [org.apache.ibatis.session.defaults.DefaultSqlSession@52601f30] was not registered for synchronization because synchronization is not active
JDBC Connection [HikariProxyConnection@542248998 wrapping com.mysql.cj.jdbc.ConnectionImpl@1e9d721] will not be managed by Spring
==>  Preparing: SELECT id,username,password,real_name,role,student_id,department,major,grade,email,phone,avatar_url,status,created_at,updated_at FROM sys_user WHERE (username = ?)
==> Parameters: admin(String)
<==    Columns: id, username, password, real_name, role, student_id, department, major, grade, email, phone, avatar_url, status, created_at, updated_at
<==        Row: 1, admin, $2a$10$rFM116gu1rpNKmDODWIOsOoNbN1ihao.5eLRT/e90pHMi0HrlCG2e, 系统管理员, ADMIN, null, null, null, null, null, null, null, 1, 2026-06-11 23:42:45, 2026-06-11 23:42:45
<==      Total: 1
Closing non transactional SqlSession [org.apache.ibatis.session.defaults.DefaultSqlSession@52601f30]
Creating a new SqlSession
Registering transaction synchronization for SqlSession [org.apache.ibatis.session.defaults.DefaultSqlSession@635b275b]
JDBC Connection [HikariProxyConnection@7774394 wrapping com.mysql.cj.jdbc.ConnectionImpl@1e9d721] will be managed by Spring
==>  Preparing: SELECT id,name,academic_year,semester_type,start_date,end_date,status,created_at,updated_at FROM semester WHERE id=?
==> Parameters: 444(Long)
<==    Columns: id, name, academic_year, semester_type, start_date, end_date, status, created_at, updated_at
<==        Row: 444, 测试学期-开课, 2025-2026, FIRST, 2025-09-01, 2026-01-15, INACTIVE, 2026-06-14 00:47:15, 2026-06-14 00:47:15
<==      Total: 1
Releasing transactional SqlSession [org.apache.ibatis.session.defaults.DefaultSqlSession@635b275b]
Fetched SqlSession [org.apache.ibatis.session.defaults.DefaultSqlSession@635b275b] from current transaction
==>  Preparing: UPDATE semester SET status=?, updated_at=? WHERE (status = ?)
==> Parameters: INACTIVE(String), 2026-06-14T00:47:15.176500300(LocalDateTime), ACTIVE(String)
<==    Updates: 1
Releasing transactional SqlSession [org.apache.ibatis.session.defaults.DefaultSqlSession@635b275b]
Fetched SqlSession [org.apache.ibatis.session.defaults.DefaultSqlSession@635b275b] from current transaction
==>  Preparing: UPDATE semester SET name=?, academic_year=?, semester_type=?, start_date=?, end_date=?, status=?, created_at=?, updated_at=? WHERE id=?
==> Parameters: 测试学期-开课(String), 2025-2026(String), FIRST(String), 2025-09-01(LocalDate), 2026-01-15(LocalDate), ACTIVE(String), 2026-06-14T00:47:15(LocalDateTime), 2026-06-14T00:47:15.177530400(LocalDateTime), 444(Long)
<==    Updates: 1
Releasing transactional SqlSession [org.apache.ibatis.session.defaults.DefaultSqlSession@635b275b]
Transaction synchronization committing SqlSession [org.apache.ibatis.session.defaults.DefaultSqlSession@635b275b]
Transaction synchronization deregistering SqlSession [org.apache.ibatis.session.defaults.DefaultSqlSession@635b275b]
Transaction synchronization closing SqlSession [org.apache.ibatis.session.defaults.DefaultSqlSession@635b275b]
Creating a new SqlSession
SqlSession [org.apache.ibatis.session.defaults.DefaultSqlSession@24c5c9ac] was not registered for synchronization because synchronization is not active
JDBC Connection [HikariProxyConnection@90987041 wrapping com.mysql.cj.jdbc.ConnectionImpl@1e9d721] will not be managed by Spring
==>  Preparing: SELECT id,username,password,real_name,role,student_id,department,major,grade,email,phone,avatar_url,status,created_at,updated_at FROM sys_user WHERE (username = ?)
==> Parameters: admin(String)
<==    Columns: id, username, password, real_name, role, student_id, department, major, grade, email, phone, avatar_url, status, created_at, updated_at
<==        Row: 1, admin, $2a$10$rFM116gu1rpNKmDODWIOsOoNbN1ihao.5eLRT/e90pHMi0HrlCG2e, 系统管理员, ADMIN, null, null, null, null, null, null, null, 1, 2026-06-11 23:42:45, 2026-06-11 23:42:45
<==      Total: 1
Closing non transactional SqlSession [org.apache.ibatis.session.defaults.DefaultSqlSession@24c5c9ac]
Creating a new SqlSession
Registering transaction synchronization for SqlSession [org.apache.ibatis.session.defaults.DefaultSqlSession@1cb590b6]
JDBC Connection [HikariProxyConnection@715750849 wrapping com.mysql.cj.jdbc.ConnectionImpl@1e9d721] will be managed by Spring
==>  Preparing: SELECT COUNT( * ) AS total FROM course WHERE (code = ?)
==> Parameters: OFFER1781369235184(String)
<==    Columns: total
<==        Row: 0
<==      Total: 1
Releasing transactional SqlSession [org.apache.ibatis.session.defaults.DefaultSqlSession@1cb590b6]
Fetched SqlSession [org.apache.ibatis.session.defaults.DefaultSqlSession@1cb590b6] from current transaction
==>  Preparing: INSERT INTO course ( code, name, type, credits, hours, created_at, updated_at ) VALUES ( ?, ?, ?, ?, ?, ?, ? )
==> Parameters: OFFER1781369235184(String), 开课测试课程(String), REQUIRED(String), 3.0(BigDecimal), 48(Integer), 2026-06-14T00:47:15.260453100(LocalDateTime), 2026-06-14T00:47:15.260453100(LocalDateTime)
<==    Updates: 1
Releasing transactional SqlSession [org.apache.ibatis.session.defaults.DefaultSqlSession@1cb590b6]
Transaction synchronization committing SqlSession [org.apache.ibatis.session.defaults.DefaultSqlSession@1cb590b6]
Transaction synchronization deregistering SqlSession [org.apache.ibatis.session.defaults.DefaultSqlSession@1cb590b6]
Transaction synchronization closing SqlSession [org.apache.ibatis.session.defaults.DefaultSqlSession@1cb590b6]
Creating a new SqlSession
SqlSession [org.apache.ibatis.session.defaults.DefaultSqlSession@f62ae87] was not registered for synchronization because synchronization is not active
JDBC Connection [HikariProxyConnection@1354653039 wrapping com.mysql.cj.jdbc.ConnectionImpl@1e9d721] will not be managed by Spring
==>  Preparing: SELECT id,username,password,real_name,role,student_id,department,major,grade,email,phone,avatar_url,status,created_at,updated_at FROM sys_user WHERE (username = ?)
==> Parameters: teacher01(String)
<==    Columns: id, username, password, real_name, role, student_id, department, major, grade, email, phone, avatar_url, status, created_at, updated_at
<==        Row: 14, teacher01, $2a$10$1nVhQNjjbY5CScj3/iPp4Oh5PinsexTcEw.oklNzK7CafCgvAUii., 测试教师, TEACHER, null, 计算机学院, null, null, null, null, null, 1, 2026-06-12 00:03:36, 2026-06-12 00:03:36
<==      Total: 1
Closing non transactional SqlSession [org.apache.ibatis.session.defaults.DefaultSqlSession@f62ae87]
Creating a new SqlSession
SqlSession [org.apache.ibatis.session.defaults.DefaultSqlSession@22a10b71] was not registered for synchronization because synchronization is not active
JDBC Connection [HikariProxyConnection@14057327 wrapping com.mysql.cj.jdbc.ConnectionImpl@1e9d721] will not be managed by Spring
==>  Preparing: SELECT id,username,password,real_name,role,student_id,department,major,grade,email,phone,avatar_url,status,created_at,updated_at FROM sys_user WHERE (username = ?)
==> Parameters: student01(String)
<==    Columns: id, username, password, real_name, role, student_id, department, major, grade, email, phone, avatar_url, status, created_at, updated_at
<==        Row: 15, student01, $2a$10$6rH/eK/.LUCQaMRdhQsszOFKnrVUbNWD.fmjgNIpeqdR6JUNTjyzi, 测试学生, STUDENT, 2024001, 计算机学院, 计算机科学与技术, 2024, null, null, null, 1, 2026-06-12 00:03:36, 2026-06-12 00:03:36
<==      Total: 1
Closing non transactional SqlSession [org.apache.ibatis.session.defaults.DefaultSqlSession@22a10b71]
Creating a new SqlSession
SqlSession [org.apache.ibatis.session.defaults.DefaultSqlSession@31881213] was not registered for synchronization because synchronization is not active
JDBC Connection [HikariProxyConnection@35008074 wrapping com.mysql.cj.jdbc.ConnectionImpl@1e9d721] will not be managed by Spring
==>  Preparing: SELECT id,username,password,real_name,role,student_id,department,major,grade,email,phone,avatar_url,status,created_at,updated_at FROM sys_user WHERE (username = ?)
==> Parameters: teacher01(String)
<==    Columns: id, username, password, real_name, role, student_id, department, major, grade, email, phone, avatar_url, status, created_at, updated_at
<==        Row: 14, teacher01, $2a$10$1nVhQNjjbY5CScj3/iPp4Oh5PinsexTcEw.oklNzK7CafCgvAUii., 测试教师, TEACHER, null, 计算机学院, null, null, null, null, null, 1, 2026-06-12 00:03:36, 2026-06-12 00:03:36
<==      Total: 1
Closing non transactional SqlSession [org.apache.ibatis.session.defaults.DefaultSqlSession@31881213]
Creating a new SqlSession
SqlSession [org.apache.ibatis.session.defaults.DefaultSqlSession@5405ec23] was not registered for synchronization because synchronization is not active
JDBC Connection [HikariProxyConnection@1701468374 wrapping com.mysql.cj.jdbc.ConnectionImpl@1e9d721] will not be managed by Spring
==>  Preparing: SELECT id,username,password,real_name,role,student_id,department,major,grade,email,phone,avatar_url,status,created_at,updated_at FROM sys_user WHERE (username = ?)
==> Parameters: admin(String)
<==    Columns: id, username, password, real_name, role, student_id, department, major, grade, email, phone, avatar_url, status, created_at, updated_at
<==        Row: 1, admin, $2a$10$rFM116gu1rpNKmDODWIOsOoNbN1ihao.5eLRT/e90pHMi0HrlCG2e, 系统管理员, ADMIN, null, null, null, null, null, null, null, 1, 2026-06-11 23:42:45, 2026-06-11 23:42:45
<==      Total: 1
Closing non transactional SqlSession [org.apache.ibatis.session.defaults.DefaultSqlSession@5405ec23]
Creating a new SqlSession
Registering transaction synchronization for SqlSession [org.apache.ibatis.session.defaults.DefaultSqlSession@207b358d]
JDBC Connection [HikariProxyConnection@544827736 wrapping com.mysql.cj.jdbc.ConnectionImpl@1e9d721] will be managed by Spring
==>  Preparing: SELECT id,code,name,type,credits,hours,description,created_at,updated_at FROM course WHERE id=?
==> Parameters: 308(Long)
<==    Columns: id, code, name, type, credits, hours, description, created_at, updated_at
<==        Row: 308, OFFER1781369235184, 开课测试课程, REQUIRED, 3.0, 48, <<BLOB>>, 2026-06-14 00:47:15, 2026-06-14 00:47:15
<==      Total: 1
Releasing transactional SqlSession [org.apache.ibatis.session.defaults.DefaultSqlSession@207b358d]
Fetched SqlSession [org.apache.ibatis.session.defaults.DefaultSqlSession@207b358d] from current transaction
==>  Preparing: SELECT id,name,academic_year,semester_type,start_date,end_date,status,created_at,updated_at FROM semester WHERE id=?
==> Parameters: 444(Long)
<==    Columns: id, name, academic_year, semester_type, start_date, end_date, status, created_at, updated_at
<==        Row: 444, 测试学期-开课, 2025-2026, FIRST, 2025-09-01, 2026-01-15, ACTIVE, 2026-06-14 00:47:15, 2026-06-14 00:47:15
<==      Total: 1
Releasing transactional SqlSession [org.apache.ibatis.session.defaults.DefaultSqlSession@207b358d]
Fetched SqlSession [org.apache.ibatis.session.defaults.DefaultSqlSession@207b358d] from current transaction
==>  Preparing: INSERT INTO course_offering ( semester_id, course_id, teacher_id, max_capacity, min_enrollment, enrolled_count, status, created_at, updated_at ) VALUES ( ?, ?, ?, ?, ?, ?, ?, ?, ? )
==> Parameters: 444(Long), 308(Long), 14(Long), 60(Integer), 10(Integer), 0(Integer), PENDING(String), 2026-06-14T00:47:15.346033200(LocalDateTime), 2026-06-14T00:47:15.346033200(LocalDateTime)
<==    Updates: 1
Releasing transactional SqlSession [org.apache.ibatis.session.defaults.DefaultSqlSession@207b358d]
Fetched SqlSession [org.apache.ibatis.session.defaults.DefaultSqlSession@207b358d] from current transaction
==>  Preparing: SELECT id,code,name,type,credits,hours,description,created_at,updated_at FROM course WHERE id=?
==> Parameters: 308(Long)
<==    Columns: id, code, name, type, credits, hours, description, created_at, updated_at
<==        Row: 308, OFFER1781369235184, 开课测试课程, REQUIRED, 3.0, 48, <<BLOB>>, 2026-06-14 00:47:15, 2026-06-14 00:47:15
<==      Total: 1
Releasing transactional SqlSession [org.apache.ibatis.session.defaults.DefaultSqlSession@207b358d]
Fetched SqlSession [org.apache.ibatis.session.defaults.DefaultSqlSession@207b358d] from current transaction
==>  Preparing: SELECT id,username,password,real_name,role,student_id,department,major,grade,email,phone,avatar_url,status,created_at,updated_at FROM sys_user WHERE id=?
==> Parameters: 14(Long)
<==    Columns: id, username, password, real_name, role, student_id, department, major, grade, email, phone, avatar_url, status, created_at, updated_at
<==        Row: 14, teacher01, $2a$10$1nVhQNjjbY5CScj3/iPp4Oh5PinsexTcEw.oklNzK7CafCgvAUii., 测试教师, TEACHER, null, 计算机学院, null, null, null, null, null, 1, 2026-06-12 00:03:36, 2026-06-12 00:03:36
<==      Total: 1
Releasing transactional SqlSession [org.apache.ibatis.session.defaults.DefaultSqlSession@207b358d]
Fetched SqlSession [org.apache.ibatis.session.defaults.DefaultSqlSession@207b358d] from current transaction
==>  Preparing: SELECT id,name,academic_year,semester_type,start_date,end_date,status,created_at,updated_at FROM semester WHERE id=?
==> Parameters: 444(Long)
<==    Columns: id, name, academic_year, semester_type, start_date, end_date, status, created_at, updated_at
<==        Row: 444, 测试学期-开课, 2025-2026, FIRST, 2025-09-01, 2026-01-15, ACTIVE, 2026-06-14 00:47:15, 2026-06-14 00:47:15
<==      Total: 1
Releasing transactional SqlSession [org.apache.ibatis.session.defaults.DefaultSqlSession@207b358d]
Transaction synchronization committing SqlSession [org.apache.ibatis.session.defaults.DefaultSqlSession@207b358d]
Transaction synchronization deregistering SqlSession [org.apache.ibatis.session.defaults.DefaultSqlSession@207b358d]
Transaction synchronization closing SqlSession [org.apache.ibatis.session.defaults.DefaultSqlSession@207b358d]
Creating a new SqlSession
SqlSession [org.apache.ibatis.session.defaults.DefaultSqlSession@6c1f738e] was not registered for synchronization because synchronization is not active
JDBC Connection [HikariProxyConnection@71199910 wrapping com.mysql.cj.jdbc.ConnectionImpl@1e9d721] will not be managed by Spring
==>  Preparing: SELECT id,name,academic_year,semester_type,start_date,end_date,status,created_at,updated_at FROM semester WHERE (status = ?)
==> Parameters: ACTIVE(String)
<==    Columns: id, name, academic_year, semester_type, start_date, end_date, status, created_at, updated_at
<==        Row: 444, 测试学期-开课, 2025-2026, FIRST, 2025-09-01, 2026-01-15, ACTIVE, 2026-06-14 00:47:15, 2026-06-14 00:47:15
<==      Total: 1
Closing non transactional SqlSession [org.apache.ibatis.session.defaults.DefaultSqlSession@6c1f738e]
Creating a new SqlSession
SqlSession [org.apache.ibatis.session.defaults.DefaultSqlSession@55169aba] was not registered for synchronization because synchronization is not active
JDBC Connection [HikariProxyConnection@1722613684 wrapping com.mysql.cj.jdbc.ConnectionImpl@1e9d721] will not be managed by Spring
==>  Preparing: SELECT COUNT(*) AS total FROM course_offering WHERE (semester_id = ? AND status IN (?, ?, ?))
==> Parameters: 444(Long), PENDING(String), APPROVED(String), REJECTED(String)
<==    Columns: total
<==        Row: 1
<==      Total: 1
==>  Preparing: SELECT id,semester_id,course_id,teacher_id,max_capacity,min_enrollment,enrolled_count,open_grade,open_major,location,schedule,status,created_at,updated_at FROM course_offering WHERE (semester_id = ? AND status IN (?,?,?)) ORDER BY created_at DESC LIMIT ?
==> Parameters: 444(Long), PENDING(String), APPROVED(String), REJECTED(String), 20(Long)
<==    Columns: id, semester_id, course_id, teacher_id, max_capacity, min_enrollment, enrolled_count, open_grade, open_major, location, schedule, status, created_at, updated_at
<==        Row: 232, 444, 308, 14, 60, 10, 0, null, null, null, null, PENDING, 2026-06-14 00:47:15, 2026-06-14 00:47:15
<==      Total: 1
Closing non transactional SqlSession [org.apache.ibatis.session.defaults.DefaultSqlSession@55169aba]
Creating a new SqlSession
SqlSession [org.apache.ibatis.session.defaults.DefaultSqlSession@6b0b270d] was not registered for synchronization because synchronization is not active
JDBC Connection [HikariProxyConnection@1495715666 wrapping com.mysql.cj.jdbc.ConnectionImpl@1e9d721] will not be managed by Spring
==>  Preparing: SELECT id,code,name,type,credits,hours,description,created_at,updated_at FROM course WHERE id=?
==> Parameters: 308(Long)
<==    Columns: id, code, name, type, credits, hours, description, created_at, updated_at
<==        Row: 308, OFFER1781369235184, 开课测试课程, REQUIRED, 3.0, 48, <<BLOB>>, 2026-06-14 00:47:15, 2026-06-14 00:47:15
<==      Total: 1
Closing non transactional SqlSession [org.apache.ibatis.session.defaults.DefaultSqlSession@6b0b270d]
Creating a new SqlSession
SqlSession [org.apache.ibatis.session.defaults.DefaultSqlSession@2d26dbd3] was not registered for synchronization because synchronization is not active
JDBC Connection [HikariProxyConnection@531079733 wrapping com.mysql.cj.jdbc.ConnectionImpl@1e9d721] will not be managed by Spring
==>  Preparing: SELECT id,username,password,real_name,role,student_id,department,major,grade,email,phone,avatar_url,status,created_at,updated_at FROM sys_user WHERE id=?
==> Parameters: 14(Long)
<==    Columns: id, username, password, real_name, role, student_id, department, major, grade, email, phone, avatar_url, status, created_at, updated_at
<==        Row: 14, teacher01, $2a$10$1nVhQNjjbY5CScj3/iPp4Oh5PinsexTcEw.oklNzK7CafCgvAUii., 测试教师, TEACHER, null, 计算机学院, null, null, null, null, null, 1, 2026-06-12 00:03:36, 2026-06-12 00:03:36
<==      Total: 1
Closing non transactional SqlSession [org.apache.ibatis.session.defaults.DefaultSqlSession@2d26dbd3]
Creating a new SqlSession
SqlSession [org.apache.ibatis.session.defaults.DefaultSqlSession@356d02b3] was not registered for synchronization because synchronization is not active
JDBC Connection [HikariProxyConnection@781107086 wrapping com.mysql.cj.jdbc.ConnectionImpl@1e9d721] will not be managed by Spring
==>  Preparing: SELECT id,name,academic_year,semester_type,start_date,end_date,status,created_at,updated_at FROM semester WHERE id=?
==> Parameters: 444(Long)
<==    Columns: id, name, academic_year, semester_type, start_date, end_date, status, created_at, updated_at
<==        Row: 444, 测试学期-开课, 2025-2026, FIRST, 2025-09-01, 2026-01-15, ACTIVE, 2026-06-14 00:47:15, 2026-06-14 00:47:15
<==      Total: 1
Closing non transactional SqlSession [org.apache.ibatis.session.defaults.DefaultSqlSession@356d02b3]
]]></system-out>
  </testcase>
  <testcase name="should_get_student_course_detail" classname="com.cas.Phase7OfferingTest" time="0.379">
    <system-out><![CDATA[Creating a new SqlSession
SqlSession [org.apache.ibatis.session.defaults.DefaultSqlSession@6b68d73c] was not registered for synchronization because synchronization is not active
JDBC Connection [HikariProxyConnection@202968215 wrapping com.mysql.cj.jdbc.ConnectionImpl@1e9d721] will not be managed by Spring
==>  Preparing: SELECT id,username,password,real_name,role,student_id,department,major,grade,email,phone,avatar_url,status,created_at,updated_at FROM sys_user WHERE (username = ?)
==> Parameters: student01(String)
<==    Columns: id, username, password, real_name, role, student_id, department, major, grade, email, phone, avatar_url, status, created_at, updated_at
<==        Row: 15, student01, $2a$10$6rH/eK/.LUCQaMRdhQsszOFKnrVUbNWD.fmjgNIpeqdR6JUNTjyzi, 测试学生, STUDENT, 2024001, 计算机学院, 计算机科学与技术, 2024, null, null, null, 1, 2026-06-12 00:03:36, 2026-06-12 00:03:36
<==      Total: 1
Closing non transactional SqlSession [org.apache.ibatis.session.defaults.DefaultSqlSession@6b68d73c]
Creating a new SqlSession
SqlSession [org.apache.ibatis.session.defaults.DefaultSqlSession@21ea3d7f] was not registered for synchronization because synchronization is not active
JDBC Connection [HikariProxyConnection@1834408650 wrapping com.mysql.cj.jdbc.ConnectionImpl@1e9d721] will not be managed by Spring
==>  Preparing: SELECT id,username,password,real_name,role,student_id,department,major,grade,email,phone,avatar_url,status,created_at,updated_at FROM sys_user WHERE (username = ?)
==> Parameters: admin(String)
<==    Columns: id, username, password, real_name, role, student_id, department, major, grade, email, phone, avatar_url, status, created_at, updated_at
<==        Row: 1, admin, $2a$10$rFM116gu1rpNKmDODWIOsOoNbN1ihao.5eLRT/e90pHMi0HrlCG2e, 系统管理员, ADMIN, null, null, null, null, null, null, null, 1, 2026-06-11 23:42:45, 2026-06-11 23:42:45
<==      Total: 1
Closing non transactional SqlSession [org.apache.ibatis.session.defaults.DefaultSqlSession@21ea3d7f]
Creating a new SqlSession
Registering transaction synchronization for SqlSession [org.apache.ibatis.session.defaults.DefaultSqlSession@528efa23]
JDBC Connection [HikariProxyConnection@1531908494 wrapping com.mysql.cj.jdbc.ConnectionImpl@1e9d721] will be managed by Spring
==>  Preparing: INSERT INTO semester ( name, academic_year, semester_type, start_date, end_date, status, created_at, updated_at ) VALUES ( ?, ?, ?, ?, ?, ?, ?, ? )
==> Parameters: 测试学期-开课(String), 2025-2026(String), FIRST(String), 2025-09-01(LocalDate), 2026-01-15(LocalDate), INACTIVE(String), 2026-06-14T00:47:15.526695700(LocalDateTime), 2026-06-14T00:47:15.526695700(LocalDateTime)
<==    Updates: 1
Releasing transactional SqlSession [org.apache.ibatis.session.defaults.DefaultSqlSession@528efa23]
Transaction synchronization committing SqlSession [org.apache.ibatis.session.defaults.DefaultSqlSession@528efa23]
Transaction synchronization deregistering SqlSession [org.apache.ibatis.session.defaults.DefaultSqlSession@528efa23]
Transaction synchronization closing SqlSession [org.apache.ibatis.session.defaults.DefaultSqlSession@528efa23]
Creating a new SqlSession
SqlSession [org.apache.ibatis.session.defaults.DefaultSqlSession@56d28ec6] was not registered for synchronization because synchronization is not active
JDBC Connection [HikariProxyConnection@68780723 wrapping com.mysql.cj.jdbc.ConnectionImpl@1e9d721] will not be managed by Spring
==>  Preparing: SELECT id,username,password,real_name,role,student_id,department,major,grade,email,phone,avatar_url,status,created_at,updated_at FROM sys_user WHERE (username = ?)
==> Parameters: admin(String)
<==    Columns: id, username, password, real_name, role, student_id, department, major, grade, email, phone, avatar_url, status, created_at, updated_at
<==        Row: 1, admin, $2a$10$rFM116gu1rpNKmDODWIOsOoNbN1ihao.5eLRT/e90pHMi0HrlCG2e, 系统管理员, ADMIN, null, null, null, null, null, null, null, 1, 2026-06-11 23:42:45, 2026-06-11 23:42:45
<==      Total: 1
Closing non transactional SqlSession [org.apache.ibatis.session.defaults.DefaultSqlSession@56d28ec6]
Creating a new SqlSession
Registering transaction synchronization for SqlSession [org.apache.ibatis.session.defaults.DefaultSqlSession@41782a11]
JDBC Connection [HikariProxyConnection@1463013910 wrapping com.mysql.cj.jdbc.ConnectionImpl@1e9d721] will be managed by Spring
==>  Preparing: SELECT id,name,academic_year,semester_type,start_date,end_date,status,created_at,updated_at FROM semester WHERE id=?
==> Parameters: 445(Long)
<==    Columns: id, name, academic_year, semester_type, start_date, end_date, status, created_at, updated_at
<==        Row: 445, 测试学期-开课, 2025-2026, FIRST, 2025-09-01, 2026-01-15, INACTIVE, 2026-06-14 00:47:16, 2026-06-14 00:47:16
<==      Total: 1
Releasing transactional SqlSession [org.apache.ibatis.session.defaults.DefaultSqlSession@41782a11]
Fetched SqlSession [org.apache.ibatis.session.defaults.DefaultSqlSession@41782a11] from current transaction
==>  Preparing: UPDATE semester SET status=?, updated_at=? WHERE (status = ?)
==> Parameters: INACTIVE(String), 2026-06-14T00:47:15.597885700(LocalDateTime), ACTIVE(String)
<==    Updates: 1
Releasing transactional SqlSession [org.apache.ibatis.session.defaults.DefaultSqlSession@41782a11]
Fetched SqlSession [org.apache.ibatis.session.defaults.DefaultSqlSession@41782a11] from current transaction
==>  Preparing: UPDATE semester SET name=?, academic_year=?, semester_type=?, start_date=?, end_date=?, status=?, created_at=?, updated_at=? WHERE id=?
==> Parameters: 测试学期-开课(String), 2025-2026(String), FIRST(String), 2025-09-01(LocalDate), 2026-01-15(LocalDate), ACTIVE(String), 2026-06-14T00:47:16(LocalDateTime), 2026-06-14T00:47:15.598822100(LocalDateTime), 445(Long)
<==    Updates: 1
Releasing transactional SqlSession [org.apache.ibatis.session.defaults.DefaultSqlSession@41782a11]
Transaction synchronization committing SqlSession [org.apache.ibatis.session.defaults.DefaultSqlSession@41782a11]
Transaction synchronization deregistering SqlSession [org.apache.ibatis.session.defaults.DefaultSqlSession@41782a11]
Transaction synchronization closing SqlSession [org.apache.ibatis.session.defaults.DefaultSqlSession@41782a11]
Creating a new SqlSession
SqlSession [org.apache.ibatis.session.defaults.DefaultSqlSession@453fa708] was not registered for synchronization because synchronization is not active
JDBC Connection [HikariProxyConnection@1337822890 wrapping com.mysql.cj.jdbc.ConnectionImpl@1e9d721] will not be managed by Spring
==>  Preparing: SELECT id,username,password,real_name,role,student_id,department,major,grade,email,phone,avatar_url,status,created_at,updated_at FROM sys_user WHERE (username = ?)
==> Parameters: admin(String)
<==    Columns: id, username, password, real_name, role, student_id, department, major, grade, email, phone, avatar_url, status, created_at, updated_at
<==        Row: 1, admin, $2a$10$rFM116gu1rpNKmDODWIOsOoNbN1ihao.5eLRT/e90pHMi0HrlCG2e, 系统管理员, ADMIN, null, null, null, null, null, null, null, 1, 2026-06-11 23:42:45, 2026-06-11 23:42:45
<==      Total: 1
Closing non transactional SqlSession [org.apache.ibatis.session.defaults.DefaultSqlSession@453fa708]
Creating a new SqlSession
Registering transaction synchronization for SqlSession [org.apache.ibatis.session.defaults.DefaultSqlSession@76ebf49e]
JDBC Connection [HikariProxyConnection@1180414234 wrapping com.mysql.cj.jdbc.ConnectionImpl@1e9d721] will be managed by Spring
==>  Preparing: SELECT COUNT( * ) AS total FROM course WHERE (code = ?)
==> Parameters: OFFER1781369235605(String)
<==    Columns: total
<==        Row: 0
<==      Total: 1
Releasing transactional SqlSession [org.apache.ibatis.session.defaults.DefaultSqlSession@76ebf49e]
Fetched SqlSession [org.apache.ibatis.session.defaults.DefaultSqlSession@76ebf49e] from current transaction
==>  Preparing: INSERT INTO course ( code, name, type, credits, hours, created_at, updated_at ) VALUES ( ?, ?, ?, ?, ?, ?, ? )
==> Parameters: OFFER1781369235605(String), 开课测试课程(String), REQUIRED(String), 3.0(BigDecimal), 48(Integer), 2026-06-14T00:47:15.674895900(LocalDateTime), 2026-06-14T00:47:15.674895900(LocalDateTime)
<==    Updates: 1
Releasing transactional SqlSession [org.apache.ibatis.session.defaults.DefaultSqlSession@76ebf49e]
Transaction synchronization committing SqlSession [org.apache.ibatis.session.defaults.DefaultSqlSession@76ebf49e]
Transaction synchronization deregistering SqlSession [org.apache.ibatis.session.defaults.DefaultSqlSession@76ebf49e]
Transaction synchronization closing SqlSession [org.apache.ibatis.session.defaults.DefaultSqlSession@76ebf49e]
Creating a new SqlSession
SqlSession [org.apache.ibatis.session.defaults.DefaultSqlSession@707b0b9b] was not registered for synchronization because synchronization is not active
JDBC Connection [HikariProxyConnection@1135353760 wrapping com.mysql.cj.jdbc.ConnectionImpl@1e9d721] will not be managed by Spring
==>  Preparing: SELECT id,username,password,real_name,role,student_id,department,major,grade,email,phone,avatar_url,status,created_at,updated_at FROM sys_user WHERE (username = ?)
==> Parameters: teacher01(String)
<==    Columns: id, username, password, real_name, role, student_id, department, major, grade, email, phone, avatar_url, status, created_at, updated_at
<==        Row: 14, teacher01, $2a$10$1nVhQNjjbY5CScj3/iPp4Oh5PinsexTcEw.oklNzK7CafCgvAUii., 测试教师, TEACHER, null, 计算机学院, null, null, null, null, null, 1, 2026-06-12 00:03:36, 2026-06-12 00:03:36
<==      Total: 1
Closing non transactional SqlSession [org.apache.ibatis.session.defaults.DefaultSqlSession@707b0b9b]
Creating a new SqlSession
SqlSession [org.apache.ibatis.session.defaults.DefaultSqlSession@3e6945c6] was not registered for synchronization because synchronization is not active
JDBC Connection [HikariProxyConnection@1962559633 wrapping com.mysql.cj.jdbc.ConnectionImpl@1e9d721] will not be managed by Spring
==>  Preparing: SELECT id,username,password,real_name,role,student_id,department,major,grade,email,phone,avatar_url,status,created_at,updated_at FROM sys_user WHERE (username = ?)
==> Parameters: student01(String)
<==    Columns: id, username, password, real_name, role, student_id, department, major, grade, email, phone, avatar_url, status, created_at, updated_at
<==        Row: 15, student01, $2a$10$6rH/eK/.LUCQaMRdhQsszOFKnrVUbNWD.fmjgNIpeqdR6JUNTjyzi, 测试学生, STUDENT, 2024001, 计算机学院, 计算机科学与技术, 2024, null, null, null, 1, 2026-06-12 00:03:36, 2026-06-12 00:03:36
<==      Total: 1
Closing non transactional SqlSession [org.apache.ibatis.session.defaults.DefaultSqlSession@3e6945c6]
Creating a new SqlSession
SqlSession [org.apache.ibatis.session.defaults.DefaultSqlSession@576d4810] was not registered for synchronization because synchronization is not active
JDBC Connection [HikariProxyConnection@388991153 wrapping com.mysql.cj.jdbc.ConnectionImpl@1e9d721] will not be managed by Spring
==>  Preparing: SELECT id,username,password,real_name,role,student_id,department,major,grade,email,phone,avatar_url,status,created_at,updated_at FROM sys_user WHERE (username = ?)
==> Parameters: teacher01(String)
<==    Columns: id, username, password, real_name, role, student_id, department, major, grade, email, phone, avatar_url, status, created_at, updated_at
<==        Row: 14, teacher01, $2a$10$1nVhQNjjbY5CScj3/iPp4Oh5PinsexTcEw.oklNzK7CafCgvAUii., 测试教师, TEACHER, null, 计算机学院, null, null, null, null, null, 1, 2026-06-12 00:03:36, 2026-06-12 00:03:36
<==      Total: 1
Closing non transactional SqlSession [org.apache.ibatis.session.defaults.DefaultSqlSession@576d4810]
Creating a new SqlSession
SqlSession [org.apache.ibatis.session.defaults.DefaultSqlSession@63929ff8] was not registered for synchronization because synchronization is not active
JDBC Connection [HikariProxyConnection@403506013 wrapping com.mysql.cj.jdbc.ConnectionImpl@1e9d721] will not be managed by Spring
==>  Preparing: SELECT id,username,password,real_name,role,student_id,department,major,grade,email,phone,avatar_url,status,created_at,updated_at FROM sys_user WHERE (username = ?)
==> Parameters: admin(String)
<==    Columns: id, username, password, real_name, role, student_id, department, major, grade, email, phone, avatar_url, status, created_at, updated_at
<==        Row: 1, admin, $2a$10$rFM116gu1rpNKmDODWIOsOoNbN1ihao.5eLRT/e90pHMi0HrlCG2e, 系统管理员, ADMIN, null, null, null, null, null, null, null, 1, 2026-06-11 23:42:45, 2026-06-11 23:42:45
<==      Total: 1
Closing non transactional SqlSession [org.apache.ibatis.session.defaults.DefaultSqlSession@63929ff8]
Creating a new SqlSession
Registering transaction synchronization for SqlSession [org.apache.ibatis.session.defaults.DefaultSqlSession@148de814]
JDBC Connection [HikariProxyConnection@1367574361 wrapping com.mysql.cj.jdbc.ConnectionImpl@1e9d721] will be managed by Spring
==>  Preparing: SELECT id,code,name,type,credits,hours,description,created_at,updated_at FROM course WHERE id=?
==> Parameters: 309(Long)
<==    Columns: id, code, name, type, credits, hours, description, created_at, updated_at
<==        Row: 309, OFFER1781369235605, 开课测试课程, REQUIRED, 3.0, 48, <<BLOB>>, 2026-06-14 00:47:16, 2026-06-14 00:47:16
<==      Total: 1
Releasing transactional SqlSession [org.apache.ibatis.session.defaults.DefaultSqlSession@148de814]
Fetched SqlSession [org.apache.ibatis.session.defaults.DefaultSqlSession@148de814] from current transaction
==>  Preparing: SELECT id,name,academic_year,semester_type,start_date,end_date,status,created_at,updated_at FROM semester WHERE id=?
==> Parameters: 445(Long)
<==    Columns: id, name, academic_year, semester_type, start_date, end_date, status, created_at, updated_at
<==        Row: 445, 测试学期-开课, 2025-2026, FIRST, 2025-09-01, 2026-01-15, ACTIVE, 2026-06-14 00:47:16, 2026-06-14 00:47:16
<==      Total: 1
Releasing transactional SqlSession [org.apache.ibatis.session.defaults.DefaultSqlSession@148de814]
Fetched SqlSession [org.apache.ibatis.session.defaults.DefaultSqlSession@148de814] from current transaction
==>  Preparing: INSERT INTO course_offering ( semester_id, course_id, teacher_id, max_capacity, min_enrollment, enrolled_count, status, created_at, updated_at ) VALUES ( ?, ?, ?, ?, ?, ?, ?, ?, ? )
==> Parameters: 445(Long), 309(Long), 14(Long), 60(Integer), 10(Integer), 0(Integer), PENDING(String), 2026-06-14T00:47:15.748760600(LocalDateTime), 2026-06-14T00:47:15.748760600(LocalDateTime)
<==    Updates: 1
Releasing transactional SqlSession [org.apache.ibatis.session.defaults.DefaultSqlSession@148de814]
Fetched SqlSession [org.apache.ibatis.session.defaults.DefaultSqlSession@148de814] from current transaction
==>  Preparing: SELECT id,code,name,type,credits,hours,description,created_at,updated_at FROM course WHERE id=?
==> Parameters: 309(Long)
<==    Columns: id, code, name, type, credits, hours, description, created_at, updated_at
<==        Row: 309, OFFER1781369235605, 开课测试课程, REQUIRED, 3.0, 48, <<BLOB>>, 2026-06-14 00:47:16, 2026-06-14 00:47:16
<==      Total: 1
Releasing transactional SqlSession [org.apache.ibatis.session.defaults.DefaultSqlSession@148de814]
Fetched SqlSession [org.apache.ibatis.session.defaults.DefaultSqlSession@148de814] from current transaction
==>  Preparing: SELECT id,username,password,real_name,role,student_id,department,major,grade,email,phone,avatar_url,status,created_at,updated_at FROM sys_user WHERE id=?
==> Parameters: 14(Long)
<==    Columns: id, username, password, real_name, role, student_id, department, major, grade, email, phone, avatar_url, status, created_at, updated_at
<==        Row: 14, teacher01, $2a$10$1nVhQNjjbY5CScj3/iPp4Oh5PinsexTcEw.oklNzK7CafCgvAUii., 测试教师, TEACHER, null, 计算机学院, null, null, null, null, null, 1, 2026-06-12 00:03:36, 2026-06-12 00:03:36
<==      Total: 1
Releasing transactional SqlSession [org.apache.ibatis.session.defaults.DefaultSqlSession@148de814]
Fetched SqlSession [org.apache.ibatis.session.defaults.DefaultSqlSession@148de814] from current transaction
==>  Preparing: SELECT id,name,academic_year,semester_type,start_date,end_date,status,created_at,updated_at FROM semester WHERE id=?
==> Parameters: 445(Long)
<==    Columns: id, name, academic_year, semester_type, start_date, end_date, status, created_at, updated_at
<==        Row: 445, 测试学期-开课, 2025-2026, FIRST, 2025-09-01, 2026-01-15, ACTIVE, 2026-06-14 00:47:16, 2026-06-14 00:47:16
<==      Total: 1
Releasing transactional SqlSession [org.apache.ibatis.session.defaults.DefaultSqlSession@148de814]
Transaction synchronization committing SqlSession [org.apache.ibatis.session.defaults.DefaultSqlSession@148de814]
Transaction synchronization deregistering SqlSession [org.apache.ibatis.session.defaults.DefaultSqlSession@148de814]
Transaction synchronization closing SqlSession [org.apache.ibatis.session.defaults.DefaultSqlSession@148de814]
Creating a new SqlSession
SqlSession [org.apache.ibatis.session.defaults.DefaultSqlSession@68bf3556] was not registered for synchronization because synchronization is not active
JDBC Connection [HikariProxyConnection@1060834820 wrapping com.mysql.cj.jdbc.ConnectionImpl@1e9d721] will not be managed by Spring
==>  Preparing: SELECT id,semester_id,course_id,teacher_id,max_capacity,min_enrollment,enrolled_count,open_grade,open_major,location,schedule,status,created_at,updated_at FROM course_offering WHERE id=?
==> Parameters: 233(Long)
<==    Columns: id, semester_id, course_id, teacher_id, max_capacity, min_enrollment, enrolled_count, open_grade, open_major, location, schedule, status, created_at, updated_at
<==        Row: 233, 445, 309, 14, 60, 10, 0, null, null, null, null, PENDING, 2026-06-14 00:47:16, 2026-06-14 00:47:16
<==      Total: 1
Closing non transactional SqlSession [org.apache.ibatis.session.defaults.DefaultSqlSession@68bf3556]
Creating a new SqlSession
SqlSession [org.apache.ibatis.session.defaults.DefaultSqlSession@370d7eec] was not registered for synchronization because synchronization is not active
JDBC Connection [HikariProxyConnection@638187742 wrapping com.mysql.cj.jdbc.ConnectionImpl@1e9d721] will not be managed by Spring
==>  Preparing: SELECT id,code,name,type,credits,hours,description,created_at,updated_at FROM course WHERE id=?
==> Parameters: 309(Long)
<==    Columns: id, code, name, type, credits, hours, description, created_at, updated_at
<==        Row: 309, OFFER1781369235605, 开课测试课程, REQUIRED, 3.0, 48, <<BLOB>>, 2026-06-14 00:47:16, 2026-06-14 00:47:16
<==      Total: 1
Closing non transactional SqlSession [org.apache.ibatis.session.defaults.DefaultSqlSession@370d7eec]
Creating a new SqlSession
SqlSession [org.apache.ibatis.session.defaults.DefaultSqlSession@6f885cd1] was not registered for synchronization because synchronization is not active
JDBC Connection [HikariProxyConnection@867087826 wrapping com.mysql.cj.jdbc.ConnectionImpl@1e9d721] will not be managed by Spring
==>  Preparing: SELECT id,username,password,real_name,role,student_id,department,major,grade,email,phone,avatar_url,status,created_at,updated_at FROM sys_user WHERE id=?
==> Parameters: 14(Long)
<==    Columns: id, username, password, real_name, role, student_id, department, major, grade, email, phone, avatar_url, status, created_at, updated_at
<==        Row: 14, teacher01, $2a$10$1nVhQNjjbY5CScj3/iPp4Oh5PinsexTcEw.oklNzK7CafCgvAUii., 测试教师, TEACHER, null, 计算机学院, null, null, null, null, null, 1, 2026-06-12 00:03:36, 2026-06-12 00:03:36
<==      Total: 1
Closing non transactional SqlSession [org.apache.ibatis.session.defaults.DefaultSqlSession@6f885cd1]
Creating a new SqlSession
SqlSession [org.apache.ibatis.session.defaults.DefaultSqlSession@37092234] was not registered for synchronization because synchronization is not active
JDBC Connection [HikariProxyConnection@441093840 wrapping com.mysql.cj.jdbc.ConnectionImpl@1e9d721] will not be managed by Spring
==>  Preparing: SELECT id,name,academic_year,semester_type,start_date,end_date,status,created_at,updated_at FROM semester WHERE id=?
==> Parameters: 445(Long)
<==    Columns: id, name, academic_year, semester_type, start_date, end_date, status, created_at, updated_at
<==        Row: 445, 测试学期-开课, 2025-2026, FIRST, 2025-09-01, 2026-01-15, ACTIVE, 2026-06-14 00:47:16, 2026-06-14 00:47:16
<==      Total: 1
Closing non transactional SqlSession [org.apache.ibatis.session.defaults.DefaultSqlSession@37092234]
]]></system-out>
  </testcase>
  <testcase name="should_create_offering" classname="com.cas.Phase7OfferingTest" time="0.234">
    <system-out><![CDATA[Creating a new SqlSession
SqlSession [org.apache.ibatis.session.defaults.DefaultSqlSession@7adf6c95] was not registered for synchronization because synchronization is not active
JDBC Connection [HikariProxyConnection@1470334405 wrapping com.mysql.cj.jdbc.ConnectionImpl@1e9d721] will not be managed by Spring
==>  Preparing: SELECT id,username,password,real_name,role,student_id,department,major,grade,email,phone,avatar_url,status,created_at,updated_at FROM sys_user WHERE (username = ?)
==> Parameters: admin(String)
<==    Columns: id, username, password, real_name, role, student_id, department, major, grade, email, phone, avatar_url, status, created_at, updated_at
<==        Row: 1, admin, $2a$10$rFM116gu1rpNKmDODWIOsOoNbN1ihao.5eLRT/e90pHMi0HrlCG2e, 系统管理员, ADMIN, null, null, null, null, null, null, null, 1, 2026-06-11 23:42:45, 2026-06-11 23:42:45
<==      Total: 1
Closing non transactional SqlSession [org.apache.ibatis.session.defaults.DefaultSqlSession@7adf6c95]
Creating a new SqlSession
Registering transaction synchronization for SqlSession [org.apache.ibatis.session.defaults.DefaultSqlSession@131c382f]
JDBC Connection [HikariProxyConnection@943122635 wrapping com.mysql.cj.jdbc.ConnectionImpl@1e9d721] will be managed by Spring
==>  Preparing: INSERT INTO semester ( name, academic_year, semester_type, start_date, end_date, status, created_at, updated_at ) VALUES ( ?, ?, ?, ?, ?, ?, ?, ? )
==> Parameters: 测试学期-开课(String), 2025-2026(String), FIRST(String), 2025-09-01(LocalDate), 2026-01-15(LocalDate), INACTIVE(String), 2026-06-14T00:47:15.841034800(LocalDateTime), 2026-06-14T00:47:15.841034800(LocalDateTime)
<==    Updates: 1
Releasing transactional SqlSession [org.apache.ibatis.session.defaults.DefaultSqlSession@131c382f]
Transaction synchronization committing SqlSession [org.apache.ibatis.session.defaults.DefaultSqlSession@131c382f]
Transaction synchronization deregistering SqlSession [org.apache.ibatis.session.defaults.DefaultSqlSession@131c382f]
Transaction synchronization closing SqlSession [org.apache.ibatis.session.defaults.DefaultSqlSession@131c382f]
Creating a new SqlSession
SqlSession [org.apache.ibatis.session.defaults.DefaultSqlSession@4aabb0f1] was not registered for synchronization because synchronization is not active
JDBC Connection [HikariProxyConnection@1766525771 wrapping com.mysql.cj.jdbc.ConnectionImpl@1e9d721] will not be managed by Spring
==>  Preparing: SELECT id,username,password,real_name,role,student_id,department,major,grade,email,phone,avatar_url,status,created_at,updated_at FROM sys_user WHERE (username = ?)
==> Parameters: admin(String)
<==    Columns: id, username, password, real_name, role, student_id, department, major, grade, email, phone, avatar_url, status, created_at, updated_at
<==        Row: 1, admin, $2a$10$rFM116gu1rpNKmDODWIOsOoNbN1ihao.5eLRT/e90pHMi0HrlCG2e, 系统管理员, ADMIN, null, null, null, null, null, null, null, 1, 2026-06-11 23:42:45, 2026-06-11 23:42:45
<==      Total: 1
Closing non transactional SqlSession [org.apache.ibatis.session.defaults.DefaultSqlSession@4aabb0f1]
Creating a new SqlSession
Registering transaction synchronization for SqlSession [org.apache.ibatis.session.defaults.DefaultSqlSession@760696c8]
JDBC Connection [HikariProxyConnection@2091156053 wrapping com.mysql.cj.jdbc.ConnectionImpl@1e9d721] will be managed by Spring
==>  Preparing: SELECT COUNT( * ) AS total FROM course WHERE (code = ?)
==> Parameters: OFFER1781369235847(String)
<==    Columns: total
<==        Row: 0
<==      Total: 1
Releasing transactional SqlSession [org.apache.ibatis.session.defaults.DefaultSqlSession@760696c8]
Fetched SqlSession [org.apache.ibatis.session.defaults.DefaultSqlSession@760696c8] from current transaction
==>  Preparing: INSERT INTO course ( code, name, type, credits, hours, created_at, updated_at ) VALUES ( ?, ?, ?, ?, ?, ?, ? )
==> Parameters: OFFER1781369235847(String), 开课测试课程(String), REQUIRED(String), 3.0(BigDecimal), 48(Integer), 2026-06-14T00:47:15.918327600(LocalDateTime), 2026-06-14T00:47:15.918327600(LocalDateTime)
<==    Updates: 1
Releasing transactional SqlSession [org.apache.ibatis.session.defaults.DefaultSqlSession@760696c8]
Transaction synchronization committing SqlSession [org.apache.ibatis.session.defaults.DefaultSqlSession@760696c8]
Transaction synchronization deregistering SqlSession [org.apache.ibatis.session.defaults.DefaultSqlSession@760696c8]
Transaction synchronization closing SqlSession [org.apache.ibatis.session.defaults.DefaultSqlSession@760696c8]
Creating a new SqlSession
SqlSession [org.apache.ibatis.session.defaults.DefaultSqlSession@54ba7b3f] was not registered for synchronization because synchronization is not active
JDBC Connection [HikariProxyConnection@1060834073 wrapping com.mysql.cj.jdbc.ConnectionImpl@1e9d721] will not be managed by Spring
==>  Preparing: SELECT id,username,password,real_name,role,student_id,department,major,grade,email,phone,avatar_url,status,created_at,updated_at FROM sys_user WHERE (username = ?)
==> Parameters: teacher01(String)
<==    Columns: id, username, password, real_name, role, student_id, department, major, grade, email, phone, avatar_url, status, created_at, updated_at
<==        Row: 14, teacher01, $2a$10$1nVhQNjjbY5CScj3/iPp4Oh5PinsexTcEw.oklNzK7CafCgvAUii., 测试教师, TEACHER, null, 计算机学院, null, null, null, null, null, 1, 2026-06-12 00:03:36, 2026-06-12 00:03:36
<==      Total: 1
Closing non transactional SqlSession [org.apache.ibatis.session.defaults.DefaultSqlSession@54ba7b3f]
Creating a new SqlSession
SqlSession [org.apache.ibatis.session.defaults.DefaultSqlSession@6e847a7] was not registered for synchronization because synchronization is not active
JDBC Connection [HikariProxyConnection@25999302 wrapping com.mysql.cj.jdbc.ConnectionImpl@1e9d721] will not be managed by Spring
==>  Preparing: SELECT id,username,password,real_name,role,student_id,department,major,grade,email,phone,avatar_url,status,created_at,updated_at FROM sys_user WHERE (username = ?)
==> Parameters: student01(String)
<==    Columns: id, username, password, real_name, role, student_id, department, major, grade, email, phone, avatar_url, status, created_at, updated_at
<==        Row: 15, student01, $2a$10$6rH/eK/.LUCQaMRdhQsszOFKnrVUbNWD.fmjgNIpeqdR6JUNTjyzi, 测试学生, STUDENT, 2024001, 计算机学院, 计算机科学与技术, 2024, null, null, null, 1, 2026-06-12 00:03:36, 2026-06-12 00:03:36
<==      Total: 1
Closing non transactional SqlSession [org.apache.ibatis.session.defaults.DefaultSqlSession@6e847a7]
Creating a new SqlSession
SqlSession [org.apache.ibatis.session.defaults.DefaultSqlSession@38f12596] was not registered for synchronization because synchronization is not active
JDBC Connection [HikariProxyConnection@2095093840 wrapping com.mysql.cj.jdbc.ConnectionImpl@1e9d721] will not be managed by Spring
==>  Preparing: SELECT id,username,password,real_name,role,student_id,department,major,grade,email,phone,avatar_url,status,created_at,updated_at FROM sys_user WHERE (username = ?)
==> Parameters: teacher01(String)
<==    Columns: id, username, password, real_name, role, student_id, department, major, grade, email, phone, avatar_url, status, created_at, updated_at
<==        Row: 14, teacher01, $2a$10$1nVhQNjjbY5CScj3/iPp4Oh5PinsexTcEw.oklNzK7CafCgvAUii., 测试教师, TEACHER, null, 计算机学院, null, null, null, null, null, 1, 2026-06-12 00:03:36, 2026-06-12 00:03:36
<==      Total: 1
Closing non transactional SqlSession [org.apache.ibatis.session.defaults.DefaultSqlSession@38f12596]
Creating a new SqlSession
SqlSession [org.apache.ibatis.session.defaults.DefaultSqlSession@4d3d6d6e] was not registered for synchronization because synchronization is not active
JDBC Connection [HikariProxyConnection@150505857 wrapping com.mysql.cj.jdbc.ConnectionImpl@1e9d721] will not be managed by Spring
==>  Preparing: SELECT id,username,password,real_name,role,student_id,department,major,grade,email,phone,avatar_url,status,created_at,updated_at FROM sys_user WHERE (username = ?)
==> Parameters: admin(String)
<==    Columns: id, username, password, real_name, role, student_id, department, major, grade, email, phone, avatar_url, status, created_at, updated_at
<==        Row: 1, admin, $2a$10$rFM116gu1rpNKmDODWIOsOoNbN1ihao.5eLRT/e90pHMi0HrlCG2e, 系统管理员, ADMIN, null, null, null, null, null, null, null, 1, 2026-06-11 23:42:45, 2026-06-11 23:42:45
<==      Total: 1
Closing non transactional SqlSession [org.apache.ibatis.session.defaults.DefaultSqlSession@4d3d6d6e]
Creating a new SqlSession
Registering transaction synchronization for SqlSession [org.apache.ibatis.session.defaults.DefaultSqlSession@6e757f27]
JDBC Connection [HikariProxyConnection@1973526187 wrapping com.mysql.cj.jdbc.ConnectionImpl@1e9d721] will be managed by Spring
==>  Preparing: SELECT id,code,name,type,credits,hours,description,created_at,updated_at FROM course WHERE id=?
==> Parameters: 310(Long)
<==    Columns: id, code, name, type, credits, hours, description, created_at, updated_at
<==        Row: 310, OFFER1781369235847, 开课测试课程, REQUIRED, 3.0, 48, <<BLOB>>, 2026-06-14 00:47:16, 2026-06-14 00:47:16
<==      Total: 1
Releasing transactional SqlSession [org.apache.ibatis.session.defaults.DefaultSqlSession@6e757f27]
Fetched SqlSession [org.apache.ibatis.session.defaults.DefaultSqlSession@6e757f27] from current transaction
==>  Preparing: SELECT id,name,academic_year,semester_type,start_date,end_date,status,created_at,updated_at FROM semester WHERE id=?
==> Parameters: 446(Long)
<==    Columns: id, name, academic_year, semester_type, start_date, end_date, status, created_at, updated_at
<==        Row: 446, 测试学期-开课, 2025-2026, FIRST, 2025-09-01, 2026-01-15, INACTIVE, 2026-06-14 00:47:16, 2026-06-14 00:47:16
<==      Total: 1
Releasing transactional SqlSession [org.apache.ibatis.session.defaults.DefaultSqlSession@6e757f27]
Fetched SqlSession [org.apache.ibatis.session.defaults.DefaultSqlSession@6e757f27] from current transaction
==>  Preparing: INSERT INTO course_offering ( semester_id, course_id, teacher_id, max_capacity, min_enrollment, enrolled_count, open_grade, open_major, location, schedule, status, created_at, updated_at ) VALUES ( ?, ?, ?, ?, ?, ?, ?, ?, ?, ?, ?, ?, ? )
==> Parameters: 446(Long), 310(Long), 14(Long), 60(Integer), 10(Integer), 0(Integer), 2024(String), 计算机科学与技术(String), 教学楼301(String), 周一1-2节(String), PENDING(String), 2026-06-14T00:47:15.998909100(LocalDateTime), 2026-06-14T00:47:15.998909100(LocalDateTime)
<==    Updates: 1
Releasing transactional SqlSession [org.apache.ibatis.session.defaults.DefaultSqlSession@6e757f27]
Fetched SqlSession [org.apache.ibatis.session.defaults.DefaultSqlSession@6e757f27] from current transaction
==>  Preparing: SELECT id,code,name,type,credits,hours,description,created_at,updated_at FROM course WHERE id=?
==> Parameters: 310(Long)
<==    Columns: id, code, name, type, credits, hours, description, created_at, updated_at
<==        Row: 310, OFFER1781369235847, 开课测试课程, REQUIRED, 3.0, 48, <<BLOB>>, 2026-06-14 00:47:16, 2026-06-14 00:47:16
<==      Total: 1
Releasing transactional SqlSession [org.apache.ibatis.session.defaults.DefaultSqlSession@6e757f27]
Fetched SqlSession [org.apache.ibatis.session.defaults.DefaultSqlSession@6e757f27] from current transaction
==>  Preparing: SELECT id,username,password,real_name,role,student_id,department,major,grade,email,phone,avatar_url,status,created_at,updated_at FROM sys_user WHERE id=?
==> Parameters: 14(Long)
<==    Columns: id, username, password, real_name, role, student_id, department, major, grade, email, phone, avatar_url, status, created_at, updated_at
<==        Row: 14, teacher01, $2a$10$1nVhQNjjbY5CScj3/iPp4Oh5PinsexTcEw.oklNzK7CafCgvAUii., 测试教师, TEACHER, null, 计算机学院, null, null, null, null, null, 1, 2026-06-12 00:03:36, 2026-06-12 00:03:36
<==      Total: 1
Releasing transactional SqlSession [org.apache.ibatis.session.defaults.DefaultSqlSession@6e757f27]
Fetched SqlSession [org.apache.ibatis.session.defaults.DefaultSqlSession@6e757f27] from current transaction
==>  Preparing: SELECT id,name,academic_year,semester_type,start_date,end_date,status,created_at,updated_at FROM semester WHERE id=?
==> Parameters: 446(Long)
<==    Columns: id, name, academic_year, semester_type, start_date, end_date, status, created_at, updated_at
<==        Row: 446, 测试学期-开课, 2025-2026, FIRST, 2025-09-01, 2026-01-15, INACTIVE, 2026-06-14 00:47:16, 2026-06-14 00:47:16
<==      Total: 1
Releasing transactional SqlSession [org.apache.ibatis.session.defaults.DefaultSqlSession@6e757f27]
Transaction synchronization committing SqlSession [org.apache.ibatis.session.defaults.DefaultSqlSession@6e757f27]
Transaction synchronization deregistering SqlSession [org.apache.ibatis.session.defaults.DefaultSqlSession@6e757f27]
Transaction synchronization closing SqlSession [org.apache.ibatis.session.defaults.DefaultSqlSession@6e757f27]
]]></system-out>
  </testcase>
  <testcase name="should_return_404_when_offering_not_found" classname="com.cas.Phase7OfferingTest" time="0.08">
    <system-out><![CDATA[Creating a new SqlSession
SqlSession [org.apache.ibatis.session.defaults.DefaultSqlSession@2baed6f1] was not registered for synchronization because synchronization is not active
JDBC Connection [HikariProxyConnection@1103739097 wrapping com.mysql.cj.jdbc.ConnectionImpl@1e9d721] will not be managed by Spring
==>  Preparing: SELECT id,username,password,real_name,role,student_id,department,major,grade,email,phone,avatar_url,status,created_at,updated_at FROM sys_user WHERE (username = ?)
==> Parameters: student01(String)
<==    Columns: id, username, password, real_name, role, student_id, department, major, grade, email, phone, avatar_url, status, created_at, updated_at
<==        Row: 15, student01, $2a$10$6rH/eK/.LUCQaMRdhQsszOFKnrVUbNWD.fmjgNIpeqdR6JUNTjyzi, 测试学生, STUDENT, 2024001, 计算机学院, 计算机科学与技术, 2024, null, null, null, 1, 2026-06-12 00:03:36, 2026-06-12 00:03:36
<==      Total: 1
Closing non transactional SqlSession [org.apache.ibatis.session.defaults.DefaultSqlSession@2baed6f1]
Creating a new SqlSession
SqlSession [org.apache.ibatis.session.defaults.DefaultSqlSession@473d39ba] was not registered for synchronization because synchronization is not active
JDBC Connection [HikariProxyConnection@816251898 wrapping com.mysql.cj.jdbc.ConnectionImpl@1e9d721] will not be managed by Spring
==>  Preparing: SELECT id,semester_id,course_id,teacher_id,max_capacity,min_enrollment,enrolled_count,open_grade,open_major,location,schedule,status,created_at,updated_at FROM course_offering WHERE id=?
==> Parameters: 99999(Long)
<==      Total: 0
Closing non transactional SqlSession [org.apache.ibatis.session.defaults.DefaultSqlSession@473d39ba]
]]></system-out>
  </testcase>
</testsuite>