<?xml version="1.0" encoding="UTF-8"?>
<testsuite xmlns:xsi="http://www.w3.org/2001/XMLSchema-instance" xsi:noNamespaceSchemaLocation="https://maven.apache.org/surefire/maven-surefire-plugin/xsd/surefire-test-report-3.0.xsd" version="3.0" name="com.cas.Phase10RemainingTest" time="9.663" tests="6" errors="0" skipped="0" failures="0">
  <properties>
[...]
</properties>
  <testcase name="should_get_dashboard_stats" classname="com.cas.Phase10RemainingTest" time="1.772">
    <system-out><![CDATA[00:47:00.354 [main] INFO org.springframework.test.context.support.AnnotationConfigContextLoaderUtils -- Could not detect default configuration classes for test class [com.cas.Phase10RemainingTest]: Phase10RemainingTest does not declare any static, non-private, non-final, nested classes annotated with @Configuration.
00:47:00.469 [main] INFO org.springframework.boot.test.context.SpringBootTestContextBootstrapper -- Found @SpringBootConfiguration com.cas.CasApplication for test class com.cas.Phase10RemainingTest

  .   ____          _            __ _ _
 /\\ / ___'_ __ _ _(_)_ __  __ _ \ \ \ \
( ( )\___ | '_ | '_| | '_ \/ _` | \ \ \ \
 \\/  ___)| |_)| | | | | || (_| |  ) ) ) )
  '  |____| .__|_| |_|_| |_\__, | / / / /
 =========|_|==============|___/=/_/_/_/
 :: Spring Boot ::                (v3.2.5)

2026-06-14T00:47:00.873+08:00  INFO 42060 --- [           main] com.cas.Phase10RemainingTest             : Starting Phase10RemainingTest using Java 17.0.9 with PID 42060 (started by 方鸿达1 in D:\project_reopsitory\CAS\backend)
2026-06-14T00:47:00.875+08:00  INFO 42060 --- [           main] com.cas.Phase10RemainingTest             : No active profile set, falling back to 1 default profile: "default"
2026-06-14T00:47:02.400+08:00  INFO 42060 --- [           main] .s.d.r.c.RepositoryConfigurationDelegate : Multiple Spring Data modules found, entering strict repository configuration mode
2026-06-14T00:47:02.406+08:00  INFO 42060 --- [           main] .s.d.r.c.RepositoryConfigurationDelegate : Bootstrapping Spring Data Redis repositories in DEFAULT mode.
2026-06-14T00:47:02.452+08:00  INFO 42060 --- [           main] .s.d.r.c.RepositoryConfigurationDelegate : Finished Spring Data repository scanning in 19 ms. Found 0 Redis repository interfaces.
2026-06-14T00:47:03.555+08:00  INFO 42060 --- [           main] o.s.b.w.embedded.tomcat.TomcatWebServer  : Tomcat initialized with port 0 (http)
2026-06-14T00:47:03.569+08:00  INFO 42060 --- [           main] o.apache.catalina.core.StandardService   : Starting service [Tomcat]
2026-06-14T00:47:03.570+08:00  INFO 42060 --- [           main] o.apache.catalina.core.StandardEngine    : Starting Servlet engine: [Apache Tomcat/10.1.20]
2026-06-14T00:47:03.661+08:00  INFO 42060 --- [           main] o.a.c.c.C.[Tomcat].[localhost].[/]       : Initializing Spring embedded WebApplicationContext
2026-06-14T00:47:03.663+08:00  INFO 42060 --- [           main] w.s.c.ServletWebServerApplicationContext : Root WebApplicationContext: initialization completed in 2767 ms
Logging initialized using 'class org.apache.ibatis.logging.stdout.StdOutImpl' adapter.
Get /172.17.64.1 network interface 
Get network interface info: name:eth17 (Hyper-V Virtual Ethernet Adapter #2)
Initialization Sequence datacenterId:9 workerId:19
 _ _   |_  _ _|_. ___ _ |    _ 
| | |\/|_)(_| | |_\  |_)||_|_\ 
     /               |         
                        3.5.7 
2026-06-14T00:47:04.749+08:00  INFO 42060 --- [           main] com.zaxxer.hikari.HikariDataSource       : HikariPool-1 - Starting...
2026-06-14T00:47:05.171+08:00  INFO 42060 --- [           main] com.zaxxer.hikari.pool.HikariPool        : HikariPool-1 - Added connection com.mysql.cj.jdbc.ConnectionImpl@1e9d721
2026-06-14T00:47:05.172+08:00  INFO 42060 --- [           main] com.zaxxer.hikari.HikariDataSource       : HikariPool-1 - Start completed.
2026-06-14T00:47:05.262+08:00  INFO 42060 --- [           main] o.f.c.internal.license.VersionPrinter    : Flyway Community Edition 9.22.3 by Redgate
2026-06-14T00:47:05.262+08:00  INFO 42060 --- [           main] o.f.c.internal.license.VersionPrinter    : See release notes here: https://rd.gt/416ObMi
2026-06-14T00:47:05.263+08:00  INFO 42060 --- [           main] o.f.c.internal.license.VersionPrinter    : 
2026-06-14T00:47:05.282+08:00  INFO 42060 --- [           main] org.flywaydb.core.FlywayExecutor         : Database: jdbc:mysql://localhost:3306/cas (MySQL 8.0)
2026-06-14T00:47:05.335+08:00  INFO 42060 --- [           main] o.f.core.internal.command.DbValidate     : Successfully validated 2 migrations (execution time 00:00.026s)
2026-06-14T00:47:05.349+08:00  INFO 42060 --- [           main] o.f.core.internal.command.DbMigrate      : Current version of schema `cas`: 2
2026-06-14T00:47:05.360+08:00  INFO 42060 --- [           main] o.f.core.internal.command.DbMigrate      : Schema `cas` is up to date. No migration necessary.
2026-06-14T00:47:06.783+08:00  INFO 42060 --- [           main] o.s.s.web.DefaultSecurityFilterChain     : Will secure any request with [org.springframework.security.web.session.DisableEncodeUrlFilter@241abc2, org.springframework.security.web.context.request.async.WebAsyncManagerIntegrationFilter@7e5e7753, org.springframework.security.web.context.SecurityContextHolderFilter@4379fe2a, org.springframework.security.web.header.HeaderWriterFilter@7657d29f, org.springframework.web.filter.CorsFilter@389008d1, org.springframework.security.web.authentication.logout.LogoutFilter@9ba167e, com.cas.auth.JwtAuthenticationFilter@cf984d9, org.springframework.security.web.savedrequest.RequestCacheAwareFilter@2e27325d, org.springframework.security.web.servletapi.SecurityContextHolderAwareRequestFilter@7095b688, org.springframework.security.web.authentication.AnonymousAuthenticationFilter@11678469, org.springframework.security.web.session.SessionManagementFilter@5862ab28, org.springframework.security.web.access.ExceptionTranslationFilter@530bd77b, org.springframework.security.web.access.intercept.AuthorizationFilter@3c981f76]
2026-06-14T00:47:07.432+08:00  INFO 42060 --- [           main] o.s.b.w.embedded.tomcat.TomcatWebServer  : Tomcat started on port 60122 (http) with context path ''
2026-06-14T00:47:07.435+08:00  INFO 42060 --- [           main] o.s.a.r.c.CachingConnectionFactory       : Attempting to connect to: [localhost:5672]
2026-06-14T00:47:07.471+08:00  INFO 42060 --- [           main] o.s.a.r.c.CachingConnectionFactory       : Created new connection: rabbitConnectionFactory#5f8da82:0/SimpleConnection@cbd3871 [delegate=amqp://guest@127.0.0.1:5672/, localPort=60123]
2026-06-14T00:47:07.553+08:00  INFO 42060 --- [           main] com.cas.Phase10RemainingTest             : Started Phase10RemainingTest in 6.932 seconds (process running for 7.835)
Creating a new SqlSession
SqlSession [org.apache.ibatis.session.defaults.DefaultSqlSession@325567ce] was not registered for synchronization because synchronization is not active
JDBC Connection [HikariProxyConnection@1410819435 wrapping com.mysql.cj.jdbc.ConnectionImpl@1e9d721] will not be managed by Spring
==>  Preparing: UPDATE selection_campaign SET status=?, updated_at=? WHERE (status = ? AND start_time <= ?)
==> Parameters: ACTIVE(String), 2026-06-14T00:47:07.561020(LocalDateTime), PENDING(String), 2026-06-14T00:47:07.561020(LocalDateTime)
<==    Updates: 0
Closing non transactional SqlSession [org.apache.ibatis.session.defaults.DefaultSqlSession@325567ce]
Creating a new SqlSession
SqlSession [org.apache.ibatis.session.defaults.DefaultSqlSession@209d7675] was not registered for synchronization because synchronization is not active
JDBC Connection [HikariProxyConnection@1152605532 wrapping com.mysql.cj.jdbc.ConnectionImpl@1e9d721] will not be managed by Spring
==>  Preparing: UPDATE selection_campaign SET status=?, updated_at=? WHERE (status = ? AND end_time <= ?)
==> Parameters: ENDED(String), 2026-06-14T00:47:07.561020(LocalDateTime), ACTIVE(String), 2026-06-14T00:47:07.561020(LocalDateTime)
<==    Updates: 0
Closing non transactional SqlSession [org.apache.ibatis.session.defaults.DefaultSqlSession@209d7675]
2026-06-14T00:47:08.468+08:00  INFO 42060 --- [o-auto-1-exec-1] o.a.c.c.C.[Tomcat].[localhost].[/]       : Initializing Spring DispatcherServlet 'dispatcherServlet'
2026-06-14T00:47:08.468+08:00  INFO 42060 --- [o-auto-1-exec-1] o.s.web.servlet.DispatcherServlet        : Initializing Servlet 'dispatcherServlet'
2026-06-14T00:47:08.470+08:00  INFO 42060 --- [o-auto-1-exec-1] o.s.web.servlet.DispatcherServlet        : Completed initialization in 2 ms
Creating a new SqlSession
SqlSession [org.apache.ibatis.session.defaults.DefaultSqlSession@64e17dd] was not registered for synchronization because synchronization is not active
JDBC Connection [HikariProxyConnection@628721406 wrapping com.mysql.cj.jdbc.ConnectionImpl@1e9d721] will not be managed by Spring
==>  Preparing: SELECT id,username,password,real_name,role,student_id,department,major,grade,email,phone,avatar_url,status,created_at,updated_at FROM sys_user WHERE (username = ?)
==> Parameters: admin(String)
<==    Columns: id, username, password, real_name, role, student_id, department, major, grade, email, phone, avatar_url, status, created_at, updated_at
<==        Row: 1, admin, $2a$10$rFM116gu1rpNKmDODWIOsOoNbN1ihao.5eLRT/e90pHMi0HrlCG2e, 系统管理员, ADMIN, null, null, null, null, null, null, null, 1, 2026-06-11 23:42:45, 2026-06-11 23:42:45
<==      Total: 1
Closing non transactional SqlSession [org.apache.ibatis.session.defaults.DefaultSqlSession@64e17dd]
Creating a new SqlSession
SqlSession [org.apache.ibatis.session.defaults.DefaultSqlSession@38b941] was not registered for synchronization because synchronization is not active
JDBC Connection [HikariProxyConnection@2138026147 wrapping com.mysql.cj.jdbc.ConnectionImpl@1e9d721] will not be managed by Spring
==>  Preparing: SELECT COUNT( * ) AS total FROM course
==> Parameters: 
<==    Columns: total
<==        Row: 283
<==      Total: 1
Closing non transactional SqlSession [org.apache.ibatis.session.defaults.DefaultSqlSession@38b941]
Creating a new SqlSession
SqlSession [org.apache.ibatis.session.defaults.DefaultSqlSession@12df28ac] was not registered for synchronization because synchronization is not active
JDBC Connection [HikariProxyConnection@1426705685 wrapping com.mysql.cj.jdbc.ConnectionImpl@1e9d721] will not be managed by Spring
==>  Preparing: SELECT COUNT( * ) AS total FROM sys_user WHERE (role = ?)
==> Parameters: TEACHER(String)
<==    Columns: total
<==        Row: 5
<==      Total: 1
Closing non transactional SqlSession [org.apache.ibatis.session.defaults.DefaultSqlSession@12df28ac]
Creating a new SqlSession
SqlSession [org.apache.ibatis.session.defaults.DefaultSqlSession@15bda59e] was not registered for synchronization because synchronization is not active
JDBC Connection [HikariProxyConnection@29922113 wrapping com.mysql.cj.jdbc.ConnectionImpl@1e9d721] will not be managed by Spring
==>  Preparing: SELECT COUNT( * ) AS total FROM sys_user WHERE (role = ?)
==> Parameters: STUDENT(String)
<==    Columns: total
<==        Row: 5
<==      Total: 1
Closing non transactional SqlSession [org.apache.ibatis.session.defaults.DefaultSqlSession@15bda59e]
Creating a new SqlSession
SqlSession [org.apache.ibatis.session.defaults.DefaultSqlSession@64de3757] was not registered for synchronization because synchronization is not active
JDBC Connection [HikariProxyConnection@843919462 wrapping com.mysql.cj.jdbc.ConnectionImpl@1e9d721] will not be managed by Spring
==>  Preparing: SELECT COUNT( * ) AS total FROM enrollment
==> Parameters: 
<==    Columns: total
<==        Row: 4
<==      Total: 1
Closing non transactional SqlSession [org.apache.ibatis.session.defaults.DefaultSqlSession@64de3757]
]]></system-out>
  </testcase>
  <testcase name="should_mark_notification_read" classname="com.cas.Phase10RemainingTest" time="0.124">
    <system-out><![CDATA[Creating a new SqlSession
SqlSession [org.apache.ibatis.session.defaults.DefaultSqlSession@e77c9c3] was not registered for synchronization because synchronization is not active
JDBC Connection [HikariProxyConnection@1915216881 wrapping com.mysql.cj.jdbc.ConnectionImpl@1e9d721] will not be managed by Spring
==>  Preparing: SELECT id,username,password,real_name,role,student_id,department,major,grade,email,phone,avatar_url,status,created_at,updated_at FROM sys_user WHERE (username = ?)
==> Parameters: tch_rem(String)
<==    Columns: id, username, password, real_name, role, student_id, department, major, grade, email, phone, avatar_url, status, created_at, updated_at
<==        Row: 11, tch_rem, $2a$10$9jXjXubPbWASkiD5wxowo./vtp2MBvKfby6S3PgPKE.M6XgAfjibG, 剩余测试教师, TEACHER, null, 计算机学院, null, null, null, null, null, 1, 2026-06-12 00:03:31, 2026-06-12 00:03:31
<==      Total: 1
Closing non transactional SqlSession [org.apache.ibatis.session.defaults.DefaultSqlSession@e77c9c3]
Creating a new SqlSession
SqlSession [org.apache.ibatis.session.defaults.DefaultSqlSession@5a640f98] was not registered for synchronization because synchronization is not active
JDBC Connection [HikariProxyConnection@971046435 wrapping com.mysql.cj.jdbc.ConnectionImpl@1e9d721] will not be managed by Spring
==>  Preparing: SELECT id,username,password,real_name,role,student_id,department,major,grade,email,phone,avatar_url,status,created_at,updated_at FROM sys_user WHERE (username = ?)
==> Parameters: stu_rem(String)
<==    Columns: id, username, password, real_name, role, student_id, department, major, grade, email, phone, avatar_url, status, created_at, updated_at
<==        Row: 12, stu_rem, $2a$10$m2sgOz2Sk5LeAQLgr5dNR.LzFio6zUrjZAvANZ8vKsquK6kcCTrp2, 剩余测试学生, STUDENT, 20243001, 计算机学院, 计算机科学与技术, 2024, null, null, null, 1, 2026-06-12 00:03:31, 2026-06-12 00:03:31
<==      Total: 1
Closing non transactional SqlSession [org.apache.ibatis.session.defaults.DefaultSqlSession@5a640f98]
Creating a new SqlSession
SqlSession [org.apache.ibatis.session.defaults.DefaultSqlSession@246701d5] was not registered for synchronization because synchronization is not active
JDBC Connection [HikariProxyConnection@449376924 wrapping com.mysql.cj.jdbc.ConnectionImpl@1e9d721] will not be managed by Spring
==>  Preparing: SELECT id,username,password,real_name,role,student_id,department,major,grade,email,phone,avatar_url,status,created_at,updated_at FROM sys_user WHERE (username = ?)
==> Parameters: stu_rem(String)
<==    Columns: id, username, password, real_name, role, student_id, department, major, grade, email, phone, avatar_url, status, created_at, updated_at
<==        Row: 12, stu_rem, $2a$10$m2sgOz2Sk5LeAQLgr5dNR.LzFio6zUrjZAvANZ8vKsquK6kcCTrp2, 剩余测试学生, STUDENT, 20243001, 计算机学院, 计算机科学与技术, 2024, null, null, null, 1, 2026-06-12 00:03:31, 2026-06-12 00:03:31
<==      Total: 1
Closing non transactional SqlSession [org.apache.ibatis.session.defaults.DefaultSqlSession@246701d5]
Creating a new SqlSession
SqlSession [org.apache.ibatis.session.defaults.DefaultSqlSession@1a05426f] was not registered for synchronization because synchronization is not active
JDBC Connection [HikariProxyConnection@348307295 wrapping com.mysql.cj.jdbc.ConnectionImpl@1e9d721] will not be managed by Spring
==>  Preparing: SELECT id,username,password,real_name,role,student_id,department,major,grade,email,phone,avatar_url,status,created_at,updated_at FROM sys_user WHERE (username = ?)
==> Parameters: stu_rem(String)
<==    Columns: id, username, password, real_name, role, student_id, department, major, grade, email, phone, avatar_url, status, created_at, updated_at
<==        Row: 12, stu_rem, $2a$10$m2sgOz2Sk5LeAQLgr5dNR.LzFio6zUrjZAvANZ8vKsquK6kcCTrp2, 剩余测试学生, STUDENT, 20243001, 计算机学院, 计算机科学与技术, 2024, null, null, null, 1, 2026-06-12 00:03:31, 2026-06-12 00:03:31
<==      Total: 1
Closing non transactional SqlSession [org.apache.ibatis.session.defaults.DefaultSqlSession@1a05426f]
Creating a new SqlSession
SqlSession [org.apache.ibatis.session.defaults.DefaultSqlSession@404a7c61] was not registered for synchronization because synchronization is not active
JDBC Connection [HikariProxyConnection@497677388 wrapping com.mysql.cj.jdbc.ConnectionImpl@1e9d721] will not be managed by Spring
==>  Preparing: INSERT INTO notification ( user_id, type, title, content, is_read, created_at ) VALUES ( ?, ?, ?, ?, ?, ? )
==> Parameters: 12(Long), SYSTEM(String), 已读测试(String), 已读测试内容(String), 0(Integer), 2026-06-14T00:47:09.426796600(LocalDateTime)
<==    Updates: 1
Closing non transactional SqlSession [org.apache.ibatis.session.defaults.DefaultSqlSession@404a7c61]
Creating a new SqlSession
SqlSession [org.apache.ibatis.session.defaults.DefaultSqlSession@228d5698] was not registered for synchronization because synchronization is not active
JDBC Connection [HikariProxyConnection@1954809030 wrapping com.mysql.cj.jdbc.ConnectionImpl@1e9d721] will not be managed by Spring
==>  Preparing: SELECT id,user_id,type,title,content,course_name,is_read,created_at FROM notification WHERE id=?
==> Parameters: 41(Long)
<==    Columns: id, user_id, type, title, content, course_name, is_read, created_at
<==        Row: 41, 12, SYSTEM, 已读测试, <<BLOB>>, null, 0, 2026-06-14 00:47:09
<==      Total: 1
Closing non transactional SqlSession [org.apache.ibatis.session.defaults.DefaultSqlSession@228d5698]
Creating a new SqlSession
SqlSession [org.apache.ibatis.session.defaults.DefaultSqlSession@417c57cb] was not registered for synchronization because synchronization is not active
JDBC Connection [HikariProxyConnection@160293098 wrapping com.mysql.cj.jdbc.ConnectionImpl@1e9d721] will not be managed by Spring
==>  Preparing: UPDATE notification SET user_id=?, type=?, title=?, content=?, is_read=?, created_at=? WHERE id=?
==> Parameters: 12(Long), SYSTEM(String), 已读测试(String), 已读测试内容(String), 1(Integer), 2026-06-14T00:47:09(LocalDateTime), 41(Long)
<==    Updates: 1
Closing non transactional SqlSession [org.apache.ibatis.session.defaults.DefaultSqlSession@417c57cb]
Creating a new SqlSession
SqlSession [org.apache.ibatis.session.defaults.DefaultSqlSession@68226b59] was not registered for synchronization because synchronization is not active
JDBC Connection [HikariProxyConnection@913577547 wrapping com.mysql.cj.jdbc.ConnectionImpl@1e9d721] will not be managed by Spring
==>  Preparing: SELECT id,user_id,type,title,content,course_name,is_read,created_at FROM notification WHERE id=?
==> Parameters: 41(Long)
<==    Columns: id, user_id, type, title, content, course_name, is_read, created_at
<==        Row: 41, 12, SYSTEM, 已读测试, <<BLOB>>, null, 1, 2026-06-14 00:47:09
<==      Total: 1
Closing non transactional SqlSession [org.apache.ibatis.session.defaults.DefaultSqlSession@68226b59]
]]></system-out>
  </testcase>
  <testcase name="should_list_notifications" classname="com.cas.Phase10RemainingTest" time="0.128">
    <system-out><![CDATA[Creating a new SqlSession
SqlSession [org.apache.ibatis.session.defaults.DefaultSqlSession@5d27a744] was not registered for synchronization because synchronization is not active
JDBC Connection [HikariProxyConnection@559210048 wrapping com.mysql.cj.jdbc.ConnectionImpl@1e9d721] will not be managed by Spring
==>  Preparing: SELECT id,username,password,real_name,role,student_id,department,major,grade,email,phone,avatar_url,status,created_at,updated_at FROM sys_user WHERE (username = ?)
==> Parameters: tch_rem(String)
<==    Columns: id, username, password, real_name, role, student_id, department, major, grade, email, phone, avatar_url, status, created_at, updated_at
<==        Row: 11, tch_rem, $2a$10$9jXjXubPbWASkiD5wxowo./vtp2MBvKfby6S3PgPKE.M6XgAfjibG, 剩余测试教师, TEACHER, null, 计算机学院, null, null, null, null, null, 1, 2026-06-12 00:03:31, 2026-06-12 00:03:31
<==      Total: 1
Closing non transactional SqlSession [org.apache.ibatis.session.defaults.DefaultSqlSession@5d27a744]
Creating a new SqlSession
SqlSession [org.apache.ibatis.session.defaults.DefaultSqlSession@15d04c41] was not registered for synchronization because synchronization is not active
JDBC Connection [HikariProxyConnection@694735808 wrapping com.mysql.cj.jdbc.ConnectionImpl@1e9d721] will not be managed by Spring
==>  Preparing: SELECT id,username,password,real_name,role,student_id,department,major,grade,email,phone,avatar_url,status,created_at,updated_at FROM sys_user WHERE (username = ?)
==> Parameters: stu_rem(String)
<==    Columns: id, username, password, real_name, role, student_id, department, major, grade, email, phone, avatar_url, status, created_at, updated_at
<==        Row: 12, stu_rem, $2a$10$m2sgOz2Sk5LeAQLgr5dNR.LzFio6zUrjZAvANZ8vKsquK6kcCTrp2, 剩余测试学生, STUDENT, 20243001, 计算机学院, 计算机科学与技术, 2024, null, null, null, 1, 2026-06-12 00:03:31, 2026-06-12 00:03:31
<==      Total: 1
Closing non transactional SqlSession [org.apache.ibatis.session.defaults.DefaultSqlSession@15d04c41]
Creating a new SqlSession
SqlSession [org.apache.ibatis.session.defaults.DefaultSqlSession@5536542e] was not registered for synchronization because synchronization is not active
JDBC Connection [HikariProxyConnection@2007135062 wrapping com.mysql.cj.jdbc.ConnectionImpl@1e9d721] will not be managed by Spring
==>  Preparing: SELECT id,username,password,real_name,role,student_id,department,major,grade,email,phone,avatar_url,status,created_at,updated_at FROM sys_user WHERE (username = ?)
==> Parameters: stu_rem(String)
<==    Columns: id, username, password, real_name, role, student_id, department, major, grade, email, phone, avatar_url, status, created_at, updated_at
<==        Row: 12, stu_rem, $2a$10$m2sgOz2Sk5LeAQLgr5dNR.LzFio6zUrjZAvANZ8vKsquK6kcCTrp2, 剩余测试学生, STUDENT, 20243001, 计算机学院, 计算机科学与技术, 2024, null, null, null, 1, 2026-06-12 00:03:31, 2026-06-12 00:03:31
<==      Total: 1
Closing non transactional SqlSession [org.apache.ibatis.session.defaults.DefaultSqlSession@5536542e]
Creating a new SqlSession
SqlSession [org.apache.ibatis.session.defaults.DefaultSqlSession@6bbdbfc7] was not registered for synchronization because synchronization is not active
JDBC Connection [HikariProxyConnection@1702513856 wrapping com.mysql.cj.jdbc.ConnectionImpl@1e9d721] will not be managed by Spring
==>  Preparing: SELECT id,username,password,real_name,role,student_id,department,major,grade,email,phone,avatar_url,status,created_at,updated_at FROM sys_user WHERE (username = ?)
==> Parameters: stu_rem(String)
<==    Columns: id, username, password, real_name, role, student_id, department, major, grade, email, phone, avatar_url, status, created_at, updated_at
<==        Row: 12, stu_rem, $2a$10$m2sgOz2Sk5LeAQLgr5dNR.LzFio6zUrjZAvANZ8vKsquK6kcCTrp2, 剩余测试学生, STUDENT, 20243001, 计算机学院, 计算机科学与技术, 2024, null, null, null, 1, 2026-06-12 00:03:31, 2026-06-12 00:03:31
<==      Total: 1
Closing non transactional SqlSession [org.apache.ibatis.session.defaults.DefaultSqlSession@6bbdbfc7]
Creating a new SqlSession
SqlSession [org.apache.ibatis.session.defaults.DefaultSqlSession@654ab198] was not registered for synchronization because synchronization is not active
JDBC Connection [HikariProxyConnection@112407713 wrapping com.mysql.cj.jdbc.ConnectionImpl@1e9d721] will not be managed by Spring
==>  Preparing: INSERT INTO notification ( user_id, type, title, content, course_name, is_read, created_at ) VALUES ( ?, ?, ?, ?, ?, ?, ? )
==> Parameters: 12(Long), SYSTEM(String), 系统通知标题(String), 系统通知内容(String), 测试课程(String), 0(Integer), 2026-06-14T00:47:09.542310700(LocalDateTime)
<==    Updates: 1
Closing non transactional SqlSession [org.apache.ibatis.session.defaults.DefaultSqlSession@654ab198]
Creating a new SqlSession
SqlSession [org.apache.ibatis.session.defaults.DefaultSqlSession@4b6041ce] was not registered for synchronization because synchronization is not active
JDBC Connection [HikariProxyConnection@51321433 wrapping com.mysql.cj.jdbc.ConnectionImpl@1e9d721] will not be managed by Spring
==>  Preparing: SELECT id,user_id,type,title,content,course_name,is_read,created_at FROM notification WHERE (user_id = ?) ORDER BY created_at DESC
==> Parameters: 12(Long)
<==    Columns: id, user_id, type, title, content, course_name, is_read, created_at
<==        Row: 42, 12, SYSTEM, 系统通知标题, <<BLOB>>, 测试课程, 0, 2026-06-14 00:47:10
<==        Row: 41, 12, SYSTEM, 已读测试, <<BLOB>>, null, 1, 2026-06-14 00:47:09
<==        Row: 39, 12, SYSTEM, 系统通知标题, <<BLOB>>, 测试课程, 0, 2026-06-14 00:17:53
<==        Row: 38, 12, SYSTEM, 已读测试, <<BLOB>>, null, 1, 2026-06-14 00:17:53
<==        Row: 35, 12, SYSTEM, 系统通知标题, <<BLOB>>, 测试课程, 0, 2026-06-13 22:34:30
<==        Row: 34, 12, SYSTEM, 已读测试, <<BLOB>>, null, 1, 2026-06-13 22:34:30
<==        Row: 32, 12, SYSTEM, 系统通知标题, <<BLOB>>, 测试课程, 0, 2026-06-13 19:49:12
<==        Row: 31, 12, SYSTEM, 已读测试, <<BLOB>>, null, 1, 2026-06-13 19:49:12
<==        Row: 29, 12, SYSTEM, 系统通知标题, <<BLOB>>, 测试课程, 0, 2026-06-13 19:41:07
<==        Row: 28, 12, SYSTEM, 已读测试, <<BLOB>>, null, 1, 2026-06-13 19:41:07
<==        Row: 27, 12, SYSTEM, 系统通知标题, <<BLOB>>, 测试课程, 0, 2026-06-13 19:38:58
<==        Row: 26, 12, SYSTEM, 已读测试, <<BLOB>>, null, 1, 2026-06-13 19:38:58
<==        Row: 25, 12, SYSTEM, 系统通知标题, <<BLOB>>, 测试课程, 0, 2026-06-13 19:38:18
<==        Row: 24, 12, SYSTEM, 已读测试, <<BLOB>>, null, 1, 2026-06-13 19:38:18
<==        Row: 22, 12, SYSTEM, 系统通知标题, <<BLOB>>, 测试课程, 0, 2026-06-12 01:20:32
<==        Row: 21, 12, SYSTEM, 已读测试, <<BLOB>>, null, 1, 2026-06-12 01:20:32
<==        Row: 20, 12, SYSTEM, 系统通知标题, <<BLOB>>, 测试课程, 0, 2026-06-12 00:49:10
<==        Row: 19, 12, SYSTEM, 已读测试, <<BLOB>>, null, 1, 2026-06-12 00:49:10
<==        Row: 18, 12, SYSTEM, 系统通知标题, <<BLOB>>, 测试课程, 0, 2026-06-12 00:44:56
<==        Row: 17, 12, SYSTEM, 已读测试, <<BLOB>>, null, 1, 2026-06-12 00:44:56
<==        Row: 16, 12, SYSTEM, 系统通知标题, <<BLOB>>, 测试课程, 0, 2026-06-12 00:34:18
<==        Row: 15, 12, SYSTEM, 已读测试, <<BLOB>>, null, 1, 2026-06-12 00:34:18
<==        Row: 14, 12, SYSTEM, 系统通知标题, <<BLOB>>, 测试课程, 0, 2026-06-12 00:33:44
<==        Row: 13, 12, SYSTEM, 已读测试, <<BLOB>>, null, 1, 2026-06-12 00:33:43
<==        Row: 12, 12, SYSTEM, 系统通知标题, <<BLOB>>, 测试课程, 0, 2026-06-12 00:20:06
<==        Row: 11, 12, SYSTEM, 已读测试, <<BLOB>>, null, 1, 2026-06-12 00:20:06
<==        Row: 10, 12, SYSTEM, 系统通知标题, <<BLOB>>, 测试课程, 0, 2026-06-12 00:17:04
<==        Row: 9, 12, SYSTEM, 已读测试, <<BLOB>>, null, 1, 2026-06-12 00:17:04
<==        Row: 8, 12, SYSTEM, 系统通知标题, <<BLOB>>, 测试课程, 0, 2026-06-12 00:16:13
<==        Row: 7, 12, SYSTEM, 已读测试, <<BLOB>>, null, 1, 2026-06-12 00:16:13
<==        Row: 6, 12, SYSTEM, 系统通知标题, <<BLOB>>, 测试课程, 0, 2026-06-12 00:15:36
<==        Row: 5, 12, SYSTEM, 已读测试, <<BLOB>>, null, 1, 2026-06-12 00:15:35
<==        Row: 4, 12, SYSTEM, 系统通知标题, <<BLOB>>, 测试课程, 0, 2026-06-12 00:03:58
<==        Row: 3, 12, SYSTEM, 已读测试, <<BLOB>>, null, 1, 2026-06-12 00:03:58
<==        Row: 2, 12, SYSTEM, 系统通知标题, <<BLOB>>, 测试课程, 0, 2026-06-12 00:03:31
<==        Row: 1, 12, SYSTEM, 已读测试, <<BLOB>>, null, 1, 2026-06-12 00:03:31
<==      Total: 36
Closing non transactional SqlSession [org.apache.ibatis.session.defaults.DefaultSqlSession@4b6041ce]
]]></system-out>
  </testcase>
  <testcase name="should_list_teacher_courses" classname="com.cas.Phase10RemainingTest" time="0.083">
    <system-out><![CDATA[Creating a new SqlSession
SqlSession [org.apache.ibatis.session.defaults.DefaultSqlSession@4b20b431] was not registered for synchronization because synchronization is not active
JDBC Connection [HikariProxyConnection@1183276974 wrapping com.mysql.cj.jdbc.ConnectionImpl@1e9d721] will not be managed by Spring
==>  Preparing: SELECT id,username,password,real_name,role,student_id,department,major,grade,email,phone,avatar_url,status,created_at,updated_at FROM sys_user WHERE (username = ?)
==> Parameters: tch_rem(String)
<==    Columns: id, username, password, real_name, role, student_id, department, major, grade, email, phone, avatar_url, status, created_at, updated_at
<==        Row: 11, tch_rem, $2a$10$9jXjXubPbWASkiD5wxowo./vtp2MBvKfby6S3PgPKE.M6XgAfjibG, 剩余测试教师, TEACHER, null, 计算机学院, null, null, null, null, null, 1, 2026-06-12 00:03:31, 2026-06-12 00:03:31
<==      Total: 1
Closing non transactional SqlSession [org.apache.ibatis.session.defaults.DefaultSqlSession@4b20b431]
Creating a new SqlSession
SqlSession [org.apache.ibatis.session.defaults.DefaultSqlSession@432fca40] was not registered for synchronization because synchronization is not active
JDBC Connection [HikariProxyConnection@1993452793 wrapping com.mysql.cj.jdbc.ConnectionImpl@1e9d721] will not be managed by Spring
==>  Preparing: SELECT id,username,password,real_name,role,student_id,department,major,grade,email,phone,avatar_url,status,created_at,updated_at FROM sys_user WHERE (username = ?)
==> Parameters: stu_rem(String)
<==    Columns: id, username, password, real_name, role, student_id, department, major, grade, email, phone, avatar_url, status, created_at, updated_at
<==        Row: 12, stu_rem, $2a$10$m2sgOz2Sk5LeAQLgr5dNR.LzFio6zUrjZAvANZ8vKsquK6kcCTrp2, 剩余测试学生, STUDENT, 20243001, 计算机学院, 计算机科学与技术, 2024, null, null, null, 1, 2026-06-12 00:03:31, 2026-06-12 00:03:31
<==      Total: 1
Closing non transactional SqlSession [org.apache.ibatis.session.defaults.DefaultSqlSession@432fca40]
Creating a new SqlSession
SqlSession [org.apache.ibatis.session.defaults.DefaultSqlSession@1ef01b19] was not registered for synchronization because synchronization is not active
JDBC Connection [HikariProxyConnection@272103095 wrapping com.mysql.cj.jdbc.ConnectionImpl@1e9d721] will not be managed by Spring
==>  Preparing: SELECT id,username,password,real_name,role,student_id,department,major,grade,email,phone,avatar_url,status,created_at,updated_at FROM sys_user WHERE (username = ?)
==> Parameters: tch_rem(String)
<==    Columns: id, username, password, real_name, role, student_id, department, major, grade, email, phone, avatar_url, status, created_at, updated_at
<==        Row: 11, tch_rem, $2a$10$9jXjXubPbWASkiD5wxowo./vtp2MBvKfby6S3PgPKE.M6XgAfjibG, 剩余测试教师, TEACHER, null, 计算机学院, null, null, null, null, null, 1, 2026-06-12 00:03:31, 2026-06-12 00:03:31
<==      Total: 1
Closing non transactional SqlSession [org.apache.ibatis.session.defaults.DefaultSqlSession@1ef01b19]
Creating a new SqlSession
SqlSession [org.apache.ibatis.session.defaults.DefaultSqlSession@4d1666ea] was not registered for synchronization because synchronization is not active
JDBC Connection [HikariProxyConnection@1407616005 wrapping com.mysql.cj.jdbc.ConnectionImpl@1e9d721] will not be managed by Spring
==>  Preparing: SELECT id,semester_id,course_id,teacher_id,max_capacity,min_enrollment,enrolled_count,open_grade,open_major,location,schedule,status,created_at,updated_at FROM course_offering WHERE (teacher_id = ?)
==> Parameters: 11(Long)
<==      Total: 0
Closing non transactional SqlSession [org.apache.ibatis.session.defaults.DefaultSqlSession@4d1666ea]
]]></system-out>
  </testcase>
  <testcase name="should_get_trend" classname="com.cas.Phase10RemainingTest" time="0.084">
    <system-out><![CDATA[Creating a new SqlSession
SqlSession [org.apache.ibatis.session.defaults.DefaultSqlSession@66aba0dd] was not registered for synchronization because synchronization is not active
JDBC Connection [HikariProxyConnection@1751925368 wrapping com.mysql.cj.jdbc.ConnectionImpl@1e9d721] will not be managed by Spring
==>  Preparing: SELECT id,username,password,real_name,role,student_id,department,major,grade,email,phone,avatar_url,status,created_at,updated_at FROM sys_user WHERE (username = ?)
==> Parameters: admin(String)
<==    Columns: id, username, password, real_name, role, student_id, department, major, grade, email, phone, avatar_url, status, created_at, updated_at
<==        Row: 1, admin, $2a$10$rFM116gu1rpNKmDODWIOsOoNbN1ihao.5eLRT/e90pHMi0HrlCG2e, 系统管理员, ADMIN, null, null, null, null, null, null, null, 1, 2026-06-11 23:42:45, 2026-06-11 23:42:45
<==      Total: 1
Closing non transactional SqlSession [org.apache.ibatis.session.defaults.DefaultSqlSession@66aba0dd]
Creating a new SqlSession
SqlSession [org.apache.ibatis.session.defaults.DefaultSqlSession@72fef627] was not registered for synchronization because synchronization is not active
JDBC Connection [HikariProxyConnection@124807731 wrapping com.mysql.cj.jdbc.ConnectionImpl@1e9d721] will not be managed by Spring
==>  Preparing: SELECT id,name,academic_year,semester_type,start_date,end_date,status,created_at,updated_at FROM semester WHERE (status = ?)
==> Parameters: ACTIVE(String)
<==    Columns: id, name, academic_year, semester_type, start_date, end_date, status, created_at, updated_at
<==        Row: 433, 审核测试学期2, 2025-2026, SECOND, 2026-02-15, 2026-07-15, ACTIVE, 2026-06-14 00:18:08, 2026-06-14 00:18:09
<==      Total: 1
Closing non transactional SqlSession [org.apache.ibatis.session.defaults.DefaultSqlSession@72fef627]
Creating a new SqlSession
SqlSession [org.apache.ibatis.session.defaults.DefaultSqlSession@53ec0353] was not registered for synchronization because synchronization is not active
JDBC Connection [HikariProxyConnection@1464457967 wrapping com.mysql.cj.jdbc.ConnectionImpl@1e9d721] will not be managed by Spring
==>  Preparing: SELECT id,semester_id,course_id,teacher_id,max_capacity,min_enrollment,enrolled_count,open_grade,open_major,location,schedule,status,created_at,updated_at FROM course_offering WHERE (semester_id = ?)
==> Parameters: 433(Long)
<==    Columns: id, semester_id, course_id, teacher_id, max_capacity, min_enrollment, enrolled_count, open_grade, open_major, location, schedule, status, created_at, updated_at
<==        Row: 230, 433, 302, 18, 60, 5, 0, null, null, null, null, REJECTED, 2026-06-14 00:18:09, 2026-06-14 00:18:09
<==        Row: 231, 433, 287, 1, 50, 10, 0, , , 123, 123, PENDING, 2026-06-14 00:19:25, 2026-06-14 00:19:25
<==      Total: 2
Closing non transactional SqlSession [org.apache.ibatis.session.defaults.DefaultSqlSession@53ec0353]
Creating a new SqlSession
SqlSession [org.apache.ibatis.session.defaults.DefaultSqlSession@4da50dd6] was not registered for synchronization because synchronization is not active
JDBC Connection [HikariProxyConnection@151101706 wrapping com.mysql.cj.jdbc.ConnectionImpl@1e9d721] will not be managed by Spring
==>  Preparing: SELECT id,campaign_id,offering_id,student_id,status,enrolled_at,reviewed_at,created_at,updated_at FROM enrollment WHERE (offering_id IN (?,?)) ORDER BY enrolled_at ASC
==> Parameters: 230(Long), 231(Long)
<==      Total: 0
Closing non transactional SqlSession [org.apache.ibatis.session.defaults.DefaultSqlSession@4da50dd6]
]]></system-out>
  </testcase>
  <testcase name="should_get_top_courses" classname="com.cas.Phase10RemainingTest" time="0.089">
    <system-out><![CDATA[Creating a new SqlSession
SqlSession [org.apache.ibatis.session.defaults.DefaultSqlSession@6087f4e3] was not registered for synchronization because synchronization is not active
JDBC Connection [HikariProxyConnection@1128124849 wrapping com.mysql.cj.jdbc.ConnectionImpl@1e9d721] will not be managed by Spring
==>  Preparing: SELECT id,username,password,real_name,role,student_id,department,major,grade,email,phone,avatar_url,status,created_at,updated_at FROM sys_user WHERE (username = ?)
==> Parameters: admin(String)
<==    Columns: id, username, password, real_name, role, student_id, department, major, grade, email, phone, avatar_url, status, created_at, updated_at
<==        Row: 1, admin, $2a$10$rFM116gu1rpNKmDODWIOsOoNbN1ihao.5eLRT/e90pHMi0HrlCG2e, 系统管理员, ADMIN, null, null, null, null, null, null, null, 1, 2026-06-11 23:42:45, 2026-06-11 23:42:45
<==      Total: 1
Closing non transactional SqlSession [org.apache.ibatis.session.defaults.DefaultSqlSession@6087f4e3]
Creating a new SqlSession
SqlSession [org.apache.ibatis.session.defaults.DefaultSqlSession@7bb4a26a] was not registered for synchronization because synchronization is not active
JDBC Connection [HikariProxyConnection@1741367675 wrapping com.mysql.cj.jdbc.ConnectionImpl@1e9d721] will not be managed by Spring
==>  Preparing: SELECT id,name,academic_year,semester_type,start_date,end_date,status,created_at,updated_at FROM semester WHERE (status = ?)
==> Parameters: ACTIVE(String)
<==    Columns: id, name, academic_year, semester_type, start_date, end_date, status, created_at, updated_at
<==        Row: 433, 审核测试学期2, 2025-2026, SECOND, 2026-02-15, 2026-07-15, ACTIVE, 2026-06-14 00:18:08, 2026-06-14 00:18:09
<==      Total: 1
Closing non transactional SqlSession [org.apache.ibatis.session.defaults.DefaultSqlSession@7bb4a26a]
Creating a new SqlSession
SqlSession [org.apache.ibatis.session.defaults.DefaultSqlSession@18a4f1b6] was not registered for synchronization because synchronization is not active
JDBC Connection [HikariProxyConnection@639271720 wrapping com.mysql.cj.jdbc.ConnectionImpl@1e9d721] will not be managed by Spring
==>  Preparing: SELECT id,semester_id,course_id,teacher_id,max_capacity,min_enrollment,enrolled_count,open_grade,open_major,location,schedule,status,created_at,updated_at FROM course_offering WHERE (semester_id = ?)
==> Parameters: 433(Long)
<==    Columns: id, semester_id, course_id, teacher_id, max_capacity, min_enrollment, enrolled_count, open_grade, open_major, location, schedule, status, created_at, updated_at
<==        Row: 230, 433, 302, 18, 60, 5, 0, null, null, null, null, REJECTED, 2026-06-14 00:18:09, 2026-06-14 00:18:09
<==        Row: 231, 433, 287, 1, 50, 10, 0, , , 123, 123, PENDING, 2026-06-14 00:19:25, 2026-06-14 00:19:25
<==      Total: 2
Closing non transactional SqlSession [org.apache.ibatis.session.defaults.DefaultSqlSession@18a4f1b6]
Creating a new SqlSession
SqlSession [org.apache.ibatis.session.defaults.DefaultSqlSession@772cf132] was not registered for synchronization because synchronization is not active
JDBC Connection [HikariProxyConnection@2055149201 wrapping com.mysql.cj.jdbc.ConnectionImpl@1e9d721] will not be managed by Spring
==>  Preparing: SELECT id,code,name,type,credits,hours,description,created_at,updated_at FROM course WHERE id=?
==> Parameters: 302(Long)
<==    Columns: id, code, name, type, credits, hours, description, created_at, updated_at
<==        Row: 302, REVW21781367488549, 审核测试课程2, ELECTIVE_GENERAL, 2.0, 32, <<BLOB>>, 2026-06-14 00:18:09, 2026-06-14 00:18:09
<==      Total: 1
Closing non transactional SqlSession [org.apache.ibatis.session.defaults.DefaultSqlSession@772cf132]
Creating a new SqlSession
SqlSession [org.apache.ibatis.session.defaults.DefaultSqlSession@4c10a071] was not registered for synchronization because synchronization is not active
JDBC Connection [HikariProxyConnection@798274161 wrapping com.mysql.cj.jdbc.ConnectionImpl@1e9d721] will not be managed by Spring
==>  Preparing: SELECT id,code,name,type,credits,hours,description,created_at,updated_at FROM course WHERE id=?
==> Parameters: 287(Long)
<==    Columns: id, code, name, type, credits, hours, description, created_at, updated_at
<==        Row: 287, CS1781367476612, 计算机导论, REQUIRED, 3.0, 48, <<BLOB>>, 2026-06-14 00:17:57, 2026-06-14 00:17:57
<==      Total: 1
Closing non transactional SqlSession [org.apache.ibatis.session.defaults.DefaultSqlSession@4c10a071]
]]></system-out>
  </testcase>
</testsuite>